Calling target program-options parser
[15:47:17.062] [bmv2] [D] [thread 2559] Set default default entry for table 'MyIngress.ipv4_lpm': NoAction - 
Adding interface s3-eth1 as port 1
[15:47:17.063] [bmv2] [D] [thread 2559] Adding interface s3-eth1 as port 1
Adding interface s3-eth2 as port 2
[15:47:17.071] [bmv2] [D] [thread 2559] Adding interface s3-eth2 as port 2
Server listening on 0.0.0.0:50053
[15:47:17.078] [bmv2] [I] [thread 2559] Starting Thrift server on port 9092
[15:47:17.078] [bmv2] [I] [thread 2559] Thrift server was started
[15:47:17.109] [bmv2] [D] [thread 2569] [0.0] [cxt 0] Processing packet received on port 2
[15:47:17.109] [bmv2] [D] [thread 2569] [0.0] [cxt 0] Parser 'parser': start
[15:47:17.109] [bmv2] [D] [thread 2569] [0.0] [cxt 0] Parser 'parser' entering state 'start'
[15:47:17.109] [bmv2] [D] [thread 2569] [0.0] [cxt 0] Parser state 'start' has no switch, going to default next state
[15:47:17.109] [bmv2] [T] [thread 2569] [0.0] [cxt 0] Bytes parsed: 0
[15:47:17.109] [bmv2] [D] [thread 2569] [0.0] [cxt 0] Parser 'parser': end
[15:47:17.109] [bmv2] [D] [thread 2569] [0.0] [cxt 0] Pipeline 'ingress': start
[15:47:17.110] [bmv2] [T] [thread 2569] [0.0] [cxt 0] Applying table 'MyIngress.ipv4_lpm'
[15:47:17.110] [bmv2] [D] [thread 2569] [0.0] [cxt 0] Looking up key:
* hdr.ipv4.dstAddr    : 00000000

[15:47:17.110] [bmv2] [D] [thread 2569] [0.0] [cxt 0] Table 'MyIngress.ipv4_lpm': miss
[15:47:17.110] [bmv2] [D] [thread 2569] [0.0] [cxt 0] Action entry is NoAction - 
[15:47:17.110] [bmv2] [T] [thread 2569] [0.0] [cxt 0] Action NoAction
[15:47:17.110] [bmv2] [D] [thread 2569] [0.0] [cxt 0] Pipeline 'ingress': end
[15:47:17.110] [bmv2] [D] [thread 2569] [0.0] [cxt 0] Egress port is 0
[15:47:17.110] [bmv2] [D] [thread 2569] [1.0] [cxt 0] Processing packet received on port 2
[15:47:17.110] [bmv2] [D] [thread 2569] [1.0] [cxt 0] Parser 'parser': start
[15:47:17.110] [bmv2] [D] [thread 2569] [1.0] [cxt 0] Parser 'parser' entering state 'start'
[15:47:17.110] [bmv2] [D] [thread 2569] [1.0] [cxt 0] Parser state 'start' has no switch, going to default next state
[15:47:17.110] [bmv2] [T] [thread 2569] [1.0] [cxt 0] Bytes parsed: 0
[15:47:17.110] [bmv2] [D] [thread 2569] [1.0] [cxt 0] Parser 'parser': end
[15:47:17.110] [bmv2] [D] [thread 2569] [1.0] [cxt 0] Pipeline 'ingress': start
[15:47:17.110] [bmv2] [T] [thread 2569] [1.0] [cxt 0] Applying table 'MyIngress.ipv4_lpm'
[15:47:17.110] [bmv2] [D] [thread 2569] [1.0] [cxt 0] Looking up key:
* hdr.ipv4.dstAddr    : 00000000

[15:47:17.110] [bmv2] [D] [thread 2569] [1.0] [cxt 0] Table 'MyIngress.ipv4_lpm': miss
[15:47:17.110] [bmv2] [D] [thread 2569] [1.0] [cxt 0] Action entry is NoAction - 
[15:47:17.110] [bmv2] [T] [thread 2569] [1.0] [cxt 0] Action NoAction
[15:47:17.110] [bmv2] [D] [thread 2569] [1.0] [cxt 0] Pipeline 'ingress': end
[15:47:17.110] [bmv2] [D] [thread 2569] [1.0] [cxt 0] Egress port is 0
[15:47:17.110] [bmv2] [D] [thread 2570] [0.0] [cxt 0] Pipeline 'egress': start
[15:47:17.110] [bmv2] [D] [thread 2570] [0.0] [cxt 0] Pipeline 'egress': end
[15:47:17.110] [bmv2] [D] [thread 2570] [0.0] [cxt 0] Deparser 'deparser': start
[15:47:17.110] [bmv2] [T] [thread 2570] [0.0] [cxt 0] Skipping checksum 'cksum' update because condition not met
[15:47:17.110] [bmv2] [D] [thread 2570] [0.0] [cxt 0] Deparser 'deparser': end
[15:47:17.110] [bmv2] [D] [thread 2570] [1.0] [cxt 0] Pipeline 'egress': start
[15:47:17.110] [bmv2] [D] [thread 2570] [1.0] [cxt 0] Pipeline 'egress': end
[15:47:17.110] [bmv2] [D] [thread 2570] [1.0] [cxt 0] Deparser 'deparser': start
[15:47:17.110] [bmv2] [T] [thread 2570] [1.0] [cxt 0] Skipping checksum 'cksum' update because condition not met
[15:47:17.110] [bmv2] [D] [thread 2570] [1.0] [cxt 0] Deparser 'deparser': end
[15:47:17.110] [bmv2] [D] [thread 2574] [0.0] [cxt 0] Transmitting packet of size 90 out of port 0
[15:47:17.110] [bmv2] [D] [thread 2574] [1.0] [cxt 0] Transmitting packet of size 70 out of port 0
[15:47:17.119] [bmv2] [D] [thread 2569] [2.0] [cxt 0] Processing packet received on port 2
[15:47:17.119] [bmv2] [D] [thread 2569] [2.0] [cxt 0] Parser 'parser': start
[15:47:17.119] [bmv2] [D] [thread 2569] [2.0] [cxt 0] Parser 'parser' entering state 'start'
[15:47:17.119] [bmv2] [D] [thread 2569] [2.0] [cxt 0] Parser state 'start' has no switch, going to default next state
[15:47:17.119] [bmv2] [T] [thread 2569] [2.0] [cxt 0] Bytes parsed: 0
[15:47:17.119] [bmv2] [D] [thread 2569] [2.0] [cxt 0] Parser 'parser': end
[15:47:17.119] [bmv2] [D] [thread 2569] [2.0] [cxt 0] Pipeline 'ingress': start
[15:47:17.119] [bmv2] [T] [thread 2569] [2.0] [cxt 0] Applying table 'MyIngress.ipv4_lpm'
[15:47:17.119] [bmv2] [D] [thread 2569] [2.0] [cxt 0] Looking up key:
* hdr.ipv4.dstAddr    : 00000000

[15:47:17.119] [bmv2] [D] [thread 2569] [2.0] [cxt 0] Table 'MyIngress.ipv4_lpm': miss
[15:47:17.119] [bmv2] [D] [thread 2569] [2.0] [cxt 0] Action entry is NoAction - 
[15:47:17.119] [bmv2] [T] [thread 2569] [2.0] [cxt 0] Action NoAction
[15:47:17.119] [bmv2] [D] [thread 2569] [2.0] [cxt 0] Pipeline 'ingress': end
[15:47:17.119] [bmv2] [D] [thread 2569] [2.0] [cxt 0] Egress port is 0
[15:47:17.119] [bmv2] [D] [thread 2570] [2.0] [cxt 0] Pipeline 'egress': start
[15:47:17.119] [bmv2] [D] [thread 2570] [2.0] [cxt 0] Pipeline 'egress': end
[15:47:17.119] [bmv2] [D] [thread 2570] [2.0] [cxt 0] Deparser 'deparser': start
[15:47:17.119] [bmv2] [T] [thread 2570] [2.0] [cxt 0] Skipping checksum 'cksum' update because condition not met
[15:47:17.119] [bmv2] [D] [thread 2570] [2.0] [cxt 0] Deparser 'deparser': end
[15:47:17.119] [bmv2] [D] [thread 2574] [2.0] [cxt 0] Transmitting packet of size 90 out of port 0
[15:47:17.142] [bmv2] [D] [thread 2569] [3.0] [cxt 0] Processing packet received on port 2
[15:47:17.142] [bmv2] [D] [thread 2569] [3.0] [cxt 0] Parser 'parser': start
[15:47:17.142] [bmv2] [D] [thread 2569] [3.0] [cxt 0] Parser 'parser' entering state 'start'
[15:47:17.142] [bmv2] [D] [thread 2569] [3.0] [cxt 0] Parser state 'start' has no switch, going to default next state
[15:47:17.142] [bmv2] [T] [thread 2569] [3.0] [cxt 0] Bytes parsed: 0
[15:47:17.142] [bmv2] [D] [thread 2569] [3.0] [cxt 0] Parser 'parser': end
[15:47:17.142] [bmv2] [D] [thread 2569] [3.0] [cxt 0] Pipeline 'ingress': start
[15:47:17.142] [bmv2] [T] [thread 2569] [3.0] [cxt 0] Applying table 'MyIngress.ipv4_lpm'
[15:47:17.142] [bmv2] [D] [thread 2569] [3.0] [cxt 0] Looking up key:
* hdr.ipv4.dstAddr    : 00000000

[15:47:17.142] [bmv2] [D] [thread 2569] [3.0] [cxt 0] Table 'MyIngress.ipv4_lpm': miss
[15:47:17.142] [bmv2] [D] [thread 2569] [3.0] [cxt 0] Action entry is NoAction - 
[15:47:17.142] [bmv2] [T] [thread 2569] [3.0] [cxt 0] Action NoAction
[15:47:17.142] [bmv2] [D] [thread 2569] [3.0] [cxt 0] Pipeline 'ingress': end
[15:47:17.142] [bmv2] [D] [thread 2569] [3.0] [cxt 0] Egress port is 0
[15:47:17.142] [bmv2] [D] [thread 2570] [3.0] [cxt 0] Pipeline 'egress': start
[15:47:17.142] [bmv2] [D] [thread 2570] [3.0] [cxt 0] Pipeline 'egress': end
[15:47:17.142] [bmv2] [D] [thread 2570] [3.0] [cxt 0] Deparser 'deparser': start
[15:47:17.142] [bmv2] [T] [thread 2570] [3.0] [cxt 0] Skipping checksum 'cksum' update because condition not met
[15:47:17.142] [bmv2] [D] [thread 2570] [3.0] [cxt 0] Deparser 'deparser': end
[15:47:17.142] [bmv2] [D] [thread 2574] [3.0] [cxt 0] Transmitting packet of size 203 out of port 0
[15:47:17.151] [bmv2] [D] [thread 2569] [4.0] [cxt 0] Processing packet received on port 2
[15:47:17.151] [bmv2] [D] [thread 2569] [4.0] [cxt 0] Parser 'parser': start
[15:47:17.151] [bmv2] [D] [thread 2569] [4.0] [cxt 0] Parser 'parser' entering state 'start'
[15:47:17.151] [bmv2] [D] [thread 2569] [4.0] [cxt 0] Parser state 'start' has no switch, going to default next state
[15:47:17.151] [bmv2] [T] [thread 2569] [4.0] [cxt 0] Bytes parsed: 0
[15:47:17.151] [bmv2] [D] [thread 2569] [4.0] [cxt 0] Parser 'parser': end
[15:47:17.151] [bmv2] [D] [thread 2569] [4.0] [cxt 0] Pipeline 'ingress': start
[15:47:17.151] [bmv2] [T] [thread 2569] [4.0] [cxt 0] Applying table 'MyIngress.ipv4_lpm'
[15:47:17.151] [bmv2] [D] [thread 2569] [4.0] [cxt 0] Looking up key:
* hdr.ipv4.dstAddr    : 00000000

[15:47:17.151] [bmv2] [D] [thread 2569] [4.0] [cxt 0] Table 'MyIngress.ipv4_lpm': miss
[15:47:17.151] [bmv2] [D] [thread 2569] [4.0] [cxt 0] Action entry is NoAction - 
[15:47:17.151] [bmv2] [T] [thread 2569] [4.0] [cxt 0] Action NoAction
[15:47:17.151] [bmv2] [D] [thread 2569] [4.0] [cxt 0] Pipeline 'ingress': end
[15:47:17.151] [bmv2] [D] [thread 2569] [4.0] [cxt 0] Egress port is 0
[15:47:17.151] [bmv2] [D] [thread 2570] [4.0] [cxt 0] Pipeline 'egress': start
[15:47:17.151] [bmv2] [D] [thread 2570] [4.0] [cxt 0] Pipeline 'egress': end
[15:47:17.151] [bmv2] [D] [thread 2570] [4.0] [cxt 0] Deparser 'deparser': start
[15:47:17.151] [bmv2] [T] [thread 2570] [4.0] [cxt 0] Skipping checksum 'cksum' update because condition not met
[15:47:17.151] [bmv2] [D] [thread 2570] [4.0] [cxt 0] Deparser 'deparser': end
[15:47:17.151] [bmv2] [D] [thread 2574] [4.0] [cxt 0] Transmitting packet of size 110 out of port 0
[15:47:17.199] [bmv2] [D] [thread 2569] [5.0] [cxt 0] Processing packet received on port 1
[15:47:17.199] [bmv2] [D] [thread 2569] [5.0] [cxt 0] Parser 'parser': start
[15:47:17.199] [bmv2] [D] [thread 2569] [5.0] [cxt 0] Parser 'parser' entering state 'start'
[15:47:17.199] [bmv2] [D] [thread 2569] [5.0] [cxt 0] Parser state 'start' has no switch, going to default next state
[15:47:17.199] [bmv2] [T] [thread 2569] [5.0] [cxt 0] Bytes parsed: 0
[15:47:17.199] [bmv2] [D] [thread 2569] [5.0] [cxt 0] Parser 'parser': end
[15:47:17.199] [bmv2] [D] [thread 2569] [5.0] [cxt 0] Pipeline 'ingress': start
[15:47:17.199] [bmv2] [T] [thread 2569] [5.0] [cxt 0] Applying table 'MyIngress.ipv4_lpm'
[15:47:17.199] [bmv2] [D] [thread 2569] [5.0] [cxt 0] Looking up key:
* hdr.ipv4.dstAddr    : 00000000

[15:47:17.199] [bmv2] [D] [thread 2569] [5.0] [cxt 0] Table 'MyIngress.ipv4_lpm': miss
[15:47:17.199] [bmv2] [D] [thread 2569] [5.0] [cxt 0] Action entry is NoAction - 
[15:47:17.199] [bmv2] [T] [thread 2569] [5.0] [cxt 0] Action NoAction
[15:47:17.199] [bmv2] [D] [thread 2569] [5.0] [cxt 0] Pipeline 'ingress': end
[15:47:17.199] [bmv2] [D] [thread 2569] [5.0] [cxt 0] Egress port is 0
[15:47:17.199] [bmv2] [D] [thread 2570] [5.0] [cxt 0] Pipeline 'egress': start
[15:47:17.199] [bmv2] [D] [thread 2570] [5.0] [cxt 0] Pipeline 'egress': end
[15:47:17.199] [bmv2] [D] [thread 2570] [5.0] [cxt 0] Deparser 'deparser': start
[15:47:17.199] [bmv2] [T] [thread 2570] [5.0] [cxt 0] Skipping checksum 'cksum' update because condition not met
[15:47:17.199] [bmv2] [D] [thread 2570] [5.0] [cxt 0] Deparser 'deparser': end
[15:47:17.199] [bmv2] [D] [thread 2574] [5.0] [cxt 0] Transmitting packet of size 110 out of port 0
[15:47:17.237] [bmv2] [D] [thread 2569] [6.0] [cxt 0] Processing packet received on port 1
[15:47:17.238] [bmv2] [D] [thread 2569] [6.0] [cxt 0] Parser 'parser': start
[15:47:17.238] [bmv2] [D] [thread 2569] [6.0] [cxt 0] Parser 'parser' entering state 'start'
[15:47:17.238] [bmv2] [D] [thread 2569] [6.0] [cxt 0] Parser state 'start' has no switch, going to default next state
[15:47:17.238] [bmv2] [T] [thread 2569] [6.0] [cxt 0] Bytes parsed: 0
[15:47:17.238] [bmv2] [D] [thread 2569] [6.0] [cxt 0] Parser 'parser': end
[15:47:17.238] [bmv2] [D] [thread 2569] [6.0] [cxt 0] Pipeline 'ingress': start
[15:47:17.238] [bmv2] [T] [thread 2569] [6.0] [cxt 0] Applying table 'MyIngress.ipv4_lpm'
[15:47:17.238] [bmv2] [D] [thread 2569] [6.0] [cxt 0] Looking up key:
* hdr.ipv4.dstAddr    : 00000000

[15:47:17.238] [bmv2] [D] [thread 2569] [6.0] [cxt 0] Table 'MyIngress.ipv4_lpm': miss
[15:47:17.238] [bmv2] [D] [thread 2569] [6.0] [cxt 0] Action entry is NoAction - 
[15:47:17.238] [bmv2] [T] [thread 2569] [6.0] [cxt 0] Action NoAction
[15:47:17.238] [bmv2] [D] [thread 2569] [6.0] [cxt 0] Pipeline 'ingress': end
[15:47:17.238] [bmv2] [D] [thread 2569] [6.0] [cxt 0] Egress port is 0
[15:47:17.238] [bmv2] [D] [thread 2570] [6.0] [cxt 0] Pipeline 'egress': start
[15:47:17.238] [bmv2] [D] [thread 2570] [6.0] [cxt 0] Pipeline 'egress': end
[15:47:17.238] [bmv2] [D] [thread 2570] [6.0] [cxt 0] Deparser 'deparser': start
[15:47:17.238] [bmv2] [T] [thread 2570] [6.0] [cxt 0] Skipping checksum 'cksum' update because condition not met
[15:47:17.238] [bmv2] [D] [thread 2570] [6.0] [cxt 0] Deparser 'deparser': end
[15:47:17.238] [bmv2] [D] [thread 2574] [6.0] [cxt 0] Transmitting packet of size 223 out of port 0
[15:47:17.276] [bmv2] [D] [thread 2569] [7.0] [cxt 0] Processing packet received on port 2
[15:47:17.276] [bmv2] [D] [thread 2569] [7.0] [cxt 0] Parser 'parser': start
[15:47:17.276] [bmv2] [D] [thread 2569] [7.0] [cxt 0] Parser 'parser' entering state 'start'
[15:47:17.276] [bmv2] [D] [thread 2569] [7.0] [cxt 0] Parser state 'start' has no switch, going to default next state
[15:47:17.276] [bmv2] [T] [thread 2569] [7.0] [cxt 0] Bytes parsed: 0
[15:47:17.276] [bmv2] [D] [thread 2569] [7.0] [cxt 0] Parser 'parser': end
[15:47:17.276] [bmv2] [D] [thread 2569] [7.0] [cxt 0] Pipeline 'ingress': start
[15:47:17.276] [bmv2] [T] [thread 2569] [7.0] [cxt 0] Applying table 'MyIngress.ipv4_lpm'
[15:47:17.277] [bmv2] [D] [thread 2569] [7.0] [cxt 0] Looking up key:
* hdr.ipv4.dstAddr    : 00000000

[15:47:17.277] [bmv2] [D] [thread 2569] [7.0] [cxt 0] Table 'MyIngress.ipv4_lpm': miss
[15:47:17.277] [bmv2] [D] [thread 2569] [7.0] [cxt 0] Action entry is NoAction - 
[15:47:17.277] [bmv2] [T] [thread 2569] [7.0] [cxt 0] Action NoAction
[15:47:17.277] [bmv2] [D] [thread 2569] [7.0] [cxt 0] Pipeline 'ingress': end
[15:47:17.277] [bmv2] [D] [thread 2569] [7.0] [cxt 0] Egress port is 0
[15:47:17.277] [bmv2] [D] [thread 2570] [7.0] [cxt 0] Pipeline 'egress': start
[15:47:17.277] [bmv2] [D] [thread 2570] [7.0] [cxt 0] Pipeline 'egress': end
[15:47:17.277] [bmv2] [D] [thread 2570] [7.0] [cxt 0] Deparser 'deparser': start
[15:47:17.277] [bmv2] [T] [thread 2570] [7.0] [cxt 0] Skipping checksum 'cksum' update because condition not met
[15:47:17.277] [bmv2] [D] [thread 2570] [7.0] [cxt 0] Deparser 'deparser': end
[15:47:17.277] [bmv2] [D] [thread 2574] [7.0] [cxt 0] Transmitting packet of size 223 out of port 0
[15:47:17.342] [bmv2] [D] [thread 2569] [8.0] [cxt 0] Processing packet received on port 2
[15:47:17.342] [bmv2] [D] [thread 2569] [8.0] [cxt 0] Parser 'parser': start
[15:47:17.342] [bmv2] [D] [thread 2569] [8.0] [cxt 0] Parser 'parser' entering state 'start'
[15:47:17.342] [bmv2] [D] [thread 2569] [8.0] [cxt 0] Parser state 'start' has no switch, going to default next state
[15:47:17.343] [bmv2] [T] [thread 2569] [8.0] [cxt 0] Bytes parsed: 0
[15:47:17.343] [bmv2] [D] [thread 2569] [8.0] [cxt 0] Parser 'parser': end
[15:47:17.343] [bmv2] [D] [thread 2569] [8.0] [cxt 0] Pipeline 'ingress': start
[15:47:17.343] [bmv2] [T] [thread 2569] [8.0] [cxt 0] Applying table 'MyIngress.ipv4_lpm'
[15:47:17.343] [bmv2] [D] [thread 2569] [8.0] [cxt 0] Looking up key:
* hdr.ipv4.dstAddr    : 00000000

[15:47:17.343] [bmv2] [D] [thread 2569] [8.0] [cxt 0] Table 'MyIngress.ipv4_lpm': miss
[15:47:17.343] [bmv2] [D] [thread 2569] [8.0] [cxt 0] Action entry is NoAction - 
[15:47:17.343] [bmv2] [T] [thread 2569] [8.0] [cxt 0] Action NoAction
[15:47:17.343] [bmv2] [D] [thread 2569] [8.0] [cxt 0] Pipeline 'ingress': end
[15:47:17.343] [bmv2] [D] [thread 2569] [8.0] [cxt 0] Egress port is 0
[15:47:17.343] [bmv2] [D] [thread 2570] [8.0] [cxt 0] Pipeline 'egress': start
[15:47:17.343] [bmv2] [D] [thread 2570] [8.0] [cxt 0] Pipeline 'egress': end
[15:47:17.343] [bmv2] [D] [thread 2570] [8.0] [cxt 0] Deparser 'deparser': start
[15:47:17.343] [bmv2] [T] [thread 2570] [8.0] [cxt 0] Skipping checksum 'cksum' update because condition not met
[15:47:17.343] [bmv2] [D] [thread 2570] [8.0] [cxt 0] Deparser 'deparser': end
[15:47:17.343] [bmv2] [D] [thread 2574] [8.0] [cxt 0] Transmitting packet of size 223 out of port 0
[15:47:17.365] [bmv2] [D] [thread 2569] [9.0] [cxt 0] Processing packet received on port 1
[15:47:17.365] [bmv2] [D] [thread 2569] [9.0] [cxt 0] Parser 'parser': start
[15:47:17.365] [bmv2] [D] [thread 2569] [9.0] [cxt 0] Parser 'parser' entering state 'start'
[15:47:17.365] [bmv2] [D] [thread 2569] [9.0] [cxt 0] Parser state 'start' has no switch, going to default next state
[15:47:17.365] [bmv2] [T] [thread 2569] [9.0] [cxt 0] Bytes parsed: 0
[15:47:17.365] [bmv2] [D] [thread 2569] [9.0] [cxt 0] Parser 'parser': end
[15:47:17.365] [bmv2] [D] [thread 2569] [9.0] [cxt 0] Pipeline 'ingress': start
[15:47:17.365] [bmv2] [T] [thread 2569] [9.0] [cxt 0] Applying table 'MyIngress.ipv4_lpm'
[15:47:17.365] [bmv2] [D] [thread 2569] [9.0] [cxt 0] Looking up key:
* hdr.ipv4.dstAddr    : 00000000

[15:47:17.365] [bmv2] [D] [thread 2569] [9.0] [cxt 0] Table 'MyIngress.ipv4_lpm': miss
[15:47:17.365] [bmv2] [D] [thread 2569] [9.0] [cxt 0] Action entry is NoAction - 
[15:47:17.365] [bmv2] [T] [thread 2569] [9.0] [cxt 0] Action NoAction
[15:47:17.365] [bmv2] [D] [thread 2569] [9.0] [cxt 0] Pipeline 'ingress': end
[15:47:17.365] [bmv2] [D] [thread 2569] [9.0] [cxt 0] Egress port is 0
[15:47:17.365] [bmv2] [D] [thread 2570] [9.0] [cxt 0] Pipeline 'egress': start
[15:47:17.365] [bmv2] [D] [thread 2570] [9.0] [cxt 0] Pipeline 'egress': end
[15:47:17.365] [bmv2] [D] [thread 2570] [9.0] [cxt 0] Deparser 'deparser': start
[15:47:17.365] [bmv2] [T] [thread 2570] [9.0] [cxt 0] Skipping checksum 'cksum' update because condition not met
[15:47:17.365] [bmv2] [D] [thread 2570] [9.0] [cxt 0] Deparser 'deparser': end
[15:47:17.365] [bmv2] [D] [thread 2574] [9.0] [cxt 0] Transmitting packet of size 90 out of port 0
[15:47:17.365] [bmv2] [D] [thread 2569] [10.0] [cxt 0] Processing packet received on port 1
[15:47:17.365] [bmv2] [D] [thread 2569] [10.0] [cxt 0] Parser 'parser': start
[15:47:17.365] [bmv2] [D] [thread 2569] [10.0] [cxt 0] Parser 'parser' entering state 'start'
[15:47:17.365] [bmv2] [D] [thread 2569] [10.0] [cxt 0] Parser state 'start' has no switch, going to default next state
[15:47:17.365] [bmv2] [T] [thread 2569] [10.0] [cxt 0] Bytes parsed: 0
[15:47:17.365] [bmv2] [D] [thread 2569] [10.0] [cxt 0] Parser 'parser': end
[15:47:17.365] [bmv2] [D] [thread 2569] [10.0] [cxt 0] Pipeline 'ingress': start
[15:47:17.365] [bmv2] [T] [thread 2569] [10.0] [cxt 0] Applying table 'MyIngress.ipv4_lpm'
[15:47:17.365] [bmv2] [D] [thread 2569] [10.0] [cxt 0] Looking up key:
* hdr.ipv4.dstAddr    : 00000000

[15:47:17.365] [bmv2] [D] [thread 2569] [10.0] [cxt 0] Table 'MyIngress.ipv4_lpm': miss
[15:47:17.365] [bmv2] [D] [thread 2569] [10.0] [cxt 0] Action entry is NoAction - 
[15:47:17.365] [bmv2] [T] [thread 2569] [10.0] [cxt 0] Action NoAction
[15:47:17.365] [bmv2] [D] [thread 2569] [10.0] [cxt 0] Pipeline 'ingress': end
[15:47:17.365] [bmv2] [D] [thread 2569] [10.0] [cxt 0] Egress port is 0
[15:47:17.365] [bmv2] [D] [thread 2570] [10.0] [cxt 0] Pipeline 'egress': start
[15:47:17.365] [bmv2] [D] [thread 2570] [10.0] [cxt 0] Pipeline 'egress': end
[15:47:17.365] [bmv2] [D] [thread 2570] [10.0] [cxt 0] Deparser 'deparser': start
[15:47:17.365] [bmv2] [T] [thread 2570] [10.0] [cxt 0] Skipping checksum 'cksum' update because condition not met
[15:47:17.365] [bmv2] [D] [thread 2570] [10.0] [cxt 0] Deparser 'deparser': end
[15:47:17.365] [bmv2] [D] [thread 2574] [10.0] [cxt 0] Transmitting packet of size 70 out of port 0
[15:47:17.371] [bmv2] [D] [thread 2569] [11.0] [cxt 0] Processing packet received on port 1
[15:47:17.371] [bmv2] [D] [thread 2569] [11.0] [cxt 0] Parser 'parser': start
[15:47:17.371] [bmv2] [D] [thread 2569] [11.0] [cxt 0] Parser 'parser' entering state 'start'
[15:47:17.371] [bmv2] [D] [thread 2569] [11.0] [cxt 0] Parser state 'start' has no switch, going to default next state
[15:47:17.371] [bmv2] [T] [thread 2569] [11.0] [cxt 0] Bytes parsed: 0
[15:47:17.371] [bmv2] [D] [thread 2569] [11.0] [cxt 0] Parser 'parser': end
[15:47:17.371] [bmv2] [D] [thread 2569] [11.0] [cxt 0] Pipeline 'ingress': start
[15:47:17.371] [bmv2] [T] [thread 2569] [11.0] [cxt 0] Applying table 'MyIngress.ipv4_lpm'
[15:47:17.371] [bmv2] [D] [thread 2569] [11.0] [cxt 0] Looking up key:
* hdr.ipv4.dstAddr    : 00000000

[15:47:17.371] [bmv2] [D] [thread 2569] [11.0] [cxt 0] Table 'MyIngress.ipv4_lpm': miss
[15:47:17.371] [bmv2] [D] [thread 2569] [11.0] [cxt 0] Action entry is NoAction - 
[15:47:17.371] [bmv2] [T] [thread 2569] [11.0] [cxt 0] Action NoAction
[15:47:17.371] [bmv2] [D] [thread 2569] [11.0] [cxt 0] Pipeline 'ingress': end
[15:47:17.371] [bmv2] [D] [thread 2569] [11.0] [cxt 0] Egress port is 0
[15:47:17.371] [bmv2] [D] [thread 2570] [11.0] [cxt 0] Pipeline 'egress': start
[15:47:17.371] [bmv2] [D] [thread 2570] [11.0] [cxt 0] Pipeline 'egress': end
[15:47:17.371] [bmv2] [D] [thread 2570] [11.0] [cxt 0] Deparser 'deparser': start
[15:47:17.371] [bmv2] [T] [thread 2570] [11.0] [cxt 0] Skipping checksum 'cksum' update because condition not met
[15:47:17.371] [bmv2] [D] [thread 2570] [11.0] [cxt 0] Deparser 'deparser': end
[15:47:17.371] [bmv2] [D] [thread 2574] [11.0] [cxt 0] Transmitting packet of size 90 out of port 0
[15:47:17.371] [bmv2] [D] [thread 2569] [12.0] [cxt 0] Processing packet received on port 2
[15:47:17.371] [bmv2] [D] [thread 2569] [12.0] [cxt 0] Parser 'parser': start
[15:47:17.371] [bmv2] [D] [thread 2569] [12.0] [cxt 0] Parser 'parser' entering state 'start'
[15:47:17.371] [bmv2] [D] [thread 2569] [12.0] [cxt 0] Parser state 'start' has no switch, going to default next state
[15:47:17.371] [bmv2] [T] [thread 2569] [12.0] [cxt 0] Bytes parsed: 0
[15:47:17.371] [bmv2] [D] [thread 2569] [12.0] [cxt 0] Parser 'parser': end
[15:47:17.371] [bmv2] [D] [thread 2569] [12.0] [cxt 0] Pipeline 'ingress': start
[15:47:17.371] [bmv2] [T] [thread 2569] [12.0] [cxt 0] Applying table 'MyIngress.ipv4_lpm'
[15:47:17.371] [bmv2] [D] [thread 2569] [12.0] [cxt 0] Looking up key:
* hdr.ipv4.dstAddr    : 00000000

[15:47:17.371] [bmv2] [D] [thread 2569] [12.0] [cxt 0] Table 'MyIngress.ipv4_lpm': miss
[15:47:17.371] [bmv2] [D] [thread 2569] [12.0] [cxt 0] Action entry is NoAction - 
[15:47:17.371] [bmv2] [T] [thread 2569] [12.0] [cxt 0] Action NoAction
[15:47:17.371] [bmv2] [D] [thread 2569] [12.0] [cxt 0] Pipeline 'ingress': end
[15:47:17.371] [bmv2] [D] [thread 2569] [12.0] [cxt 0] Egress port is 0
[15:47:17.371] [bmv2] [D] [thread 2570] [12.0] [cxt 0] Pipeline 'egress': start
[15:47:17.371] [bmv2] [D] [thread 2570] [12.0] [cxt 0] Pipeline 'egress': end
[15:47:17.371] [bmv2] [D] [thread 2570] [12.0] [cxt 0] Deparser 'deparser': start
[15:47:17.371] [bmv2] [T] [thread 2570] [12.0] [cxt 0] Skipping checksum 'cksum' update because condition not met
[15:47:17.371] [bmv2] [D] [thread 2570] [12.0] [cxt 0] Deparser 'deparser': end
[15:47:17.371] [bmv2] [D] [thread 2574] [12.0] [cxt 0] Transmitting packet of size 90 out of port 0
[15:47:17.459] [bmv2] [D] [thread 2569] [13.0] [cxt 0] Processing packet received on port 1
[15:47:17.459] [bmv2] [D] [thread 2569] [13.0] [cxt 0] Parser 'parser': start
[15:47:17.459] [bmv2] [D] [thread 2569] [13.0] [cxt 0] Parser 'parser' entering state 'start'
[15:47:17.459] [bmv2] [D] [thread 2569] [13.0] [cxt 0] Parser state 'start' has no switch, going to default next state
[15:47:17.459] [bmv2] [T] [thread 2569] [13.0] [cxt 0] Bytes parsed: 0
[15:47:17.459] [bmv2] [D] [thread 2569] [13.0] [cxt 0] Parser 'parser': end
[15:47:17.459] [bmv2] [D] [thread 2569] [13.0] [cxt 0] Pipeline 'ingress': start
[15:47:17.459] [bmv2] [T] [thread 2569] [13.0] [cxt 0] Applying table 'MyIngress.ipv4_lpm'
[15:47:17.459] [bmv2] [D] [thread 2569] [13.0] [cxt 0] Looking up key:
* hdr.ipv4.dstAddr    : 00000000

[15:47:17.460] [bmv2] [D] [thread 2569] [13.0] [cxt 0] Table 'MyIngress.ipv4_lpm': miss
[15:47:17.460] [bmv2] [D] [thread 2569] [13.0] [cxt 0] Action entry is NoAction - 
[15:47:17.460] [bmv2] [T] [thread 2569] [13.0] [cxt 0] Action NoAction
[15:47:17.460] [bmv2] [D] [thread 2569] [13.0] [cxt 0] Pipeline 'ingress': end
[15:47:17.460] [bmv2] [D] [thread 2569] [13.0] [cxt 0] Egress port is 0
[15:47:17.460] [bmv2] [D] [thread 2570] [13.0] [cxt 0] Pipeline 'egress': start
[15:47:17.460] [bmv2] [D] [thread 2570] [13.0] [cxt 0] Pipeline 'egress': end
[15:47:17.460] [bmv2] [D] [thread 2570] [13.0] [cxt 0] Deparser 'deparser': start
[15:47:17.460] [bmv2] [T] [thread 2570] [13.0] [cxt 0] Skipping checksum 'cksum' update because condition not met
[15:47:17.460] [bmv2] [D] [thread 2570] [13.0] [cxt 0] Deparser 'deparser': end
[15:47:17.460] [bmv2] [D] [thread 2574] [13.0] [cxt 0] Transmitting packet of size 203 out of port 0
[15:47:17.486] [bmv2] [D] [thread 2569] [14.0] [cxt 0] Processing packet received on port 1
[15:47:17.486] [bmv2] [D] [thread 2569] [14.0] [cxt 0] Parser 'parser': start
[15:47:17.486] [bmv2] [D] [thread 2569] [14.0] [cxt 0] Parser 'parser' entering state 'start'
[15:47:17.486] [bmv2] [D] [thread 2569] [14.0] [cxt 0] Parser state 'start' has no switch, going to default next state
[15:47:17.486] [bmv2] [T] [thread 2569] [14.0] [cxt 0] Bytes parsed: 0
[15:47:17.486] [bmv2] [D] [thread 2569] [14.0] [cxt 0] Parser 'parser': end
[15:47:17.486] [bmv2] [D] [thread 2569] [14.0] [cxt 0] Pipeline 'ingress': start
[15:47:17.486] [bmv2] [T] [thread 2569] [14.0] [cxt 0] Applying table 'MyIngress.ipv4_lpm'
[15:47:17.486] [bmv2] [D] [thread 2569] [14.0] [cxt 0] Looking up key:
* hdr.ipv4.dstAddr    : 00000000

[15:47:17.486] [bmv2] [D] [thread 2569] [14.0] [cxt 0] Table 'MyIngress.ipv4_lpm': miss
[15:47:17.486] [bmv2] [D] [thread 2569] [14.0] [cxt 0] Action entry is NoAction - 
[15:47:17.486] [bmv2] [T] [thread 2569] [14.0] [cxt 0] Action NoAction
[15:47:17.486] [bmv2] [D] [thread 2569] [14.0] [cxt 0] Pipeline 'ingress': end
[15:47:17.486] [bmv2] [D] [thread 2569] [14.0] [cxt 0] Egress port is 0
[15:47:17.486] [bmv2] [D] [thread 2570] [14.0] [cxt 0] Pipeline 'egress': start
[15:47:17.486] [bmv2] [D] [thread 2570] [14.0] [cxt 0] Pipeline 'egress': end
[15:47:17.486] [bmv2] [D] [thread 2570] [14.0] [cxt 0] Deparser 'deparser': start
[15:47:17.486] [bmv2] [T] [thread 2570] [14.0] [cxt 0] Skipping checksum 'cksum' update because condition not met
[15:47:17.486] [bmv2] [D] [thread 2570] [14.0] [cxt 0] Deparser 'deparser': end
[15:47:17.486] [bmv2] [D] [thread 2574] [14.0] [cxt 0] Transmitting packet of size 90 out of port 0
[15:47:17.488] [bmv2] [D] [thread 2569] [15.0] [cxt 0] Processing packet received on port 1
[15:47:17.488] [bmv2] [D] [thread 2569] [15.0] [cxt 0] Parser 'parser': start
[15:47:17.488] [bmv2] [D] [thread 2569] [15.0] [cxt 0] Parser 'parser' entering state 'start'
[15:47:17.488] [bmv2] [D] [thread 2569] [15.0] [cxt 0] Parser state 'start' has no switch, going to default next state
[15:47:17.488] [bmv2] [T] [thread 2569] [15.0] [cxt 0] Bytes parsed: 0
[15:47:17.488] [bmv2] [D] [thread 2569] [15.0] [cxt 0] Parser 'parser': end
[15:47:17.488] [bmv2] [D] [thread 2569] [15.0] [cxt 0] Pipeline 'ingress': start
[15:47:17.488] [bmv2] [T] [thread 2569] [15.0] [cxt 0] Applying table 'MyIngress.ipv4_lpm'
[15:47:17.488] [bmv2] [D] [thread 2569] [15.0] [cxt 0] Looking up key:
* hdr.ipv4.dstAddr    : 00000000

[15:47:17.488] [bmv2] [D] [thread 2569] [15.0] [cxt 0] Table 'MyIngress.ipv4_lpm': miss
[15:47:17.488] [bmv2] [D] [thread 2569] [15.0] [cxt 0] Action entry is NoAction - 
[15:47:17.488] [bmv2] [T] [thread 2569] [15.0] [cxt 0] Action NoAction
[15:47:17.488] [bmv2] [D] [thread 2569] [15.0] [cxt 0] Pipeline 'ingress': end
[15:47:17.488] [bmv2] [D] [thread 2569] [15.0] [cxt 0] Egress port is 0
[15:47:17.488] [bmv2] [D] [thread 2570] [15.0] [cxt 0] Pipeline 'egress': start
[15:47:17.488] [bmv2] [D] [thread 2570] [15.0] [cxt 0] Pipeline 'egress': end
[15:47:17.488] [bmv2] [D] [thread 2570] [15.0] [cxt 0] Deparser 'deparser': start
[15:47:17.488] [bmv2] [T] [thread 2570] [15.0] [cxt 0] Skipping checksum 'cksum' update because condition not met
[15:47:17.488] [bmv2] [D] [thread 2570] [15.0] [cxt 0] Deparser 'deparser': end
[15:47:17.488] [bmv2] [D] [thread 2574] [15.0] [cxt 0] Transmitting packet of size 223 out of port 0
[15:47:17.527] [bmv2] [D] [thread 2569] [16.0] [cxt 0] Processing packet received on port 2
[15:47:17.528] [bmv2] [D] [thread 2569] [16.0] [cxt 0] Parser 'parser': start
[15:47:17.528] [bmv2] [D] [thread 2569] [16.0] [cxt 0] Parser 'parser' entering state 'start'
[15:47:17.528] [bmv2] [D] [thread 2569] [16.0] [cxt 0] Parser state 'start' has no switch, going to default next state
[15:47:17.528] [bmv2] [T] [thread 2569] [16.0] [cxt 0] Bytes parsed: 0
[15:47:17.528] [bmv2] [D] [thread 2569] [16.0] [cxt 0] Parser 'parser': end
[15:47:17.528] [bmv2] [D] [thread 2569] [16.0] [cxt 0] Pipeline 'ingress': start
[15:47:17.528] [bmv2] [T] [thread 2569] [16.0] [cxt 0] Applying table 'MyIngress.ipv4_lpm'
[15:47:17.528] [bmv2] [D] [thread 2569] [16.0] [cxt 0] Looking up key:
* hdr.ipv4.dstAddr    : 00000000

[15:47:17.528] [bmv2] [D] [thread 2569] [16.0] [cxt 0] Table 'MyIngress.ipv4_lpm': miss
[15:47:17.528] [bmv2] [D] [thread 2569] [16.0] [cxt 0] Action entry is NoAction - 
[15:47:17.528] [bmv2] [T] [thread 2569] [16.0] [cxt 0] Action NoAction
[15:47:17.528] [bmv2] [D] [thread 2569] [16.0] [cxt 0] Pipeline 'ingress': end
[15:47:17.528] [bmv2] [D] [thread 2569] [16.0] [cxt 0] Egress port is 0
[15:47:17.528] [bmv2] [D] [thread 2570] [16.0] [cxt 0] Pipeline 'egress': start
[15:47:17.528] [bmv2] [D] [thread 2570] [16.0] [cxt 0] Pipeline 'egress': end
[15:47:17.528] [bmv2] [D] [thread 2570] [16.0] [cxt 0] Deparser 'deparser': start
[15:47:17.528] [bmv2] [T] [thread 2570] [16.0] [cxt 0] Skipping checksum 'cksum' update because condition not met
[15:47:17.528] [bmv2] [D] [thread 2570] [16.0] [cxt 0] Deparser 'deparser': end
[15:47:17.528] [bmv2] [D] [thread 2574] [16.0] [cxt 0] Transmitting packet of size 223 out of port 0
[15:47:17.595] [bmv2] [D] [thread 2569] [17.0] [cxt 0] Processing packet received on port 2
[15:47:17.595] [bmv2] [D] [thread 2569] [17.0] [cxt 0] Parser 'parser': start
[15:47:17.595] [bmv2] [D] [thread 2569] [17.0] [cxt 0] Parser 'parser' entering state 'start'
[15:47:17.595] [bmv2] [D] [thread 2569] [17.0] [cxt 0] Parser state 'start' has no switch, going to default next state
[15:47:17.595] [bmv2] [T] [thread 2569] [17.0] [cxt 0] Bytes parsed: 0
[15:47:17.595] [bmv2] [D] [thread 2569] [17.0] [cxt 0] Parser 'parser': end
[15:47:17.595] [bmv2] [D] [thread 2569] [17.0] [cxt 0] Pipeline 'ingress': start
[15:47:17.595] [bmv2] [T] [thread 2569] [17.0] [cxt 0] Applying table 'MyIngress.ipv4_lpm'
[15:47:17.595] [bmv2] [D] [thread 2569] [17.0] [cxt 0] Looking up key:
* hdr.ipv4.dstAddr    : 00000000

[15:47:17.595] [bmv2] [D] [thread 2569] [17.0] [cxt 0] Table 'MyIngress.ipv4_lpm': miss
[15:47:17.595] [bmv2] [D] [thread 2569] [17.0] [cxt 0] Action entry is NoAction - 
[15:47:17.595] [bmv2] [T] [thread 2569] [17.0] [cxt 0] Action NoAction
[15:47:17.595] [bmv2] [D] [thread 2569] [17.0] [cxt 0] Pipeline 'ingress': end
[15:47:17.595] [bmv2] [D] [thread 2569] [17.0] [cxt 0] Egress port is 0
[15:47:17.595] [bmv2] [D] [thread 2570] [17.0] [cxt 0] Pipeline 'egress': start
[15:47:17.595] [bmv2] [D] [thread 2570] [17.0] [cxt 0] Pipeline 'egress': end
[15:47:17.595] [bmv2] [D] [thread 2570] [17.0] [cxt 0] Deparser 'deparser': start
[15:47:17.595] [bmv2] [T] [thread 2570] [17.0] [cxt 0] Skipping checksum 'cksum' update because condition not met
[15:47:17.595] [bmv2] [D] [thread 2570] [17.0] [cxt 0] Deparser 'deparser': end
[15:47:17.595] [bmv2] [D] [thread 2574] [17.0] [cxt 0] Transmitting packet of size 223 out of port 0
[15:47:17.596] [bmv2] [D] [thread 2569] [18.0] [cxt 0] Processing packet received on port 1
[15:47:17.596] [bmv2] [D] [thread 2569] [18.0] [cxt 0] Parser 'parser': start
[15:47:17.596] [bmv2] [D] [thread 2569] [18.0] [cxt 0] Parser 'parser' entering state 'start'
[15:47:17.596] [bmv2] [D] [thread 2569] [18.0] [cxt 0] Parser state 'start' has no switch, going to default next state
[15:47:17.596] [bmv2] [T] [thread 2569] [18.0] [cxt 0] Bytes parsed: 0
[15:47:17.596] [bmv2] [D] [thread 2569] [18.0] [cxt 0] Parser 'parser': end
[15:47:17.596] [bmv2] [D] [thread 2569] [18.0] [cxt 0] Pipeline 'ingress': start
[15:47:17.596] [bmv2] [T] [thread 2569] [18.0] [cxt 0] Applying table 'MyIngress.ipv4_lpm'
[15:47:17.596] [bmv2] [D] [thread 2569] [18.0] [cxt 0] Looking up key:
* hdr.ipv4.dstAddr    : 00000000

[15:47:17.596] [bmv2] [D] [thread 2569] [18.0] [cxt 0] Table 'MyIngress.ipv4_lpm': miss
[15:47:17.596] [bmv2] [D] [thread 2569] [18.0] [cxt 0] Action entry is NoAction - 
[15:47:17.596] [bmv2] [T] [thread 2569] [18.0] [cxt 0] Action NoAction
[15:47:17.596] [bmv2] [D] [thread 2569] [18.0] [cxt 0] Pipeline 'ingress': end
[15:47:17.596] [bmv2] [D] [thread 2569] [18.0] [cxt 0] Egress port is 0
[15:47:17.596] [bmv2] [D] [thread 2570] [18.0] [cxt 0] Pipeline 'egress': start
[15:47:17.596] [bmv2] [D] [thread 2570] [18.0] [cxt 0] Pipeline 'egress': end
[15:47:17.596] [bmv2] [D] [thread 2570] [18.0] [cxt 0] Deparser 'deparser': start
[15:47:17.596] [bmv2] [T] [thread 2570] [18.0] [cxt 0] Skipping checksum 'cksum' update because condition not met
[15:47:17.596] [bmv2] [D] [thread 2570] [18.0] [cxt 0] Deparser 'deparser': end
[15:47:17.596] [bmv2] [D] [thread 2574] [18.0] [cxt 0] Transmitting packet of size 223 out of port 0
[15:47:17.688] [bmv2] [D] [thread 2569] [19.0] [cxt 0] Processing packet received on port 1
[15:47:17.688] [bmv2] [D] [thread 2569] [19.0] [cxt 0] Parser 'parser': start
[15:47:17.688] [bmv2] [D] [thread 2569] [19.0] [cxt 0] Parser 'parser' entering state 'start'
[15:47:17.688] [bmv2] [D] [thread 2569] [19.0] [cxt 0] Parser state 'start' has no switch, going to default next state
[15:47:17.688] [bmv2] [T] [thread 2569] [19.0] [cxt 0] Bytes parsed: 0
[15:47:17.688] [bmv2] [D] [thread 2569] [19.0] [cxt 0] Parser 'parser': end
[15:47:17.688] [bmv2] [D] [thread 2569] [19.0] [cxt 0] Pipeline 'ingress': start
[15:47:17.688] [bmv2] [T] [thread 2569] [19.0] [cxt 0] Applying table 'MyIngress.ipv4_lpm'
[15:47:17.688] [bmv2] [D] [thread 2569] [19.0] [cxt 0] Looking up key:
* hdr.ipv4.dstAddr    : 00000000

[15:47:17.688] [bmv2] [D] [thread 2569] [19.0] [cxt 0] Table 'MyIngress.ipv4_lpm': miss
[15:47:17.688] [bmv2] [D] [thread 2569] [19.0] [cxt 0] Action entry is NoAction - 
[15:47:17.688] [bmv2] [T] [thread 2569] [19.0] [cxt 0] Action NoAction
[15:47:17.688] [bmv2] [D] [thread 2569] [19.0] [cxt 0] Pipeline 'ingress': end
[15:47:17.688] [bmv2] [D] [thread 2569] [19.0] [cxt 0] Egress port is 0
[15:47:17.688] [bmv2] [D] [thread 2570] [19.0] [cxt 0] Pipeline 'egress': start
[15:47:17.688] [bmv2] [D] [thread 2570] [19.0] [cxt 0] Pipeline 'egress': end
[15:47:17.688] [bmv2] [D] [thread 2570] [19.0] [cxt 0] Deparser 'deparser': start
[15:47:17.688] [bmv2] [T] [thread 2570] [19.0] [cxt 0] Skipping checksum 'cksum' update because condition not met
[15:47:17.688] [bmv2] [D] [thread 2570] [19.0] [cxt 0] Deparser 'deparser': end
[15:47:17.688] [bmv2] [D] [thread 2574] [19.0] [cxt 0] Transmitting packet of size 211 out of port 0
[15:47:17.777] [bmv2] [D] [thread 2569] [20.0] [cxt 0] Processing packet received on port 2
[15:47:17.777] [bmv2] [D] [thread 2569] [20.0] [cxt 0] Parser 'parser': start
[15:47:17.777] [bmv2] [D] [thread 2569] [20.0] [cxt 0] Parser 'parser' entering state 'start'
[15:47:17.777] [bmv2] [D] [thread 2569] [20.0] [cxt 0] Parser state 'start' has no switch, going to default next state
[15:47:17.777] [bmv2] [T] [thread 2569] [20.0] [cxt 0] Bytes parsed: 0
[15:47:17.777] [bmv2] [D] [thread 2569] [20.0] [cxt 0] Parser 'parser': end
[15:47:17.777] [bmv2] [D] [thread 2569] [20.0] [cxt 0] Pipeline 'ingress': start
[15:47:17.777] [bmv2] [T] [thread 2569] [20.0] [cxt 0] Applying table 'MyIngress.ipv4_lpm'
[15:47:17.777] [bmv2] [D] [thread 2569] [20.0] [cxt 0] Looking up key:
* hdr.ipv4.dstAddr    : 00000000

[15:47:17.777] [bmv2] [D] [thread 2569] [20.0] [cxt 0] Table 'MyIngress.ipv4_lpm': miss
[15:47:17.777] [bmv2] [D] [thread 2569] [20.0] [cxt 0] Action entry is NoAction - 
[15:47:17.777] [bmv2] [T] [thread 2569] [20.0] [cxt 0] Action NoAction
[15:47:17.777] [bmv2] [D] [thread 2569] [20.0] [cxt 0] Pipeline 'ingress': end
[15:47:17.777] [bmv2] [D] [thread 2569] [20.0] [cxt 0] Egress port is 0
[15:47:17.777] [bmv2] [D] [thread 2570] [20.0] [cxt 0] Pipeline 'egress': start
[15:47:17.777] [bmv2] [D] [thread 2570] [20.0] [cxt 0] Pipeline 'egress': end
[15:47:17.777] [bmv2] [D] [thread 2570] [20.0] [cxt 0] Deparser 'deparser': start
[15:47:17.777] [bmv2] [T] [thread 2570] [20.0] [cxt 0] Skipping checksum 'cksum' update because condition not met
[15:47:17.777] [bmv2] [D] [thread 2570] [20.0] [cxt 0] Deparser 'deparser': end
[15:47:17.777] [bmv2] [D] [thread 2574] [20.0] [cxt 0] Transmitting packet of size 223 out of port 0
[15:47:17.843] [bmv2] [D] [thread 2569] [21.0] [cxt 0] Processing packet received on port 2
[15:47:17.843] [bmv2] [D] [thread 2569] [21.0] [cxt 0] Parser 'parser': start
[15:47:17.843] [bmv2] [D] [thread 2569] [21.0] [cxt 0] Parser 'parser' entering state 'start'
[15:47:17.843] [bmv2] [D] [thread 2569] [21.0] [cxt 0] Parser state 'start' has no switch, going to default next state
[15:47:17.843] [bmv2] [T] [thread 2569] [21.0] [cxt 0] Bytes parsed: 0
[15:47:17.843] [bmv2] [D] [thread 2569] [21.0] [cxt 0] Parser 'parser': end
[15:47:17.843] [bmv2] [D] [thread 2569] [21.0] [cxt 0] Pipeline 'ingress': start
[15:47:17.843] [bmv2] [T] [thread 2569] [21.0] [cxt 0] Applying table 'MyIngress.ipv4_lpm'
[15:47:17.843] [bmv2] [D] [thread 2569] [21.0] [cxt 0] Looking up key:
* hdr.ipv4.dstAddr    : 00000000

[15:47:17.843] [bmv2] [D] [thread 2569] [21.0] [cxt 0] Table 'MyIngress.ipv4_lpm': miss
[15:47:17.843] [bmv2] [D] [thread 2569] [21.0] [cxt 0] Action entry is NoAction - 
[15:47:17.843] [bmv2] [T] [thread 2569] [21.0] [cxt 0] Action NoAction
[15:47:17.843] [bmv2] [D] [thread 2569] [21.0] [cxt 0] Pipeline 'ingress': end
[15:47:17.843] [bmv2] [D] [thread 2569] [21.0] [cxt 0] Egress port is 0
[15:47:17.843] [bmv2] [D] [thread 2570] [21.0] [cxt 0] Pipeline 'egress': start
[15:47:17.843] [bmv2] [D] [thread 2570] [21.0] [cxt 0] Pipeline 'egress': end
[15:47:17.843] [bmv2] [D] [thread 2570] [21.0] [cxt 0] Deparser 'deparser': start
[15:47:17.843] [bmv2] [T] [thread 2570] [21.0] [cxt 0] Skipping checksum 'cksum' update because condition not met
[15:47:17.843] [bmv2] [D] [thread 2570] [21.0] [cxt 0] Deparser 'deparser': end
[15:47:17.843] [bmv2] [D] [thread 2574] [21.0] [cxt 0] Transmitting packet of size 223 out of port 0
[15:47:17.846] [bmv2] [D] [thread 2569] [22.0] [cxt 0] Processing packet received on port 1
[15:47:17.846] [bmv2] [D] [thread 2569] [22.0] [cxt 0] Parser 'parser': start
[15:47:17.846] [bmv2] [D] [thread 2569] [22.0] [cxt 0] Parser 'parser' entering state 'start'
[15:47:17.846] [bmv2] [D] [thread 2569] [22.0] [cxt 0] Parser state 'start' has no switch, going to default next state
[15:47:17.846] [bmv2] [T] [thread 2569] [22.0] [cxt 0] Bytes parsed: 0
[15:47:17.846] [bmv2] [D] [thread 2569] [22.0] [cxt 0] Parser 'parser': end
[15:47:17.846] [bmv2] [D] [thread 2569] [22.0] [cxt 0] Pipeline 'ingress': start
[15:47:17.846] [bmv2] [T] [thread 2569] [22.0] [cxt 0] Applying table 'MyIngress.ipv4_lpm'
[15:47:17.846] [bmv2] [D] [thread 2569] [22.0] [cxt 0] Looking up key:
* hdr.ipv4.dstAddr    : 00000000

[15:47:17.846] [bmv2] [D] [thread 2569] [22.0] [cxt 0] Table 'MyIngress.ipv4_lpm': miss
[15:47:17.846] [bmv2] [D] [thread 2569] [22.0] [cxt 0] Action entry is NoAction - 
[15:47:17.846] [bmv2] [T] [thread 2569] [22.0] [cxt 0] Action NoAction
[15:47:17.846] [bmv2] [D] [thread 2569] [22.0] [cxt 0] Pipeline 'ingress': end
[15:47:17.846] [bmv2] [D] [thread 2569] [22.0] [cxt 0] Egress port is 0
[15:47:17.846] [bmv2] [D] [thread 2570] [22.0] [cxt 0] Pipeline 'egress': start
[15:47:17.846] [bmv2] [D] [thread 2570] [22.0] [cxt 0] Pipeline 'egress': end
[15:47:17.846] [bmv2] [D] [thread 2570] [22.0] [cxt 0] Deparser 'deparser': start
[15:47:17.846] [bmv2] [T] [thread 2570] [22.0] [cxt 0] Skipping checksum 'cksum' update because condition not met
[15:47:17.846] [bmv2] [D] [thread 2570] [22.0] [cxt 0] Deparser 'deparser': end
[15:47:17.846] [bmv2] [D] [thread 2574] [22.0] [cxt 0] Transmitting packet of size 223 out of port 0
[15:47:17.853] [bmv2] [D] [thread 2569] [23.0] [cxt 0] Processing packet received on port 1
[15:47:17.853] [bmv2] [D] [thread 2569] [23.0] [cxt 0] Parser 'parser': start
[15:47:17.853] [bmv2] [D] [thread 2569] [23.0] [cxt 0] Parser 'parser' entering state 'start'
[15:47:17.853] [bmv2] [D] [thread 2569] [23.0] [cxt 0] Parser state 'start' has no switch, going to default next state
[15:47:17.853] [bmv2] [T] [thread 2569] [23.0] [cxt 0] Bytes parsed: 0
[15:47:17.853] [bmv2] [D] [thread 2569] [23.0] [cxt 0] Parser 'parser': end
[15:47:17.853] [bmv2] [D] [thread 2569] [23.0] [cxt 0] Pipeline 'ingress': start
[15:47:17.853] [bmv2] [T] [thread 2569] [23.0] [cxt 0] Applying table 'MyIngress.ipv4_lpm'
[15:47:17.853] [bmv2] [D] [thread 2569] [23.0] [cxt 0] Looking up key:
* hdr.ipv4.dstAddr    : 00000000

[15:47:17.853] [bmv2] [D] [thread 2569] [23.0] [cxt 0] Table 'MyIngress.ipv4_lpm': miss
[15:47:17.853] [bmv2] [D] [thread 2569] [23.0] [cxt 0] Action entry is NoAction - 
[15:47:17.853] [bmv2] [T] [thread 2569] [23.0] [cxt 0] Action NoAction
[15:47:17.853] [bmv2] [D] [thread 2569] [23.0] [cxt 0] Pipeline 'ingress': end
[15:47:17.853] [bmv2] [D] [thread 2569] [23.0] [cxt 0] Egress port is 0
[15:47:17.853] [bmv2] [D] [thread 2570] [23.0] [cxt 0] Pipeline 'egress': start
[15:47:17.853] [bmv2] [D] [thread 2570] [23.0] [cxt 0] Pipeline 'egress': end
[15:47:17.853] [bmv2] [D] [thread 2570] [23.0] [cxt 0] Deparser 'deparser': start
[15:47:17.853] [bmv2] [T] [thread 2570] [23.0] [cxt 0] Skipping checksum 'cksum' update because condition not met
[15:47:17.853] [bmv2] [D] [thread 2570] [23.0] [cxt 0] Deparser 'deparser': end
[15:47:17.854] [bmv2] [D] [thread 2574] [23.0] [cxt 0] Transmitting packet of size 203 out of port 0
[15:47:17.966] [bmv2] [D] [thread 2569] [24.0] [cxt 0] Processing packet received on port 1
[15:47:17.966] [bmv2] [D] [thread 2569] [24.0] [cxt 0] Parser 'parser': start
[15:47:17.966] [bmv2] [D] [thread 2569] [24.0] [cxt 0] Parser 'parser' entering state 'start'
[15:47:17.966] [bmv2] [D] [thread 2569] [24.0] [cxt 0] Parser state 'start' has no switch, going to default next state
[15:47:17.966] [bmv2] [T] [thread 2569] [24.0] [cxt 0] Bytes parsed: 0
[15:47:17.966] [bmv2] [D] [thread 2569] [24.0] [cxt 0] Parser 'parser': end
[15:47:17.966] [bmv2] [D] [thread 2569] [24.0] [cxt 0] Pipeline 'ingress': start
[15:47:17.966] [bmv2] [T] [thread 2569] [24.0] [cxt 0] Applying table 'MyIngress.ipv4_lpm'
[15:47:17.966] [bmv2] [D] [thread 2569] [24.0] [cxt 0] Looking up key:
* hdr.ipv4.dstAddr    : 00000000

[15:47:17.966] [bmv2] [D] [thread 2569] [24.0] [cxt 0] Table 'MyIngress.ipv4_lpm': miss
[15:47:17.966] [bmv2] [D] [thread 2569] [24.0] [cxt 0] Action entry is NoAction - 
[15:47:17.966] [bmv2] [T] [thread 2569] [24.0] [cxt 0] Action NoAction
[15:47:17.966] [bmv2] [D] [thread 2569] [24.0] [cxt 0] Pipeline 'ingress': end
[15:47:17.966] [bmv2] [D] [thread 2569] [24.0] [cxt 0] Egress port is 0
[15:47:17.966] [bmv2] [D] [thread 2570] [24.0] [cxt 0] Pipeline 'egress': start
[15:47:17.966] [bmv2] [D] [thread 2570] [24.0] [cxt 0] Pipeline 'egress': end
[15:47:17.967] [bmv2] [D] [thread 2570] [24.0] [cxt 0] Deparser 'deparser': start
[15:47:17.967] [bmv2] [T] [thread 2570] [24.0] [cxt 0] Skipping checksum 'cksum' update because condition not met
[15:47:17.967] [bmv2] [D] [thread 2570] [24.0] [cxt 0] Deparser 'deparser': end
[15:47:17.967] [bmv2] [D] [thread 2574] [24.0] [cxt 0] Transmitting packet of size 110 out of port 0
[15:47:17.977] [bmv2] [D] [thread 2569] [25.0] [cxt 0] Processing packet received on port 2
[15:47:17.977] [bmv2] [D] [thread 2569] [25.0] [cxt 0] Parser 'parser': start
[15:47:17.977] [bmv2] [D] [thread 2569] [25.0] [cxt 0] Parser 'parser' entering state 'start'
[15:47:17.977] [bmv2] [D] [thread 2569] [25.0] [cxt 0] Parser state 'start' has no switch, going to default next state
[15:47:17.977] [bmv2] [T] [thread 2569] [25.0] [cxt 0] Bytes parsed: 0
[15:47:17.977] [bmv2] [D] [thread 2569] [25.0] [cxt 0] Parser 'parser': end
[15:47:17.977] [bmv2] [D] [thread 2569] [25.0] [cxt 0] Pipeline 'ingress': start
[15:47:17.977] [bmv2] [T] [thread 2569] [25.0] [cxt 0] Applying table 'MyIngress.ipv4_lpm'
[15:47:17.977] [bmv2] [D] [thread 2569] [25.0] [cxt 0] Looking up key:
* hdr.ipv4.dstAddr    : 00000000

[15:47:17.977] [bmv2] [D] [thread 2569] [25.0] [cxt 0] Table 'MyIngress.ipv4_lpm': miss
[15:47:17.977] [bmv2] [D] [thread 2569] [25.0] [cxt 0] Action entry is NoAction - 
[15:47:17.977] [bmv2] [T] [thread 2569] [25.0] [cxt 0] Action NoAction
[15:47:17.977] [bmv2] [D] [thread 2569] [25.0] [cxt 0] Pipeline 'ingress': end
[15:47:17.977] [bmv2] [D] [thread 2569] [25.0] [cxt 0] Egress port is 0
[15:47:17.977] [bmv2] [D] [thread 2570] [25.0] [cxt 0] Pipeline 'egress': start
[15:47:17.977] [bmv2] [D] [thread 2570] [25.0] [cxt 0] Pipeline 'egress': end
[15:47:17.977] [bmv2] [D] [thread 2570] [25.0] [cxt 0] Deparser 'deparser': start
[15:47:17.977] [bmv2] [T] [thread 2570] [25.0] [cxt 0] Skipping checksum 'cksum' update because condition not met
[15:47:17.977] [bmv2] [D] [thread 2570] [25.0] [cxt 0] Deparser 'deparser': end
[15:47:17.977] [bmv2] [D] [thread 2574] [25.0] [cxt 0] Transmitting packet of size 211 out of port 0
[15:47:18.043] [bmv2] [D] [thread 2569] [26.0] [cxt 0] Processing packet received on port 2
[15:47:18.043] [bmv2] [D] [thread 2569] [26.0] [cxt 0] Parser 'parser': start
[15:47:18.043] [bmv2] [D] [thread 2569] [26.0] [cxt 0] Parser 'parser' entering state 'start'
[15:47:18.043] [bmv2] [D] [thread 2569] [26.0] [cxt 0] Parser state 'start' has no switch, going to default next state
[15:47:18.043] [bmv2] [T] [thread 2569] [26.0] [cxt 0] Bytes parsed: 0
[15:47:18.043] [bmv2] [D] [thread 2569] [26.0] [cxt 0] Parser 'parser': end
[15:47:18.043] [bmv2] [D] [thread 2569] [26.0] [cxt 0] Pipeline 'ingress': start
[15:47:18.043] [bmv2] [T] [thread 2569] [26.0] [cxt 0] Applying table 'MyIngress.ipv4_lpm'
[15:47:18.043] [bmv2] [D] [thread 2569] [26.0] [cxt 0] Looking up key:
* hdr.ipv4.dstAddr    : 00000000

[15:47:18.043] [bmv2] [D] [thread 2569] [26.0] [cxt 0] Table 'MyIngress.ipv4_lpm': miss
[15:47:18.043] [bmv2] [D] [thread 2569] [26.0] [cxt 0] Action entry is NoAction - 
[15:47:18.043] [bmv2] [T] [thread 2569] [26.0] [cxt 0] Action NoAction
[15:47:18.043] [bmv2] [D] [thread 2569] [26.0] [cxt 0] Pipeline 'ingress': end
[15:47:18.043] [bmv2] [D] [thread 2569] [26.0] [cxt 0] Egress port is 0
[15:47:18.043] [bmv2] [D] [thread 2570] [26.0] [cxt 0] Pipeline 'egress': start
[15:47:18.043] [bmv2] [D] [thread 2570] [26.0] [cxt 0] Pipeline 'egress': end
[15:47:18.043] [bmv2] [D] [thread 2570] [26.0] [cxt 0] Deparser 'deparser': start
[15:47:18.043] [bmv2] [T] [thread 2570] [26.0] [cxt 0] Skipping checksum 'cksum' update because condition not met
[15:47:18.043] [bmv2] [D] [thread 2570] [26.0] [cxt 0] Deparser 'deparser': end
[15:47:18.043] [bmv2] [D] [thread 2574] [26.0] [cxt 0] Transmitting packet of size 211 out of port 0
[15:47:18.062] [bmv2] [D] [thread 2569] [27.0] [cxt 0] Processing packet received on port 2
[15:47:18.062] [bmv2] [D] [thread 2569] [27.0] [cxt 0] Parser 'parser': start
[15:47:18.062] [bmv2] [D] [thread 2569] [27.0] [cxt 0] Parser 'parser' entering state 'start'
[15:47:18.062] [bmv2] [D] [thread 2569] [27.0] [cxt 0] Parser state 'start' has no switch, going to default next state
[15:47:18.062] [bmv2] [T] [thread 2569] [27.0] [cxt 0] Bytes parsed: 0
[15:47:18.062] [bmv2] [D] [thread 2569] [27.0] [cxt 0] Parser 'parser': end
[15:47:18.062] [bmv2] [D] [thread 2569] [27.0] [cxt 0] Pipeline 'ingress': start
[15:47:18.062] [bmv2] [T] [thread 2569] [27.0] [cxt 0] Applying table 'MyIngress.ipv4_lpm'
[15:47:18.062] [bmv2] [D] [thread 2569] [27.0] [cxt 0] Looking up key:
* hdr.ipv4.dstAddr    : 00000000

[15:47:18.062] [bmv2] [D] [thread 2569] [27.0] [cxt 0] Table 'MyIngress.ipv4_lpm': miss
[15:47:18.063] [bmv2] [D] [thread 2569] [27.0] [cxt 0] Action entry is NoAction - 
[15:47:18.063] [bmv2] [T] [thread 2569] [27.0] [cxt 0] Action NoAction
[15:47:18.063] [bmv2] [D] [thread 2569] [27.0] [cxt 0] Pipeline 'ingress': end
[15:47:18.063] [bmv2] [D] [thread 2569] [27.0] [cxt 0] Egress port is 0
[15:47:18.063] [bmv2] [D] [thread 2570] [27.0] [cxt 0] Pipeline 'egress': start
[15:47:18.063] [bmv2] [D] [thread 2570] [27.0] [cxt 0] Pipeline 'egress': end
[15:47:18.063] [bmv2] [D] [thread 2570] [27.0] [cxt 0] Deparser 'deparser': start
[15:47:18.063] [bmv2] [T] [thread 2570] [27.0] [cxt 0] Skipping checksum 'cksum' update because condition not met
[15:47:18.063] [bmv2] [D] [thread 2570] [27.0] [cxt 0] Deparser 'deparser': end
[15:47:18.063] [bmv2] [D] [thread 2574] [27.0] [cxt 0] Transmitting packet of size 90 out of port 0
[15:47:18.097] [bmv2] [D] [thread 2569] [28.0] [cxt 0] Processing packet received on port 1
[15:47:18.097] [bmv2] [D] [thread 2569] [28.0] [cxt 0] Parser 'parser': start
[15:47:18.097] [bmv2] [D] [thread 2569] [28.0] [cxt 0] Parser 'parser' entering state 'start'
[15:47:18.097] [bmv2] [D] [thread 2569] [28.0] [cxt 0] Parser state 'start' has no switch, going to default next state
[15:47:18.097] [bmv2] [T] [thread 2569] [28.0] [cxt 0] Bytes parsed: 0
[15:47:18.097] [bmv2] [D] [thread 2569] [28.0] [cxt 0] Parser 'parser': end
[15:47:18.097] [bmv2] [D] [thread 2569] [28.0] [cxt 0] Pipeline 'ingress': start
[15:47:18.097] [bmv2] [T] [thread 2569] [28.0] [cxt 0] Applying table 'MyIngress.ipv4_lpm'
[15:47:18.097] [bmv2] [D] [thread 2569] [28.0] [cxt 0] Looking up key:
* hdr.ipv4.dstAddr    : 00000000

[15:47:18.097] [bmv2] [D] [thread 2569] [28.0] [cxt 0] Table 'MyIngress.ipv4_lpm': miss
[15:47:18.097] [bmv2] [D] [thread 2569] [28.0] [cxt 0] Action entry is NoAction - 
[15:47:18.097] [bmv2] [T] [thread 2569] [28.0] [cxt 0] Action NoAction
[15:47:18.097] [bmv2] [D] [thread 2569] [28.0] [cxt 0] Pipeline 'ingress': end
[15:47:18.097] [bmv2] [D] [thread 2569] [28.0] [cxt 0] Egress port is 0
[15:47:18.097] [bmv2] [D] [thread 2570] [28.0] [cxt 0] Pipeline 'egress': start
[15:47:18.097] [bmv2] [D] [thread 2570] [28.0] [cxt 0] Pipeline 'egress': end
[15:47:18.097] [bmv2] [D] [thread 2570] [28.0] [cxt 0] Deparser 'deparser': start
[15:47:18.097] [bmv2] [T] [thread 2570] [28.0] [cxt 0] Skipping checksum 'cksum' update because condition not met
[15:47:18.097] [bmv2] [D] [thread 2570] [28.0] [cxt 0] Deparser 'deparser': end
[15:47:18.097] [bmv2] [D] [thread 2574] [28.0] [cxt 0] Transmitting packet of size 223 out of port 0
[15:47:18.126] [bmv2] [D] [thread 2569] [29.0] [cxt 0] Processing packet received on port 2
[15:47:18.126] [bmv2] [D] [thread 2569] [29.0] [cxt 0] Parser 'parser': start
[15:47:18.126] [bmv2] [D] [thread 2569] [29.0] [cxt 0] Parser 'parser' entering state 'start'
[15:47:18.126] [bmv2] [D] [thread 2569] [29.0] [cxt 0] Parser state 'start' has no switch, going to default next state
[15:47:18.126] [bmv2] [T] [thread 2569] [29.0] [cxt 0] Bytes parsed: 0
[15:47:18.126] [bmv2] [D] [thread 2569] [29.0] [cxt 0] Parser 'parser': end
[15:47:18.126] [bmv2] [D] [thread 2569] [29.0] [cxt 0] Pipeline 'ingress': start
[15:47:18.126] [bmv2] [T] [thread 2569] [29.0] [cxt 0] Applying table 'MyIngress.ipv4_lpm'
[15:47:18.127] [bmv2] [D] [thread 2569] [29.0] [cxt 0] Looking up key:
* hdr.ipv4.dstAddr    : 00000000

[15:47:18.127] [bmv2] [D] [thread 2569] [29.0] [cxt 0] Table 'MyIngress.ipv4_lpm': miss
[15:47:18.127] [bmv2] [D] [thread 2569] [29.0] [cxt 0] Action entry is NoAction - 
[15:47:18.127] [bmv2] [T] [thread 2569] [29.0] [cxt 0] Action NoAction
[15:47:18.127] [bmv2] [D] [thread 2569] [29.0] [cxt 0] Pipeline 'ingress': end
[15:47:18.127] [bmv2] [D] [thread 2569] [29.0] [cxt 0] Egress port is 0
[15:47:18.127] [bmv2] [D] [thread 2570] [29.0] [cxt 0] Pipeline 'egress': start
[15:47:18.127] [bmv2] [D] [thread 2570] [29.0] [cxt 0] Pipeline 'egress': end
[15:47:18.127] [bmv2] [D] [thread 2570] [29.0] [cxt 0] Deparser 'deparser': start
[15:47:18.127] [bmv2] [T] [thread 2570] [29.0] [cxt 0] Skipping checksum 'cksum' update because condition not met
[15:47:18.127] [bmv2] [D] [thread 2570] [29.0] [cxt 0] Deparser 'deparser': end
[15:47:18.127] [bmv2] [D] [thread 2574] [29.0] [cxt 0] Transmitting packet of size 110 out of port 0
[15:47:18.142] [bmv2] [D] [thread 2569] [30.0] [cxt 0] Processing packet received on port 2
[15:47:18.142] [bmv2] [D] [thread 2569] [30.0] [cxt 0] Parser 'parser': start
[15:47:18.142] [bmv2] [D] [thread 2569] [30.0] [cxt 0] Parser 'parser' entering state 'start'
[15:47:18.142] [bmv2] [D] [thread 2569] [30.0] [cxt 0] Parser state 'start' has no switch, going to default next state
[15:47:18.142] [bmv2] [T] [thread 2569] [30.0] [cxt 0] Bytes parsed: 0
[15:47:18.142] [bmv2] [D] [thread 2569] [30.0] [cxt 0] Parser 'parser': end
[15:47:18.142] [bmv2] [D] [thread 2569] [30.0] [cxt 0] Pipeline 'ingress': start
[15:47:18.142] [bmv2] [T] [thread 2569] [30.0] [cxt 0] Applying table 'MyIngress.ipv4_lpm'
[15:47:18.142] [bmv2] [D] [thread 2569] [30.0] [cxt 0] Looking up key:
* hdr.ipv4.dstAddr    : 00000000

[15:47:18.142] [bmv2] [D] [thread 2569] [30.0] [cxt 0] Table 'MyIngress.ipv4_lpm': miss
[15:47:18.142] [bmv2] [D] [thread 2569] [30.0] [cxt 0] Action entry is NoAction - 
[15:47:18.142] [bmv2] [T] [thread 2569] [30.0] [cxt 0] Action NoAction
[15:47:18.142] [bmv2] [D] [thread 2569] [30.0] [cxt 0] Pipeline 'ingress': end
[15:47:18.142] [bmv2] [D] [thread 2569] [30.0] [cxt 0] Egress port is 0
[15:47:18.142] [bmv2] [D] [thread 2570] [30.0] [cxt 0] Pipeline 'egress': start
[15:47:18.142] [bmv2] [D] [thread 2570] [30.0] [cxt 0] Pipeline 'egress': end
[15:47:18.142] [bmv2] [D] [thread 2570] [30.0] [cxt 0] Deparser 'deparser': start
[15:47:18.142] [bmv2] [T] [thread 2570] [30.0] [cxt 0] Skipping checksum 'cksum' update because condition not met
[15:47:18.142] [bmv2] [D] [thread 2570] [30.0] [cxt 0] Deparser 'deparser': end
[15:47:18.142] [bmv2] [D] [thread 2574] [30.0] [cxt 0] Transmitting packet of size 203 out of port 0
[15:47:18.296] [bmv2] [D] [thread 2569] [31.0] [cxt 0] Processing packet received on port 1
[15:47:18.296] [bmv2] [D] [thread 2569] [31.0] [cxt 0] Parser 'parser': start
[15:47:18.296] [bmv2] [D] [thread 2569] [31.0] [cxt 0] Parser 'parser' entering state 'start'
[15:47:18.296] [bmv2] [D] [thread 2569] [31.0] [cxt 0] Parser state 'start' has no switch, going to default next state
[15:47:18.296] [bmv2] [T] [thread 2569] [31.0] [cxt 0] Bytes parsed: 0
[15:47:18.296] [bmv2] [D] [thread 2569] [31.0] [cxt 0] Parser 'parser': end
[15:47:18.296] [bmv2] [D] [thread 2569] [31.0] [cxt 0] Pipeline 'ingress': start
[15:47:18.296] [bmv2] [T] [thread 2569] [31.0] [cxt 0] Applying table 'MyIngress.ipv4_lpm'
[15:47:18.296] [bmv2] [D] [thread 2569] [31.0] [cxt 0] Looking up key:
* hdr.ipv4.dstAddr    : 00000000

[15:47:18.296] [bmv2] [D] [thread 2569] [31.0] [cxt 0] Table 'MyIngress.ipv4_lpm': miss
[15:47:18.296] [bmv2] [D] [thread 2569] [31.0] [cxt 0] Action entry is NoAction - 
[15:47:18.296] [bmv2] [T] [thread 2569] [31.0] [cxt 0] Action NoAction
[15:47:18.296] [bmv2] [D] [thread 2569] [31.0] [cxt 0] Pipeline 'ingress': end
[15:47:18.296] [bmv2] [D] [thread 2569] [31.0] [cxt 0] Egress port is 0
[15:47:18.296] [bmv2] [D] [thread 2570] [31.0] [cxt 0] Pipeline 'egress': start
[15:47:18.296] [bmv2] [D] [thread 2570] [31.0] [cxt 0] Pipeline 'egress': end
[15:47:18.296] [bmv2] [D] [thread 2570] [31.0] [cxt 0] Deparser 'deparser': start
[15:47:18.296] [bmv2] [T] [thread 2570] [31.0] [cxt 0] Skipping checksum 'cksum' update because condition not met
[15:47:18.296] [bmv2] [D] [thread 2570] [31.0] [cxt 0] Deparser 'deparser': end
[15:47:18.296] [bmv2] [D] [thread 2574] [31.0] [cxt 0] Transmitting packet of size 211 out of port 0
[15:47:18.318] [bmv2] [D] [thread 2569] [32.0] [cxt 0] Processing packet received on port 1
[15:47:18.318] [bmv2] [D] [thread 2569] [32.0] [cxt 0] Parser 'parser': start
[15:47:18.318] [bmv2] [D] [thread 2569] [32.0] [cxt 0] Parser 'parser' entering state 'start'
[15:47:18.318] [bmv2] [D] [thread 2569] [32.0] [cxt 0] Parser state 'start' has no switch, going to default next state
[15:47:18.318] [bmv2] [T] [thread 2569] [32.0] [cxt 0] Bytes parsed: 0
[15:47:18.318] [bmv2] [D] [thread 2569] [32.0] [cxt 0] Parser 'parser': end
[15:47:18.318] [bmv2] [D] [thread 2569] [32.0] [cxt 0] Pipeline 'ingress': start
[15:47:18.318] [bmv2] [T] [thread 2569] [32.0] [cxt 0] Applying table 'MyIngress.ipv4_lpm'
[15:47:18.318] [bmv2] [D] [thread 2569] [32.0] [cxt 0] Looking up key:
* hdr.ipv4.dstAddr    : 00000000

[15:47:18.318] [bmv2] [D] [thread 2569] [32.0] [cxt 0] Table 'MyIngress.ipv4_lpm': miss
[15:47:18.318] [bmv2] [D] [thread 2569] [32.0] [cxt 0] Action entry is NoAction - 
[15:47:18.318] [bmv2] [T] [thread 2569] [32.0] [cxt 0] Action NoAction
[15:47:18.318] [bmv2] [D] [thread 2569] [32.0] [cxt 0] Pipeline 'ingress': end
[15:47:18.318] [bmv2] [D] [thread 2569] [32.0] [cxt 0] Egress port is 0
[15:47:18.319] [bmv2] [D] [thread 2570] [32.0] [cxt 0] Pipeline 'egress': start
[15:47:18.319] [bmv2] [D] [thread 2570] [32.0] [cxt 0] Pipeline 'egress': end
[15:47:18.319] [bmv2] [D] [thread 2570] [32.0] [cxt 0] Deparser 'deparser': start
[15:47:18.319] [bmv2] [T] [thread 2570] [32.0] [cxt 0] Skipping checksum 'cksum' update because condition not met
[15:47:18.319] [bmv2] [D] [thread 2570] [32.0] [cxt 0] Deparser 'deparser': end
[15:47:18.319] [bmv2] [D] [thread 2574] [32.0] [cxt 0] Transmitting packet of size 90 out of port 0
[15:47:18.460] [bmv2] [D] [thread 2569] [33.0] [cxt 0] Processing packet received on port 1
[15:47:18.460] [bmv2] [D] [thread 2569] [33.0] [cxt 0] Parser 'parser': start
[15:47:18.460] [bmv2] [D] [thread 2569] [33.0] [cxt 0] Parser 'parser' entering state 'start'
[15:47:18.460] [bmv2] [D] [thread 2569] [33.0] [cxt 0] Parser state 'start' has no switch, going to default next state
[15:47:18.461] [bmv2] [T] [thread 2569] [33.0] [cxt 0] Bytes parsed: 0
[15:47:18.461] [bmv2] [D] [thread 2569] [33.0] [cxt 0] Parser 'parser': end
[15:47:18.461] [bmv2] [D] [thread 2569] [33.0] [cxt 0] Pipeline 'ingress': start
[15:47:18.461] [bmv2] [T] [thread 2569] [33.0] [cxt 0] Applying table 'MyIngress.ipv4_lpm'
[15:47:18.461] [bmv2] [D] [thread 2569] [33.0] [cxt 0] Looking up key:
* hdr.ipv4.dstAddr    : 00000000

[15:47:18.461] [bmv2] [D] [thread 2569] [33.0] [cxt 0] Table 'MyIngress.ipv4_lpm': miss
[15:47:18.461] [bmv2] [D] [thread 2569] [33.0] [cxt 0] Action entry is NoAction - 
[15:47:18.461] [bmv2] [T] [thread 2569] [33.0] [cxt 0] Action NoAction
[15:47:18.461] [bmv2] [D] [thread 2569] [33.0] [cxt 0] Pipeline 'ingress': end
[15:47:18.461] [bmv2] [D] [thread 2569] [33.0] [cxt 0] Egress port is 0
[15:47:18.461] [bmv2] [D] [thread 2570] [33.0] [cxt 0] Pipeline 'egress': start
[15:47:18.461] [bmv2] [D] [thread 2570] [33.0] [cxt 0] Pipeline 'egress': end
[15:47:18.461] [bmv2] [D] [thread 2570] [33.0] [cxt 0] Deparser 'deparser': start
[15:47:18.461] [bmv2] [T] [thread 2570] [33.0] [cxt 0] Skipping checksum 'cksum' update because condition not met
[15:47:18.461] [bmv2] [D] [thread 2570] [33.0] [cxt 0] Deparser 'deparser': end
[15:47:18.461] [bmv2] [D] [thread 2574] [33.0] [cxt 0] Transmitting packet of size 203 out of port 0
[15:47:18.872] [bmv2] [D] [thread 2569] [34.0] [cxt 0] Processing packet received on port 1
[15:47:18.873] [bmv2] [D] [thread 2569] [34.0] [cxt 0] Parser 'parser': start
[15:47:18.873] [bmv2] [D] [thread 2569] [34.0] [cxt 0] Parser 'parser' entering state 'start'
[15:47:18.873] [bmv2] [D] [thread 2569] [34.0] [cxt 0] Parser state 'start' has no switch, going to default next state
[15:47:18.873] [bmv2] [T] [thread 2569] [34.0] [cxt 0] Bytes parsed: 0
[15:47:18.873] [bmv2] [D] [thread 2569] [34.0] [cxt 0] Parser 'parser': end
[15:47:18.873] [bmv2] [D] [thread 2569] [34.0] [cxt 0] Pipeline 'ingress': start
[15:47:18.873] [bmv2] [T] [thread 2569] [34.0] [cxt 0] Applying table 'MyIngress.ipv4_lpm'
[15:47:18.873] [bmv2] [D] [thread 2569] [34.0] [cxt 0] Looking up key:
* hdr.ipv4.dstAddr    : 00000000

[15:47:18.873] [bmv2] [D] [thread 2569] [34.0] [cxt 0] Table 'MyIngress.ipv4_lpm': miss
[15:47:18.873] [bmv2] [D] [thread 2569] [34.0] [cxt 0] Action entry is NoAction - 
[15:47:18.873] [bmv2] [T] [thread 2569] [34.0] [cxt 0] Action NoAction
[15:47:18.873] [bmv2] [D] [thread 2569] [34.0] [cxt 0] Pipeline 'ingress': end
[15:47:18.873] [bmv2] [D] [thread 2569] [34.0] [cxt 0] Egress port is 0
[15:47:18.873] [bmv2] [D] [thread 2570] [34.0] [cxt 0] Pipeline 'egress': start
[15:47:18.873] [bmv2] [D] [thread 2570] [34.0] [cxt 0] Pipeline 'egress': end
[15:47:18.873] [bmv2] [D] [thread 2570] [34.0] [cxt 0] Deparser 'deparser': start
[15:47:18.873] [bmv2] [T] [thread 2570] [34.0] [cxt 0] Skipping checksum 'cksum' update because condition not met
[15:47:18.873] [bmv2] [D] [thread 2570] [34.0] [cxt 0] Deparser 'deparser': end
[15:47:18.873] [bmv2] [D] [thread 2574] [34.0] [cxt 0] Transmitting packet of size 211 out of port 0
[15:47:19.162] [bmv2] [D] [thread 2569] [35.0] [cxt 0] Processing packet received on port 2
[15:47:19.162] [bmv2] [D] [thread 2569] [35.0] [cxt 0] Parser 'parser': start
[15:47:19.162] [bmv2] [D] [thread 2569] [35.0] [cxt 0] Parser 'parser' entering state 'start'
[15:47:19.162] [bmv2] [D] [thread 2569] [35.0] [cxt 0] Parser state 'start' has no switch, going to default next state
[15:47:19.162] [bmv2] [T] [thread 2569] [35.0] [cxt 0] Bytes parsed: 0
[15:47:19.162] [bmv2] [D] [thread 2569] [35.0] [cxt 0] Parser 'parser': end
[15:47:19.162] [bmv2] [D] [thread 2569] [35.0] [cxt 0] Pipeline 'ingress': start
[15:47:19.162] [bmv2] [T] [thread 2569] [35.0] [cxt 0] Applying table 'MyIngress.ipv4_lpm'
[15:47:19.162] [bmv2] [D] [thread 2569] [35.0] [cxt 0] Looking up key:
* hdr.ipv4.dstAddr    : 00000000

[15:47:19.162] [bmv2] [D] [thread 2569] [35.0] [cxt 0] Table 'MyIngress.ipv4_lpm': miss
[15:47:19.162] [bmv2] [D] [thread 2569] [35.0] [cxt 0] Action entry is NoAction - 
[15:47:19.162] [bmv2] [T] [thread 2569] [35.0] [cxt 0] Action NoAction
[15:47:19.162] [bmv2] [D] [thread 2569] [35.0] [cxt 0] Pipeline 'ingress': end
[15:47:19.162] [bmv2] [D] [thread 2569] [35.0] [cxt 0] Egress port is 0
[15:47:19.162] [bmv2] [D] [thread 2570] [35.0] [cxt 0] Pipeline 'egress': start
[15:47:19.162] [bmv2] [D] [thread 2570] [35.0] [cxt 0] Pipeline 'egress': end
[15:47:19.162] [bmv2] [D] [thread 2570] [35.0] [cxt 0] Deparser 'deparser': start
[15:47:19.162] [bmv2] [T] [thread 2570] [35.0] [cxt 0] Skipping checksum 'cksum' update because condition not met
[15:47:19.162] [bmv2] [D] [thread 2570] [35.0] [cxt 0] Deparser 'deparser': end
[15:47:19.162] [bmv2] [D] [thread 2574] [35.0] [cxt 0] Transmitting packet of size 211 out of port 0
[15:47:19.219] [bmv2] [W] [thread 2614] [P4Runtime] p4::tmp::P4DeviceConfig is deprecated
[15:47:19.220] [bmv2] [D] [thread 2614] Set default default entry for table 'MyIngress.ipv4_lpm': NoAction - 
[15:47:19.223] [bmv2] [D] [thread 2614] simple_switch target has been notified of a config swap
[15:47:19.224] [bmv2] [D] [thread 2615] Set default entry for table 'MyIngress.ipv4_lpm': MyIngress.drop - 
[15:47:19.225] [bmv2] [D] [thread 2615] Entry 0 added to table 'MyIngress.ipv4_lpm'
[15:47:19.225] [bmv2] [D] [thread 2615] Dumping entry 0
Match key:
* hdr.ipv4.dstAddr    : LPM       0a000101/32
Action entry: MyIngress.ipv4_forward - 80000000100,1,

[15:47:19.227] [bmv2] [D] [thread 2615] Entry 1 added to table 'MyIngress.ipv4_lpm'
[15:47:19.227] [bmv2] [D] [thread 2615] Dumping entry 1
Match key:
* hdr.ipv4.dstAddr    : LPM       0a000202/32
Action entry: MyIngress.ipv4_forward - 80000000100,1,

[15:47:19.227] [bmv2] [D] [thread 2620] Entry 2 added to table 'MyIngress.ipv4_lpm'
[15:47:19.227] [bmv2] [D] [thread 2620] Dumping entry 2
Match key:
* hdr.ipv4.dstAddr    : LPM       0a000303/32
Action entry: MyIngress.ipv4_forward - 80000000200,2,

[15:47:19.228] [bmv2] [D] [thread 2615] Entry 3 added to table 'MyIngress.ipv4_lpm'
[15:47:19.228] [bmv2] [D] [thread 2615] Dumping entry 3
Match key:
* hdr.ipv4.dstAddr    : LPM       0a000404/32
Action entry: MyIngress.ipv4_forward - 80000000200,2,

[15:47:19.232] [bmv2] [D] [thread 2569] [36.0] [cxt 0] Processing packet received on port 2
[15:47:19.232] [bmv2] [D] [thread 2569] [36.0] [cxt 0] Parser 'parser': start
[15:47:19.232] [bmv2] [D] [thread 2569] [36.0] [cxt 0] Parser 'parser' entering state 'start'
[15:47:19.232] [bmv2] [D] [thread 2569] [36.0] [cxt 0] Parser state 'start' has no switch, going to default next state
[15:47:19.232] [bmv2] [T] [thread 2569] [36.0] [cxt 0] Bytes parsed: 0
[15:47:19.232] [bmv2] [D] [thread 2569] [36.0] [cxt 0] Parser 'parser': end
[15:47:19.232] [bmv2] [D] [thread 2569] [36.0] [cxt 0] Pipeline 'ingress': start
[15:47:19.232] [bmv2] [T] [thread 2569] [36.0] [cxt 0] Applying table 'MyIngress.ipv4_lpm'
[15:47:19.232] [bmv2] [D] [thread 2569] [36.0] [cxt 0] Looking up key:
* hdr.ipv4.dstAddr    : 00000000

[15:47:19.232] [bmv2] [D] [thread 2569] [36.0] [cxt 0] Table 'MyIngress.ipv4_lpm': miss
[15:47:19.232] [bmv2] [D] [thread 2569] [36.0] [cxt 0] Action entry is MyIngress.drop - 
[15:47:19.232] [bmv2] [T] [thread 2569] [36.0] [cxt 0] Action MyIngress.drop
[15:47:19.232] [bmv2] [T] [thread 2569] [36.0] [cxt 0] basic.p4(78) Primitive mark_to_drop(standard_metadata)
[15:47:19.232] [bmv2] [D] [thread 2569] [36.0] [cxt 0] Pipeline 'ingress': end
[15:47:19.232] [bmv2] [D] [thread 2569] [36.0] [cxt 0] Egress port is 511
[15:47:19.232] [bmv2] [D] [thread 2569] [36.0] [cxt 0] Dropping packet at the end of ingress
[15:47:19.482] [bmv2] [D] [thread 2569] [37.0] [cxt 0] Processing packet received on port 1
[15:47:19.482] [bmv2] [D] [thread 2569] [37.0] [cxt 0] Parser 'parser': start
[15:47:19.482] [bmv2] [D] [thread 2569] [37.0] [cxt 0] Parser 'parser' entering state 'start'
[15:47:19.482] [bmv2] [D] [thread 2569] [37.0] [cxt 0] Parser state 'start' has no switch, going to default next state
[15:47:19.482] [bmv2] [T] [thread 2569] [37.0] [cxt 0] Bytes parsed: 0
[15:47:19.482] [bmv2] [D] [thread 2569] [37.0] [cxt 0] Parser 'parser': end
[15:47:19.482] [bmv2] [D] [thread 2569] [37.0] [cxt 0] Pipeline 'ingress': start
[15:47:19.482] [bmv2] [T] [thread 2569] [37.0] [cxt 0] Applying table 'MyIngress.ipv4_lpm'
[15:47:19.482] [bmv2] [D] [thread 2569] [37.0] [cxt 0] Looking up key:
* hdr.ipv4.dstAddr    : 00000000

[15:47:19.482] [bmv2] [D] [thread 2569] [37.0] [cxt 0] Table 'MyIngress.ipv4_lpm': miss
[15:47:19.482] [bmv2] [D] [thread 2569] [37.0] [cxt 0] Action entry is MyIngress.drop - 
[15:47:19.482] [bmv2] [T] [thread 2569] [37.0] [cxt 0] Action MyIngress.drop
[15:47:19.482] [bmv2] [T] [thread 2569] [37.0] [cxt 0] basic.p4(78) Primitive mark_to_drop(standard_metadata)
[15:47:19.482] [bmv2] [D] [thread 2569] [37.0] [cxt 0] Pipeline 'ingress': end
[15:47:19.482] [bmv2] [D] [thread 2569] [37.0] [cxt 0] Egress port is 511
[15:47:19.482] [bmv2] [D] [thread 2569] [37.0] [cxt 0] Dropping packet at the end of ingress
[15:47:19.853] [bmv2] [D] [thread 2569] [38.0] [cxt 0] Processing packet received on port 1
[15:47:19.853] [bmv2] [D] [thread 2569] [38.0] [cxt 0] Parser 'parser': start
[15:47:19.853] [bmv2] [D] [thread 2569] [38.0] [cxt 0] Parser 'parser' entering state 'start'
[15:47:19.853] [bmv2] [D] [thread 2569] [38.0] [cxt 0] Parser state 'start' has no switch, going to default next state
[15:47:19.853] [bmv2] [T] [thread 2569] [38.0] [cxt 0] Bytes parsed: 0
[15:47:19.853] [bmv2] [D] [thread 2569] [38.0] [cxt 0] Parser 'parser': end
[15:47:19.853] [bmv2] [D] [thread 2569] [38.0] [cxt 0] Pipeline 'ingress': start
[15:47:19.853] [bmv2] [T] [thread 2569] [38.0] [cxt 0] Applying table 'MyIngress.ipv4_lpm'
[15:47:19.853] [bmv2] [D] [thread 2569] [38.0] [cxt 0] Looking up key:
* hdr.ipv4.dstAddr    : 00000000

[15:47:19.853] [bmv2] [D] [thread 2569] [38.0] [cxt 0] Table 'MyIngress.ipv4_lpm': miss
[15:47:19.853] [bmv2] [D] [thread 2569] [38.0] [cxt 0] Action entry is MyIngress.drop - 
[15:47:19.853] [bmv2] [T] [thread 2569] [38.0] [cxt 0] Action MyIngress.drop
[15:47:19.853] [bmv2] [T] [thread 2569] [38.0] [cxt 0] basic.p4(78) Primitive mark_to_drop(standard_metadata)
[15:47:19.853] [bmv2] [D] [thread 2569] [38.0] [cxt 0] Pipeline 'ingress': end
[15:47:19.853] [bmv2] [D] [thread 2569] [38.0] [cxt 0] Egress port is 511
[15:47:19.853] [bmv2] [D] [thread 2569] [38.0] [cxt 0] Dropping packet at the end of ingress
[15:47:20.143] [bmv2] [D] [thread 2569] [39.0] [cxt 0] Processing packet received on port 2
[15:47:20.143] [bmv2] [D] [thread 2569] [39.0] [cxt 0] Parser 'parser': start
[15:47:20.143] [bmv2] [D] [thread 2569] [39.0] [cxt 0] Parser 'parser' entering state 'start'
[15:47:20.143] [bmv2] [D] [thread 2569] [39.0] [cxt 0] Parser state 'start' has no switch, going to default next state
[15:47:20.143] [bmv2] [T] [thread 2569] [39.0] [cxt 0] Bytes parsed: 0
[15:47:20.143] [bmv2] [D] [thread 2569] [39.0] [cxt 0] Parser 'parser': end
[15:47:20.143] [bmv2] [D] [thread 2569] [39.0] [cxt 0] Pipeline 'ingress': start
[15:47:20.143] [bmv2] [T] [thread 2569] [39.0] [cxt 0] Applying table 'MyIngress.ipv4_lpm'
[15:47:20.143] [bmv2] [D] [thread 2569] [39.0] [cxt 0] Looking up key:
* hdr.ipv4.dstAddr    : 00000000

[15:47:20.143] [bmv2] [D] [thread 2569] [39.0] [cxt 0] Table 'MyIngress.ipv4_lpm': miss
[15:47:20.143] [bmv2] [D] [thread 2569] [39.0] [cxt 0] Action entry is MyIngress.drop - 
[15:47:20.143] [bmv2] [T] [thread 2569] [39.0] [cxt 0] Action MyIngress.drop
[15:47:20.143] [bmv2] [T] [thread 2569] [39.0] [cxt 0] basic.p4(78) Primitive mark_to_drop(standard_metadata)
[15:47:20.143] [bmv2] [D] [thread 2569] [39.0] [cxt 0] Pipeline 'ingress': end
[15:47:20.143] [bmv2] [D] [thread 2569] [39.0] [cxt 0] Egress port is 511
[15:47:20.143] [bmv2] [D] [thread 2569] [39.0] [cxt 0] Dropping packet at the end of ingress
[15:47:20.463] [bmv2] [D] [thread 2569] [40.0] [cxt 0] Processing packet received on port 1
[15:47:20.463] [bmv2] [D] [thread 2569] [40.0] [cxt 0] Parser 'parser': start
[15:47:20.463] [bmv2] [D] [thread 2569] [40.0] [cxt 0] Parser 'parser' entering state 'start'
[15:47:20.463] [bmv2] [D] [thread 2569] [40.0] [cxt 0] Parser state 'start' has no switch, going to default next state
[15:47:20.463] [bmv2] [T] [thread 2569] [40.0] [cxt 0] Bytes parsed: 0
[15:47:20.463] [bmv2] [D] [thread 2569] [40.0] [cxt 0] Parser 'parser': end
[15:47:20.463] [bmv2] [D] [thread 2569] [40.0] [cxt 0] Pipeline 'ingress': start
[15:47:20.463] [bmv2] [T] [thread 2569] [40.0] [cxt 0] Applying table 'MyIngress.ipv4_lpm'
[15:47:20.463] [bmv2] [D] [thread 2569] [40.0] [cxt 0] Looking up key:
* hdr.ipv4.dstAddr    : 00000000

[15:47:20.463] [bmv2] [D] [thread 2569] [40.0] [cxt 0] Table 'MyIngress.ipv4_lpm': miss
[15:47:20.463] [bmv2] [D] [thread 2569] [40.0] [cxt 0] Action entry is MyIngress.drop - 
[15:47:20.463] [bmv2] [T] [thread 2569] [40.0] [cxt 0] Action MyIngress.drop
[15:47:20.463] [bmv2] [T] [thread 2569] [40.0] [cxt 0] basic.p4(78) Primitive mark_to_drop(standard_metadata)
[15:47:20.463] [bmv2] [D] [thread 2569] [40.0] [cxt 0] Pipeline 'ingress': end
[15:47:20.463] [bmv2] [D] [thread 2569] [40.0] [cxt 0] Egress port is 511
[15:47:20.463] [bmv2] [D] [thread 2569] [40.0] [cxt 0] Dropping packet at the end of ingress
[15:47:21.057] [bmv2] [D] [thread 2569] [41.0] [cxt 0] Processing packet received on port 1
[15:47:21.057] [bmv2] [D] [thread 2569] [41.0] [cxt 0] Parser 'parser': start
[15:47:21.057] [bmv2] [D] [thread 2569] [41.0] [cxt 0] Parser 'parser' entering state 'start'
[15:47:21.057] [bmv2] [D] [thread 2569] [41.0] [cxt 0] Parser state 'start' has no switch, going to default next state
[15:47:21.057] [bmv2] [T] [thread 2569] [41.0] [cxt 0] Bytes parsed: 0
[15:47:21.057] [bmv2] [D] [thread 2569] [41.0] [cxt 0] Parser 'parser': end
[15:47:21.057] [bmv2] [D] [thread 2569] [41.0] [cxt 0] Pipeline 'ingress': start
[15:47:21.057] [bmv2] [T] [thread 2569] [41.0] [cxt 0] Applying table 'MyIngress.ipv4_lpm'
[15:47:21.057] [bmv2] [D] [thread 2569] [41.0] [cxt 0] Looking up key:
* hdr.ipv4.dstAddr    : 00000000

[15:47:21.057] [bmv2] [D] [thread 2569] [41.0] [cxt 0] Table 'MyIngress.ipv4_lpm': miss
[15:47:21.057] [bmv2] [D] [thread 2569] [41.0] [cxt 0] Action entry is MyIngress.drop - 
[15:47:21.057] [bmv2] [T] [thread 2569] [41.0] [cxt 0] Action MyIngress.drop
[15:47:21.057] [bmv2] [T] [thread 2569] [41.0] [cxt 0] basic.p4(78) Primitive mark_to_drop(standard_metadata)
[15:47:21.057] [bmv2] [D] [thread 2569] [41.0] [cxt 0] Pipeline 'ingress': end
[15:47:21.057] [bmv2] [D] [thread 2569] [41.0] [cxt 0] Egress port is 511
[15:47:21.057] [bmv2] [D] [thread 2569] [41.0] [cxt 0] Dropping packet at the end of ingress
[15:47:21.168] [bmv2] [D] [thread 2569] [42.0] [cxt 0] Processing packet received on port 1
[15:47:21.168] [bmv2] [D] [thread 2569] [42.0] [cxt 0] Parser 'parser': start
[15:47:21.168] [bmv2] [D] [thread 2569] [42.0] [cxt 0] Parser 'parser' entering state 'start'
[15:47:21.168] [bmv2] [D] [thread 2569] [42.0] [cxt 0] Parser state 'start' has no switch, going to default next state
[15:47:21.168] [bmv2] [T] [thread 2569] [42.0] [cxt 0] Bytes parsed: 0
[15:47:21.168] [bmv2] [D] [thread 2569] [42.0] [cxt 0] Parser 'parser': end
[15:47:21.168] [bmv2] [D] [thread 2569] [42.0] [cxt 0] Pipeline 'ingress': start
[15:47:21.168] [bmv2] [T] [thread 2569] [42.0] [cxt 0] Applying table 'MyIngress.ipv4_lpm'
[15:47:21.168] [bmv2] [D] [thread 2569] [42.0] [cxt 0] Looking up key:
* hdr.ipv4.dstAddr    : 00000000

[15:47:21.168] [bmv2] [D] [thread 2569] [42.0] [cxt 0] Table 'MyIngress.ipv4_lpm': miss
[15:47:21.168] [bmv2] [D] [thread 2569] [42.0] [cxt 0] Action entry is MyIngress.drop - 
[15:47:21.168] [bmv2] [T] [thread 2569] [42.0] [cxt 0] Action MyIngress.drop
[15:47:21.168] [bmv2] [T] [thread 2569] [42.0] [cxt 0] basic.p4(78) Primitive mark_to_drop(standard_metadata)
[15:47:21.168] [bmv2] [D] [thread 2569] [42.0] [cxt 0] Pipeline 'ingress': end
[15:47:21.168] [bmv2] [D] [thread 2569] [42.0] [cxt 0] Egress port is 511
[15:47:21.168] [bmv2] [D] [thread 2569] [42.0] [cxt 0] Dropping packet at the end of ingress
[15:47:21.168] [bmv2] [D] [thread 2569] [43.0] [cxt 0] Processing packet received on port 2
[15:47:21.168] [bmv2] [D] [thread 2569] [43.0] [cxt 0] Parser 'parser': start
[15:47:21.168] [bmv2] [D] [thread 2569] [43.0] [cxt 0] Parser 'parser' entering state 'start'
[15:47:21.168] [bmv2] [D] [thread 2569] [43.0] [cxt 0] Parser state 'start' has no switch, going to default next state
[15:47:21.168] [bmv2] [T] [thread 2569] [43.0] [cxt 0] Bytes parsed: 0
[15:47:21.168] [bmv2] [D] [thread 2569] [43.0] [cxt 0] Parser 'parser': end
[15:47:21.168] [bmv2] [D] [thread 2569] [43.0] [cxt 0] Pipeline 'ingress': start
[15:47:21.168] [bmv2] [T] [thread 2569] [43.0] [cxt 0] Applying table 'MyIngress.ipv4_lpm'
[15:47:21.168] [bmv2] [D] [thread 2569] [43.0] [cxt 0] Looking up key:
* hdr.ipv4.dstAddr    : 00000000

[15:47:21.168] [bmv2] [D] [thread 2569] [43.0] [cxt 0] Table 'MyIngress.ipv4_lpm': miss
[15:47:21.168] [bmv2] [D] [thread 2569] [43.0] [cxt 0] Action entry is MyIngress.drop - 
[15:47:21.168] [bmv2] [T] [thread 2569] [43.0] [cxt 0] Action MyIngress.drop
[15:47:21.168] [bmv2] [T] [thread 2569] [43.0] [cxt 0] basic.p4(78) Primitive mark_to_drop(standard_metadata)
[15:47:21.168] [bmv2] [D] [thread 2569] [43.0] [cxt 0] Pipeline 'ingress': end
[15:47:21.168] [bmv2] [D] [thread 2569] [43.0] [cxt 0] Egress port is 511
[15:47:21.168] [bmv2] [D] [thread 2569] [43.0] [cxt 0] Dropping packet at the end of ingress
[15:47:21.346] [bmv2] [D] [thread 2569] [44.0] [cxt 0] Processing packet received on port 2
[15:47:21.346] [bmv2] [D] [thread 2569] [44.0] [cxt 0] Parser 'parser': start
[15:47:21.346] [bmv2] [D] [thread 2569] [44.0] [cxt 0] Parser 'parser' entering state 'start'
[15:47:21.346] [bmv2] [D] [thread 2569] [44.0] [cxt 0] Parser state 'start' has no switch, going to default next state
[15:47:21.346] [bmv2] [T] [thread 2569] [44.0] [cxt 0] Bytes parsed: 0
[15:47:21.346] [bmv2] [D] [thread 2569] [44.0] [cxt 0] Parser 'parser': end
[15:47:21.346] [bmv2] [D] [thread 2569] [44.0] [cxt 0] Pipeline 'ingress': start
[15:47:21.346] [bmv2] [T] [thread 2569] [44.0] [cxt 0] Applying table 'MyIngress.ipv4_lpm'
[15:47:21.346] [bmv2] [D] [thread 2569] [44.0] [cxt 0] Looking up key:
* hdr.ipv4.dstAddr    : 00000000

[15:47:21.346] [bmv2] [D] [thread 2569] [44.0] [cxt 0] Table 'MyIngress.ipv4_lpm': miss
[15:47:21.346] [bmv2] [D] [thread 2569] [44.0] [cxt 0] Action entry is MyIngress.drop - 
[15:47:21.346] [bmv2] [T] [thread 2569] [44.0] [cxt 0] Action MyIngress.drop
[15:47:21.346] [bmv2] [T] [thread 2569] [44.0] [cxt 0] basic.p4(78) Primitive mark_to_drop(standard_metadata)
[15:47:21.346] [bmv2] [D] [thread 2569] [44.0] [cxt 0] Pipeline 'ingress': end
[15:47:21.346] [bmv2] [D] [thread 2569] [44.0] [cxt 0] Egress port is 511
[15:47:21.346] [bmv2] [D] [thread 2569] [44.0] [cxt 0] Dropping packet at the end of ingress
[15:47:21.416] [bmv2] [D] [thread 2569] [45.0] [cxt 0] Processing packet received on port 2
[15:47:21.416] [bmv2] [D] [thread 2569] [45.0] [cxt 0] Parser 'parser': start
[15:47:21.416] [bmv2] [D] [thread 2569] [45.0] [cxt 0] Parser 'parser' entering state 'start'
[15:47:21.416] [bmv2] [D] [thread 2569] [45.0] [cxt 0] Parser state 'start' has no switch, going to default next state
[15:47:21.416] [bmv2] [T] [thread 2569] [45.0] [cxt 0] Bytes parsed: 0
[15:47:21.416] [bmv2] [D] [thread 2569] [45.0] [cxt 0] Parser 'parser': end
[15:47:21.416] [bmv2] [D] [thread 2569] [45.0] [cxt 0] Pipeline 'ingress': start
[15:47:21.416] [bmv2] [T] [thread 2569] [45.0] [cxt 0] Applying table 'MyIngress.ipv4_lpm'
[15:47:21.416] [bmv2] [D] [thread 2569] [45.0] [cxt 0] Looking up key:
* hdr.ipv4.dstAddr    : 00000000

[15:47:21.416] [bmv2] [D] [thread 2569] [45.0] [cxt 0] Table 'MyIngress.ipv4_lpm': miss
[15:47:21.416] [bmv2] [D] [thread 2569] [45.0] [cxt 0] Action entry is MyIngress.drop - 
[15:47:21.416] [bmv2] [T] [thread 2569] [45.0] [cxt 0] Action MyIngress.drop
[15:47:21.416] [bmv2] [T] [thread 2569] [45.0] [cxt 0] basic.p4(78) Primitive mark_to_drop(standard_metadata)
[15:47:21.416] [bmv2] [D] [thread 2569] [45.0] [cxt 0] Pipeline 'ingress': end
[15:47:21.416] [bmv2] [D] [thread 2569] [45.0] [cxt 0] Egress port is 511
[15:47:21.416] [bmv2] [D] [thread 2569] [45.0] [cxt 0] Dropping packet at the end of ingress
[15:47:21.423] [bmv2] [D] [thread 2569] [46.0] [cxt 0] Processing packet received on port 2
[15:47:21.423] [bmv2] [D] [thread 2569] [46.0] [cxt 0] Parser 'parser': start
[15:47:21.423] [bmv2] [D] [thread 2569] [46.0] [cxt 0] Parser 'parser' entering state 'start'
[15:47:21.423] [bmv2] [D] [thread 2569] [46.0] [cxt 0] Parser state 'start' has no switch, going to default next state
[15:47:21.423] [bmv2] [T] [thread 2569] [46.0] [cxt 0] Bytes parsed: 0
[15:47:21.423] [bmv2] [D] [thread 2569] [46.0] [cxt 0] Parser 'parser': end
[15:47:21.423] [bmv2] [D] [thread 2569] [46.0] [cxt 0] Pipeline 'ingress': start
[15:47:21.423] [bmv2] [T] [thread 2569] [46.0] [cxt 0] Applying table 'MyIngress.ipv4_lpm'
[15:47:21.423] [bmv2] [D] [thread 2569] [46.0] [cxt 0] Looking up key:
* hdr.ipv4.dstAddr    : 00000000

[15:47:21.423] [bmv2] [D] [thread 2569] [46.0] [cxt 0] Table 'MyIngress.ipv4_lpm': miss
[15:47:21.423] [bmv2] [D] [thread 2569] [46.0] [cxt 0] Action entry is MyIngress.drop - 
[15:47:21.423] [bmv2] [T] [thread 2569] [46.0] [cxt 0] Action MyIngress.drop
[15:47:21.423] [bmv2] [T] [thread 2569] [46.0] [cxt 0] basic.p4(78) Primitive mark_to_drop(standard_metadata)
[15:47:21.423] [bmv2] [D] [thread 2569] [46.0] [cxt 0] Pipeline 'ingress': end
[15:47:21.423] [bmv2] [D] [thread 2569] [46.0] [cxt 0] Egress port is 511
[15:47:21.423] [bmv2] [D] [thread 2569] [46.0] [cxt 0] Dropping packet at the end of ingress
[15:47:21.667] [bmv2] [D] [thread 2569] [47.0] [cxt 0] Processing packet received on port 1
[15:47:21.667] [bmv2] [D] [thread 2569] [47.0] [cxt 0] Parser 'parser': start
[15:47:21.667] [bmv2] [D] [thread 2569] [47.0] [cxt 0] Parser 'parser' entering state 'start'
[15:47:21.667] [bmv2] [D] [thread 2569] [47.0] [cxt 0] Parser state 'start' has no switch, going to default next state
[15:47:21.667] [bmv2] [T] [thread 2569] [47.0] [cxt 0] Bytes parsed: 0
[15:47:21.667] [bmv2] [D] [thread 2569] [47.0] [cxt 0] Parser 'parser': end
[15:47:21.667] [bmv2] [D] [thread 2569] [47.0] [cxt 0] Pipeline 'ingress': start
[15:47:21.667] [bmv2] [T] [thread 2569] [47.0] [cxt 0] Applying table 'MyIngress.ipv4_lpm'
[15:47:21.667] [bmv2] [D] [thread 2569] [47.0] [cxt 0] Looking up key:
* hdr.ipv4.dstAddr    : 00000000

[15:47:21.667] [bmv2] [D] [thread 2569] [47.0] [cxt 0] Table 'MyIngress.ipv4_lpm': miss
[15:47:21.667] [bmv2] [D] [thread 2569] [47.0] [cxt 0] Action entry is MyIngress.drop - 
[15:47:21.667] [bmv2] [T] [thread 2569] [47.0] [cxt 0] Action MyIngress.drop
[15:47:21.667] [bmv2] [T] [thread 2569] [47.0] [cxt 0] basic.p4(78) Primitive mark_to_drop(standard_metadata)
[15:47:21.667] [bmv2] [D] [thread 2569] [47.0] [cxt 0] Pipeline 'ingress': end
[15:47:21.667] [bmv2] [D] [thread 2569] [47.0] [cxt 0] Egress port is 511
[15:47:21.667] [bmv2] [D] [thread 2569] [47.0] [cxt 0] Dropping packet at the end of ingress
[15:47:21.934] [bmv2] [D] [thread 2569] [48.0] [cxt 0] Processing packet received on port 1
[15:47:21.934] [bmv2] [D] [thread 2569] [48.0] [cxt 0] Parser 'parser': start
[15:47:21.934] [bmv2] [D] [thread 2569] [48.0] [cxt 0] Parser 'parser' entering state 'start'
[15:47:21.934] [bmv2] [D] [thread 2569] [48.0] [cxt 0] Parser state 'start' has no switch, going to default next state
[15:47:21.934] [bmv2] [T] [thread 2569] [48.0] [cxt 0] Bytes parsed: 0
[15:47:21.934] [bmv2] [D] [thread 2569] [48.0] [cxt 0] Parser 'parser': end
[15:47:21.934] [bmv2] [D] [thread 2569] [48.0] [cxt 0] Pipeline 'ingress': start
[15:47:21.934] [bmv2] [T] [thread 2569] [48.0] [cxt 0] Applying table 'MyIngress.ipv4_lpm'
[15:47:21.935] [bmv2] [D] [thread 2569] [48.0] [cxt 0] Looking up key:
* hdr.ipv4.dstAddr    : 00000000

[15:47:21.935] [bmv2] [D] [thread 2569] [48.0] [cxt 0] Table 'MyIngress.ipv4_lpm': miss
[15:47:21.935] [bmv2] [D] [thread 2569] [48.0] [cxt 0] Action entry is MyIngress.drop - 
[15:47:21.935] [bmv2] [T] [thread 2569] [48.0] [cxt 0] Action MyIngress.drop
[15:47:21.935] [bmv2] [T] [thread 2569] [48.0] [cxt 0] basic.p4(78) Primitive mark_to_drop(standard_metadata)
[15:47:21.935] [bmv2] [D] [thread 2569] [48.0] [cxt 0] Pipeline 'ingress': end
[15:47:21.935] [bmv2] [D] [thread 2569] [48.0] [cxt 0] Egress port is 511
[15:47:21.935] [bmv2] [D] [thread 2569] [48.0] [cxt 0] Dropping packet at the end of ingress
[15:47:23.854] [bmv2] [D] [thread 2569] [49.0] [cxt 0] Processing packet received on port 1
[15:47:23.854] [bmv2] [D] [thread 2569] [49.0] [cxt 0] Parser 'parser': start
[15:47:23.854] [bmv2] [D] [thread 2569] [49.0] [cxt 0] Parser 'parser' entering state 'start'
[15:47:23.854] [bmv2] [D] [thread 2569] [49.0] [cxt 0] Parser state 'start' has no switch, going to default next state
[15:47:23.854] [bmv2] [T] [thread 2569] [49.0] [cxt 0] Bytes parsed: 0
[15:47:23.854] [bmv2] [D] [thread 2569] [49.0] [cxt 0] Parser 'parser': end
[15:47:23.854] [bmv2] [D] [thread 2569] [49.0] [cxt 0] Pipeline 'ingress': start
[15:47:23.854] [bmv2] [T] [thread 2569] [49.0] [cxt 0] Applying table 'MyIngress.ipv4_lpm'
[15:47:23.854] [bmv2] [D] [thread 2569] [49.0] [cxt 0] Looking up key:
* hdr.ipv4.dstAddr    : 00000000

[15:47:23.854] [bmv2] [D] [thread 2569] [49.0] [cxt 0] Table 'MyIngress.ipv4_lpm': miss
[15:47:23.854] [bmv2] [D] [thread 2569] [49.0] [cxt 0] Action entry is MyIngress.drop - 
[15:47:23.854] [bmv2] [T] [thread 2569] [49.0] [cxt 0] Action MyIngress.drop
[15:47:23.854] [bmv2] [T] [thread 2569] [49.0] [cxt 0] basic.p4(78) Primitive mark_to_drop(standard_metadata)
[15:47:23.854] [bmv2] [D] [thread 2569] [49.0] [cxt 0] Pipeline 'ingress': end
[15:47:23.854] [bmv2] [D] [thread 2569] [49.0] [cxt 0] Egress port is 511
[15:47:23.854] [bmv2] [D] [thread 2569] [49.0] [cxt 0] Dropping packet at the end of ingress
[15:47:24.145] [bmv2] [D] [thread 2569] [50.0] [cxt 0] Processing packet received on port 2
[15:47:24.145] [bmv2] [D] [thread 2569] [50.0] [cxt 0] Parser 'parser': start
[15:47:24.145] [bmv2] [D] [thread 2569] [50.0] [cxt 0] Parser 'parser' entering state 'start'
[15:47:24.145] [bmv2] [D] [thread 2569] [50.0] [cxt 0] Parser state 'start' has no switch, going to default next state
[15:47:24.145] [bmv2] [T] [thread 2569] [50.0] [cxt 0] Bytes parsed: 0
[15:47:24.145] [bmv2] [D] [thread 2569] [50.0] [cxt 0] Parser 'parser': end
[15:47:24.145] [bmv2] [D] [thread 2569] [50.0] [cxt 0] Pipeline 'ingress': start
[15:47:24.145] [bmv2] [T] [thread 2569] [50.0] [cxt 0] Applying table 'MyIngress.ipv4_lpm'
[15:47:24.145] [bmv2] [D] [thread 2569] [50.0] [cxt 0] Looking up key:
* hdr.ipv4.dstAddr    : 00000000

[15:47:24.145] [bmv2] [D] [thread 2569] [50.0] [cxt 0] Table 'MyIngress.ipv4_lpm': miss
[15:47:24.145] [bmv2] [D] [thread 2569] [50.0] [cxt 0] Action entry is MyIngress.drop - 
[15:47:24.145] [bmv2] [T] [thread 2569] [50.0] [cxt 0] Action MyIngress.drop
[15:47:24.145] [bmv2] [T] [thread 2569] [50.0] [cxt 0] basic.p4(78) Primitive mark_to_drop(standard_metadata)
[15:47:24.145] [bmv2] [D] [thread 2569] [50.0] [cxt 0] Pipeline 'ingress': end
[15:47:24.145] [bmv2] [D] [thread 2569] [50.0] [cxt 0] Egress port is 511
[15:47:24.145] [bmv2] [D] [thread 2569] [50.0] [cxt 0] Dropping packet at the end of ingress
[15:47:24.463] [bmv2] [D] [thread 2569] [51.0] [cxt 0] Processing packet received on port 1
[15:47:24.463] [bmv2] [D] [thread 2569] [51.0] [cxt 0] Parser 'parser': start
[15:47:24.463] [bmv2] [D] [thread 2569] [51.0] [cxt 0] Parser 'parser' entering state 'start'
[15:47:24.463] [bmv2] [D] [thread 2569] [51.0] [cxt 0] Parser state 'start' has no switch, going to default next state
[15:47:24.463] [bmv2] [T] [thread 2569] [51.0] [cxt 0] Bytes parsed: 0
[15:47:24.463] [bmv2] [D] [thread 2569] [51.0] [cxt 0] Parser 'parser': end
[15:47:24.463] [bmv2] [D] [thread 2569] [51.0] [cxt 0] Pipeline 'ingress': start
[15:47:24.463] [bmv2] [T] [thread 2569] [51.0] [cxt 0] Applying table 'MyIngress.ipv4_lpm'
[15:47:24.463] [bmv2] [D] [thread 2569] [51.0] [cxt 0] Looking up key:
* hdr.ipv4.dstAddr    : 00000000

[15:47:24.463] [bmv2] [D] [thread 2569] [51.0] [cxt 0] Table 'MyIngress.ipv4_lpm': miss
[15:47:24.463] [bmv2] [D] [thread 2569] [51.0] [cxt 0] Action entry is MyIngress.drop - 
[15:47:24.463] [bmv2] [T] [thread 2569] [51.0] [cxt 0] Action MyIngress.drop
[15:47:24.463] [bmv2] [T] [thread 2569] [51.0] [cxt 0] basic.p4(78) Primitive mark_to_drop(standard_metadata)
[15:47:24.463] [bmv2] [D] [thread 2569] [51.0] [cxt 0] Pipeline 'ingress': end
[15:47:24.463] [bmv2] [D] [thread 2569] [51.0] [cxt 0] Egress port is 511
[15:47:24.463] [bmv2] [D] [thread 2569] [51.0] [cxt 0] Dropping packet at the end of ingress
[15:47:28.848] [bmv2] [D] [thread 2569] [52.0] [cxt 0] Processing packet received on port 2
[15:47:28.848] [bmv2] [D] [thread 2569] [52.0] [cxt 0] Parser 'parser': start
[15:47:28.848] [bmv2] [D] [thread 2569] [52.0] [cxt 0] Parser 'parser' entering state 'start'
[15:47:28.848] [bmv2] [D] [thread 2569] [52.0] [cxt 0] Parser state 'start' has no switch, going to default next state
[15:47:28.848] [bmv2] [T] [thread 2569] [52.0] [cxt 0] Bytes parsed: 0
[15:47:28.848] [bmv2] [D] [thread 2569] [52.0] [cxt 0] Parser 'parser': end
[15:47:28.848] [bmv2] [D] [thread 2569] [52.0] [cxt 0] Pipeline 'ingress': start
[15:47:28.848] [bmv2] [T] [thread 2569] [52.0] [cxt 0] Applying table 'MyIngress.ipv4_lpm'
[15:47:28.848] [bmv2] [D] [thread 2569] [52.0] [cxt 0] Looking up key:
* hdr.ipv4.dstAddr    : 00000000

[15:47:28.848] [bmv2] [D] [thread 2569] [52.0] [cxt 0] Table 'MyIngress.ipv4_lpm': miss
[15:47:28.848] [bmv2] [D] [thread 2569] [52.0] [cxt 0] Action entry is MyIngress.drop - 
[15:47:28.848] [bmv2] [T] [thread 2569] [52.0] [cxt 0] Action MyIngress.drop
[15:47:28.848] [bmv2] [T] [thread 2569] [52.0] [cxt 0] basic.p4(78) Primitive mark_to_drop(standard_metadata)
[15:47:28.848] [bmv2] [D] [thread 2569] [52.0] [cxt 0] Pipeline 'ingress': end
[15:47:28.848] [bmv2] [D] [thread 2569] [52.0] [cxt 0] Egress port is 511
[15:47:28.848] [bmv2] [D] [thread 2569] [52.0] [cxt 0] Dropping packet at the end of ingress
[15:47:29.614] [bmv2] [D] [thread 2569] [53.0] [cxt 0] Processing packet received on port 1
[15:47:29.614] [bmv2] [D] [thread 2569] [53.0] [cxt 0] Parser 'parser': start
[15:47:29.614] [bmv2] [D] [thread 2569] [53.0] [cxt 0] Parser 'parser' entering state 'start'
[15:47:29.614] [bmv2] [D] [thread 2569] [53.0] [cxt 0] Parser state 'start' has no switch, going to default next state
[15:47:29.614] [bmv2] [T] [thread 2569] [53.0] [cxt 0] Bytes parsed: 0
[15:47:29.614] [bmv2] [D] [thread 2569] [53.0] [cxt 0] Parser 'parser': end
[15:47:29.615] [bmv2] [D] [thread 2569] [53.0] [cxt 0] Pipeline 'ingress': start
[15:47:29.615] [bmv2] [T] [thread 2569] [53.0] [cxt 0] Applying table 'MyIngress.ipv4_lpm'
[15:47:29.615] [bmv2] [D] [thread 2569] [53.0] [cxt 0] Looking up key:
* hdr.ipv4.dstAddr    : 00000000

[15:47:29.615] [bmv2] [D] [thread 2569] [53.0] [cxt 0] Table 'MyIngress.ipv4_lpm': miss
[15:47:29.615] [bmv2] [D] [thread 2569] [53.0] [cxt 0] Action entry is MyIngress.drop - 
[15:47:29.615] [bmv2] [T] [thread 2569] [53.0] [cxt 0] Action MyIngress.drop
[15:47:29.615] [bmv2] [T] [thread 2569] [53.0] [cxt 0] basic.p4(78) Primitive mark_to_drop(standard_metadata)
[15:47:29.615] [bmv2] [D] [thread 2569] [53.0] [cxt 0] Pipeline 'ingress': end
[15:47:29.615] [bmv2] [D] [thread 2569] [53.0] [cxt 0] Egress port is 511
[15:47:29.615] [bmv2] [D] [thread 2569] [53.0] [cxt 0] Dropping packet at the end of ingress
[15:47:30.127] [bmv2] [D] [thread 2569] [54.0] [cxt 0] Processing packet received on port 2
[15:47:30.127] [bmv2] [D] [thread 2569] [54.0] [cxt 0] Parser 'parser': start
[15:47:30.127] [bmv2] [D] [thread 2569] [54.0] [cxt 0] Parser 'parser' entering state 'start'
[15:47:30.127] [bmv2] [D] [thread 2569] [54.0] [cxt 0] Parser state 'start' has no switch, going to default next state
[15:47:30.127] [bmv2] [T] [thread 2569] [54.0] [cxt 0] Bytes parsed: 0
[15:47:30.127] [bmv2] [D] [thread 2569] [54.0] [cxt 0] Parser 'parser': end
[15:47:30.127] [bmv2] [D] [thread 2569] [54.0] [cxt 0] Pipeline 'ingress': start
[15:47:30.127] [bmv2] [T] [thread 2569] [54.0] [cxt 0] Applying table 'MyIngress.ipv4_lpm'
[15:47:30.127] [bmv2] [D] [thread 2569] [54.0] [cxt 0] Looking up key:
* hdr.ipv4.dstAddr    : 00000000

[15:47:30.127] [bmv2] [D] [thread 2569] [54.0] [cxt 0] Table 'MyIngress.ipv4_lpm': miss
[15:47:30.127] [bmv2] [D] [thread 2569] [54.0] [cxt 0] Action entry is MyIngress.drop - 
[15:47:30.127] [bmv2] [T] [thread 2569] [54.0] [cxt 0] Action MyIngress.drop
[15:47:30.127] [bmv2] [T] [thread 2569] [54.0] [cxt 0] basic.p4(78) Primitive mark_to_drop(standard_metadata)
[15:47:30.127] [bmv2] [D] [thread 2569] [54.0] [cxt 0] Pipeline 'ingress': end
[15:47:30.127] [bmv2] [D] [thread 2569] [54.0] [cxt 0] Egress port is 511
[15:47:30.127] [bmv2] [D] [thread 2569] [54.0] [cxt 0] Dropping packet at the end of ingress
[15:47:30.894] [bmv2] [D] [thread 2569] [55.0] [cxt 0] Processing packet received on port 1
[15:47:30.894] [bmv2] [D] [thread 2569] [55.0] [cxt 0] Parser 'parser': start
[15:47:30.894] [bmv2] [D] [thread 2569] [55.0] [cxt 0] Parser 'parser' entering state 'start'
[15:47:30.894] [bmv2] [D] [thread 2569] [55.0] [cxt 0] Parser state 'start' has no switch, going to default next state
[15:47:30.894] [bmv2] [T] [thread 2569] [55.0] [cxt 0] Bytes parsed: 0
[15:47:30.894] [bmv2] [D] [thread 2569] [55.0] [cxt 0] Parser 'parser': end
[15:47:30.894] [bmv2] [D] [thread 2569] [55.0] [cxt 0] Pipeline 'ingress': start
[15:47:30.894] [bmv2] [T] [thread 2569] [55.0] [cxt 0] Applying table 'MyIngress.ipv4_lpm'
[15:47:30.894] [bmv2] [D] [thread 2569] [55.0] [cxt 0] Looking up key:
* hdr.ipv4.dstAddr    : 00000000

[15:47:30.894] [bmv2] [D] [thread 2569] [55.0] [cxt 0] Table 'MyIngress.ipv4_lpm': miss
[15:47:30.895] [bmv2] [D] [thread 2569] [55.0] [cxt 0] Action entry is MyIngress.drop - 
[15:47:30.895] [bmv2] [T] [thread 2569] [55.0] [cxt 0] Action MyIngress.drop
[15:47:30.895] [bmv2] [T] [thread 2569] [55.0] [cxt 0] basic.p4(78) Primitive mark_to_drop(standard_metadata)
[15:47:30.895] [bmv2] [D] [thread 2569] [55.0] [cxt 0] Pipeline 'ingress': end
[15:47:30.895] [bmv2] [D] [thread 2569] [55.0] [cxt 0] Egress port is 511
[15:47:30.895] [bmv2] [D] [thread 2569] [55.0] [cxt 0] Dropping packet at the end of ingress
[15:47:31.854] [bmv2] [D] [thread 2569] [56.0] [cxt 0] Processing packet received on port 1
[15:47:31.854] [bmv2] [D] [thread 2569] [56.0] [cxt 0] Parser 'parser': start
[15:47:31.854] [bmv2] [D] [thread 2569] [56.0] [cxt 0] Parser 'parser' entering state 'start'
[15:47:31.854] [bmv2] [D] [thread 2569] [56.0] [cxt 0] Parser state 'start' has no switch, going to default next state
[15:47:31.854] [bmv2] [T] [thread 2569] [56.0] [cxt 0] Bytes parsed: 0
[15:47:31.854] [bmv2] [D] [thread 2569] [56.0] [cxt 0] Parser 'parser': end
[15:47:31.854] [bmv2] [D] [thread 2569] [56.0] [cxt 0] Pipeline 'ingress': start
[15:47:31.854] [bmv2] [T] [thread 2569] [56.0] [cxt 0] Applying table 'MyIngress.ipv4_lpm'
[15:47:31.854] [bmv2] [D] [thread 2569] [56.0] [cxt 0] Looking up key:
* hdr.ipv4.dstAddr    : 00000000

[15:47:31.854] [bmv2] [D] [thread 2569] [56.0] [cxt 0] Table 'MyIngress.ipv4_lpm': miss
[15:47:31.854] [bmv2] [D] [thread 2569] [56.0] [cxt 0] Action entry is MyIngress.drop - 
[15:47:31.854] [bmv2] [T] [thread 2569] [56.0] [cxt 0] Action MyIngress.drop
[15:47:31.854] [bmv2] [T] [thread 2569] [56.0] [cxt 0] basic.p4(78) Primitive mark_to_drop(standard_metadata)
[15:47:31.854] [bmv2] [D] [thread 2569] [56.0] [cxt 0] Pipeline 'ingress': end
[15:47:31.854] [bmv2] [D] [thread 2569] [56.0] [cxt 0] Egress port is 511
[15:47:31.854] [bmv2] [D] [thread 2569] [56.0] [cxt 0] Dropping packet at the end of ingress
[15:47:32.143] [bmv2] [D] [thread 2569] [57.0] [cxt 0] Processing packet received on port 2
[15:47:32.144] [bmv2] [D] [thread 2569] [57.0] [cxt 0] Parser 'parser': start
[15:47:32.144] [bmv2] [D] [thread 2569] [57.0] [cxt 0] Parser 'parser' entering state 'start'
[15:47:32.144] [bmv2] [D] [thread 2569] [57.0] [cxt 0] Parser state 'start' has no switch, going to default next state
[15:47:32.144] [bmv2] [T] [thread 2569] [57.0] [cxt 0] Bytes parsed: 0
[15:47:32.144] [bmv2] [D] [thread 2569] [57.0] [cxt 0] Parser 'parser': end
[15:47:32.144] [bmv2] [D] [thread 2569] [57.0] [cxt 0] Pipeline 'ingress': start
[15:47:32.144] [bmv2] [T] [thread 2569] [57.0] [cxt 0] Applying table 'MyIngress.ipv4_lpm'
[15:47:32.144] [bmv2] [D] [thread 2569] [57.0] [cxt 0] Looking up key:
* hdr.ipv4.dstAddr    : 00000000

[15:47:32.144] [bmv2] [D] [thread 2569] [57.0] [cxt 0] Table 'MyIngress.ipv4_lpm': miss
[15:47:32.144] [bmv2] [D] [thread 2569] [57.0] [cxt 0] Action entry is MyIngress.drop - 
[15:47:32.144] [bmv2] [T] [thread 2569] [57.0] [cxt 0] Action MyIngress.drop
[15:47:32.144] [bmv2] [T] [thread 2569] [57.0] [cxt 0] basic.p4(78) Primitive mark_to_drop(standard_metadata)
[15:47:32.144] [bmv2] [D] [thread 2569] [57.0] [cxt 0] Pipeline 'ingress': end
[15:47:32.144] [bmv2] [D] [thread 2569] [57.0] [cxt 0] Egress port is 511
[15:47:32.144] [bmv2] [D] [thread 2569] [57.0] [cxt 0] Dropping packet at the end of ingress
open: No such file or directory
open: No such file or directory
