Calling target program-options parser
[15:47:17.636] [bmv2] [D] [thread 2577] Set default default entry for table 'MyIngress.ipv4_lpm': NoAction - 
Adding interface s4-eth1 as port 1
[15:47:17.636] [bmv2] [D] [thread 2577] Adding interface s4-eth1 as port 1
Adding interface s4-eth2 as port 2
[15:47:17.645] [bmv2] [D] [thread 2577] Adding interface s4-eth2 as port 2
Server listening on 0.0.0.0:50054
[15:47:17.656] [bmv2] [I] [thread 2577] Starting Thrift server on port 9093
[15:47:17.656] [bmv2] [I] [thread 2577] Thrift server was started
[15:47:17.656] [bmv2] [D] [thread 2589] [0.0] [cxt 0] Processing packet received on port 2
[15:47:17.656] [bmv2] [D] [thread 2589] [0.0] [cxt 0] Parser 'parser': start
[15:47:17.656] [bmv2] [D] [thread 2589] [0.0] [cxt 0] Parser 'parser' entering state 'start'
[15:47:17.656] [bmv2] [D] [thread 2589] [0.0] [cxt 0] Parser state 'start' has no switch, going to default next state
[15:47:17.656] [bmv2] [T] [thread 2589] [0.0] [cxt 0] Bytes parsed: 0
[15:47:17.656] [bmv2] [D] [thread 2589] [0.0] [cxt 0] Parser 'parser': end
[15:47:17.656] [bmv2] [D] [thread 2589] [0.0] [cxt 0] Pipeline 'ingress': start
[15:47:17.656] [bmv2] [T] [thread 2589] [0.0] [cxt 0] Applying table 'MyIngress.ipv4_lpm'
[15:47:17.657] [bmv2] [D] [thread 2589] [0.0] [cxt 0] Looking up key:
* hdr.ipv4.dstAddr    : 00000000

[15:47:17.657] [bmv2] [D] [thread 2589] [0.0] [cxt 0] Table 'MyIngress.ipv4_lpm': miss
[15:47:17.657] [bmv2] [D] [thread 2589] [0.0] [cxt 0] Action entry is NoAction - 
[15:47:17.657] [bmv2] [T] [thread 2589] [0.0] [cxt 0] Action NoAction
[15:47:17.657] [bmv2] [D] [thread 2589] [0.0] [cxt 0] Pipeline 'ingress': end
[15:47:17.657] [bmv2] [D] [thread 2589] [0.0] [cxt 0] Egress port is 0
[15:47:17.657] [bmv2] [D] [thread 2590] [0.0] [cxt 0] Pipeline 'egress': start
[15:47:17.657] [bmv2] [D] [thread 2590] [0.0] [cxt 0] Pipeline 'egress': end
[15:47:17.657] [bmv2] [D] [thread 2590] [0.0] [cxt 0] Deparser 'deparser': start
[15:47:17.657] [bmv2] [T] [thread 2590] [0.0] [cxt 0] Skipping checksum 'cksum' update because condition not met
[15:47:17.657] [bmv2] [D] [thread 2590] [0.0] [cxt 0] Deparser 'deparser': end
[15:47:17.657] [bmv2] [D] [thread 2594] [0.0] [cxt 0] Transmitting packet of size 203 out of port 0
[15:47:17.753] [bmv2] [D] [thread 2589] [1.0] [cxt 0] Processing packet received on port 1
[15:47:17.753] [bmv2] [D] [thread 2589] [1.0] [cxt 0] Parser 'parser': start
[15:47:17.753] [bmv2] [D] [thread 2589] [1.0] [cxt 0] Parser 'parser' entering state 'start'
[15:47:17.753] [bmv2] [D] [thread 2589] [1.0] [cxt 0] Parser state 'start' has no switch, going to default next state
[15:47:17.753] [bmv2] [T] [thread 2589] [1.0] [cxt 0] Bytes parsed: 0
[15:47:17.753] [bmv2] [D] [thread 2589] [1.0] [cxt 0] Parser 'parser': end
[15:47:17.753] [bmv2] [D] [thread 2589] [1.0] [cxt 0] Pipeline 'ingress': start
[15:47:17.753] [bmv2] [T] [thread 2589] [1.0] [cxt 0] Applying table 'MyIngress.ipv4_lpm'
[15:47:17.753] [bmv2] [D] [thread 2589] [1.0] [cxt 0] Looking up key:
* hdr.ipv4.dstAddr    : 00000000

[15:47:17.753] [bmv2] [D] [thread 2589] [1.0] [cxt 0] Table 'MyIngress.ipv4_lpm': miss
[15:47:17.753] [bmv2] [D] [thread 2589] [1.0] [cxt 0] Action entry is NoAction - 
[15:47:17.753] [bmv2] [T] [thread 2589] [1.0] [cxt 0] Action NoAction
[15:47:17.753] [bmv2] [D] [thread 2589] [1.0] [cxt 0] Pipeline 'ingress': end
[15:47:17.753] [bmv2] [D] [thread 2589] [1.0] [cxt 0] Egress port is 0
[15:47:17.753] [bmv2] [D] [thread 2590] [1.0] [cxt 0] Pipeline 'egress': start
[15:47:17.753] [bmv2] [D] [thread 2590] [1.0] [cxt 0] Pipeline 'egress': end
[15:47:17.753] [bmv2] [D] [thread 2590] [1.0] [cxt 0] Deparser 'deparser': start
[15:47:17.753] [bmv2] [T] [thread 2590] [1.0] [cxt 0] Skipping checksum 'cksum' update because condition not met
[15:47:17.754] [bmv2] [D] [thread 2590] [1.0] [cxt 0] Deparser 'deparser': end
[15:47:17.754] [bmv2] [D] [thread 2594] [1.0] [cxt 0] Transmitting packet of size 223 out of port 0
[15:47:17.774] [bmv2] [D] [thread 2589] [2.0] [cxt 0] Processing packet received on port 1
[15:47:17.775] [bmv2] [D] [thread 2589] [2.0] [cxt 0] Parser 'parser': start
[15:47:17.775] [bmv2] [D] [thread 2589] [2.0] [cxt 0] Parser 'parser' entering state 'start'
[15:47:17.775] [bmv2] [D] [thread 2589] [2.0] [cxt 0] Parser state 'start' has no switch, going to default next state
[15:47:17.775] [bmv2] [T] [thread 2589] [2.0] [cxt 0] Bytes parsed: 0
[15:47:17.775] [bmv2] [D] [thread 2589] [2.0] [cxt 0] Parser 'parser': end
[15:47:17.775] [bmv2] [D] [thread 2589] [2.0] [cxt 0] Pipeline 'ingress': start
[15:47:17.775] [bmv2] [T] [thread 2589] [2.0] [cxt 0] Applying table 'MyIngress.ipv4_lpm'
[15:47:17.775] [bmv2] [D] [thread 2589] [2.0] [cxt 0] Looking up key:
* hdr.ipv4.dstAddr    : 00000000

[15:47:17.775] [bmv2] [D] [thread 2589] [2.0] [cxt 0] Table 'MyIngress.ipv4_lpm': miss
[15:47:17.775] [bmv2] [D] [thread 2589] [2.0] [cxt 0] Action entry is NoAction - 
[15:47:17.775] [bmv2] [T] [thread 2589] [2.0] [cxt 0] Action NoAction
[15:47:17.775] [bmv2] [D] [thread 2589] [2.0] [cxt 0] Pipeline 'ingress': end
[15:47:17.775] [bmv2] [D] [thread 2589] [2.0] [cxt 0] Egress port is 0
[15:47:17.775] [bmv2] [D] [thread 2590] [2.0] [cxt 0] Pipeline 'egress': start
[15:47:17.775] [bmv2] [D] [thread 2590] [2.0] [cxt 0] Pipeline 'egress': end
[15:47:17.775] [bmv2] [D] [thread 2590] [2.0] [cxt 0] Deparser 'deparser': start
[15:47:17.775] [bmv2] [T] [thread 2590] [2.0] [cxt 0] Skipping checksum 'cksum' update because condition not met
[15:47:17.775] [bmv2] [D] [thread 2590] [2.0] [cxt 0] Deparser 'deparser': end
[15:47:17.775] [bmv2] [D] [thread 2594] [2.0] [cxt 0] Transmitting packet of size 110 out of port 0
[15:47:17.790] [bmv2] [D] [thread 2589] [3.0] [cxt 0] Processing packet received on port 2
[15:47:17.790] [bmv2] [D] [thread 2589] [3.0] [cxt 0] Parser 'parser': start
[15:47:17.790] [bmv2] [D] [thread 2589] [3.0] [cxt 0] Parser 'parser' entering state 'start'
[15:47:17.790] [bmv2] [D] [thread 2589] [3.0] [cxt 0] Parser state 'start' has no switch, going to default next state
[15:47:17.790] [bmv2] [T] [thread 2589] [3.0] [cxt 0] Bytes parsed: 0
[15:47:17.790] [bmv2] [D] [thread 2589] [3.0] [cxt 0] Parser 'parser': end
[15:47:17.790] [bmv2] [D] [thread 2589] [3.0] [cxt 0] Pipeline 'ingress': start
[15:47:17.790] [bmv2] [T] [thread 2589] [3.0] [cxt 0] Applying table 'MyIngress.ipv4_lpm'
[15:47:17.790] [bmv2] [D] [thread 2589] [3.0] [cxt 0] Looking up key:
* hdr.ipv4.dstAddr    : 00000000

[15:47:17.790] [bmv2] [D] [thread 2589] [3.0] [cxt 0] Table 'MyIngress.ipv4_lpm': miss
[15:47:17.790] [bmv2] [D] [thread 2589] [3.0] [cxt 0] Action entry is NoAction - 
[15:47:17.790] [bmv2] [T] [thread 2589] [3.0] [cxt 0] Action NoAction
[15:47:17.790] [bmv2] [D] [thread 2589] [3.0] [cxt 0] Pipeline 'ingress': end
[15:47:17.790] [bmv2] [D] [thread 2589] [3.0] [cxt 0] Egress port is 0
[15:47:17.790] [bmv2] [D] [thread 2590] [3.0] [cxt 0] Pipeline 'egress': start
[15:47:17.790] [bmv2] [D] [thread 2590] [3.0] [cxt 0] Pipeline 'egress': end
[15:47:17.790] [bmv2] [D] [thread 2590] [3.0] [cxt 0] Deparser 'deparser': start
[15:47:17.790] [bmv2] [T] [thread 2590] [3.0] [cxt 0] Skipping checksum 'cksum' update because condition not met
[15:47:17.790] [bmv2] [D] [thread 2590] [3.0] [cxt 0] Deparser 'deparser': end
[15:47:17.790] [bmv2] [D] [thread 2594] [3.0] [cxt 0] Transmitting packet of size 223 out of port 0
[15:47:17.807] [bmv2] [D] [thread 2589] [4.0] [cxt 0] Processing packet received on port 1
[15:47:17.807] [bmv2] [D] [thread 2589] [4.0] [cxt 0] Parser 'parser': start
[15:47:17.807] [bmv2] [D] [thread 2589] [4.0] [cxt 0] Parser 'parser' entering state 'start'
[15:47:17.807] [bmv2] [D] [thread 2589] [4.0] [cxt 0] Parser state 'start' has no switch, going to default next state
[15:47:17.807] [bmv2] [T] [thread 2589] [4.0] [cxt 0] Bytes parsed: 0
[15:47:17.807] [bmv2] [D] [thread 2589] [4.0] [cxt 0] Parser 'parser': end
[15:47:17.807] [bmv2] [D] [thread 2589] [4.0] [cxt 0] Pipeline 'ingress': start
[15:47:17.807] [bmv2] [T] [thread 2589] [4.0] [cxt 0] Applying table 'MyIngress.ipv4_lpm'
[15:47:17.807] [bmv2] [D] [thread 2589] [4.0] [cxt 0] Looking up key:
* hdr.ipv4.dstAddr    : 00000000

[15:47:17.807] [bmv2] [D] [thread 2589] [4.0] [cxt 0] Table 'MyIngress.ipv4_lpm': miss
[15:47:17.807] [bmv2] [D] [thread 2589] [4.0] [cxt 0] Action entry is NoAction - 
[15:47:17.807] [bmv2] [T] [thread 2589] [4.0] [cxt 0] Action NoAction
[15:47:17.807] [bmv2] [D] [thread 2589] [4.0] [cxt 0] Pipeline 'ingress': end
[15:47:17.807] [bmv2] [D] [thread 2589] [4.0] [cxt 0] Egress port is 0
[15:47:17.807] [bmv2] [D] [thread 2590] [4.0] [cxt 0] Pipeline 'egress': start
[15:47:17.807] [bmv2] [D] [thread 2590] [4.0] [cxt 0] Pipeline 'egress': end
[15:47:17.807] [bmv2] [D] [thread 2590] [4.0] [cxt 0] Deparser 'deparser': start
[15:47:17.807] [bmv2] [T] [thread 2590] [4.0] [cxt 0] Skipping checksum 'cksum' update because condition not met
[15:47:17.807] [bmv2] [D] [thread 2590] [4.0] [cxt 0] Deparser 'deparser': end
[15:47:17.807] [bmv2] [D] [thread 2594] [4.0] [cxt 0] Transmitting packet of size 90 out of port 0
[15:47:17.816] [bmv2] [D] [thread 2589] [5.0] [cxt 0] Processing packet received on port 1
[15:47:17.816] [bmv2] [D] [thread 2589] [5.0] [cxt 0] Parser 'parser': start
[15:47:17.816] [bmv2] [D] [thread 2589] [5.0] [cxt 0] Parser 'parser' entering state 'start'
[15:47:17.816] [bmv2] [D] [thread 2589] [5.0] [cxt 0] Parser state 'start' has no switch, going to default next state
[15:47:17.816] [bmv2] [T] [thread 2589] [5.0] [cxt 0] Bytes parsed: 0
[15:47:17.816] [bmv2] [D] [thread 2589] [5.0] [cxt 0] Parser 'parser': end
[15:47:17.816] [bmv2] [D] [thread 2589] [5.0] [cxt 0] Pipeline 'ingress': start
[15:47:17.816] [bmv2] [T] [thread 2589] [5.0] [cxt 0] Applying table 'MyIngress.ipv4_lpm'
[15:47:17.816] [bmv2] [D] [thread 2589] [5.0] [cxt 0] Looking up key:
* hdr.ipv4.dstAddr    : 00000000

[15:47:17.816] [bmv2] [D] [thread 2589] [5.0] [cxt 0] Table 'MyIngress.ipv4_lpm': miss
[15:47:17.816] [bmv2] [D] [thread 2589] [5.0] [cxt 0] Action entry is NoAction - 
[15:47:17.816] [bmv2] [T] [thread 2589] [5.0] [cxt 0] Action NoAction
[15:47:17.816] [bmv2] [D] [thread 2589] [5.0] [cxt 0] Pipeline 'ingress': end
[15:47:17.816] [bmv2] [D] [thread 2589] [5.0] [cxt 0] Egress port is 0
[15:47:17.816] [bmv2] [D] [thread 2590] [5.0] [cxt 0] Pipeline 'egress': start
[15:47:17.816] [bmv2] [D] [thread 2590] [5.0] [cxt 0] Pipeline 'egress': end
[15:47:17.816] [bmv2] [D] [thread 2590] [5.0] [cxt 0] Deparser 'deparser': start
[15:47:17.816] [bmv2] [T] [thread 2590] [5.0] [cxt 0] Skipping checksum 'cksum' update because condition not met
[15:47:17.816] [bmv2] [D] [thread 2590] [5.0] [cxt 0] Deparser 'deparser': end
[15:47:17.816] [bmv2] [D] [thread 2594] [5.0] [cxt 0] Transmitting packet of size 223 out of port 0
[15:47:17.872] [bmv2] [D] [thread 2589] [6.0] [cxt 0] Processing packet received on port 2
[15:47:17.872] [bmv2] [D] [thread 2589] [6.0] [cxt 0] Parser 'parser': start
[15:47:17.872] [bmv2] [D] [thread 2589] [6.0] [cxt 0] Parser 'parser' entering state 'start'
[15:47:17.872] [bmv2] [D] [thread 2589] [6.0] [cxt 0] Parser state 'start' has no switch, going to default next state
[15:47:17.872] [bmv2] [T] [thread 2589] [6.0] [cxt 0] Bytes parsed: 0
[15:47:17.872] [bmv2] [D] [thread 2589] [6.0] [cxt 0] Parser 'parser': end
[15:47:17.872] [bmv2] [D] [thread 2589] [6.0] [cxt 0] Pipeline 'ingress': start
[15:47:17.872] [bmv2] [T] [thread 2589] [6.0] [cxt 0] Applying table 'MyIngress.ipv4_lpm'
[15:47:17.872] [bmv2] [D] [thread 2589] [6.0] [cxt 0] Looking up key:
* hdr.ipv4.dstAddr    : 00000000

[15:47:17.872] [bmv2] [D] [thread 2589] [6.0] [cxt 0] Table 'MyIngress.ipv4_lpm': miss
[15:47:17.872] [bmv2] [D] [thread 2589] [6.0] [cxt 0] Action entry is NoAction - 
[15:47:17.872] [bmv2] [T] [thread 2589] [6.0] [cxt 0] Action NoAction
[15:47:17.872] [bmv2] [D] [thread 2589] [6.0] [cxt 0] Pipeline 'ingress': end
[15:47:17.872] [bmv2] [D] [thread 2589] [6.0] [cxt 0] Egress port is 0
[15:47:17.872] [bmv2] [D] [thread 2590] [6.0] [cxt 0] Pipeline 'egress': start
[15:47:17.872] [bmv2] [D] [thread 2590] [6.0] [cxt 0] Pipeline 'egress': end
[15:47:17.872] [bmv2] [D] [thread 2590] [6.0] [cxt 0] Deparser 'deparser': start
[15:47:17.872] [bmv2] [T] [thread 2590] [6.0] [cxt 0] Skipping checksum 'cksum' update because condition not met
[15:47:17.872] [bmv2] [D] [thread 2590] [6.0] [cxt 0] Deparser 'deparser': end
[15:47:17.872] [bmv2] [D] [thread 2594] [6.0] [cxt 0] Transmitting packet of size 90 out of port 0
[15:47:17.872] [bmv2] [D] [thread 2589] [7.0] [cxt 0] Processing packet received on port 2
[15:47:17.872] [bmv2] [D] [thread 2589] [7.0] [cxt 0] Parser 'parser': start
[15:47:17.872] [bmv2] [D] [thread 2589] [7.0] [cxt 0] Parser 'parser' entering state 'start'
[15:47:17.872] [bmv2] [D] [thread 2589] [7.0] [cxt 0] Parser state 'start' has no switch, going to default next state
[15:47:17.872] [bmv2] [T] [thread 2589] [7.0] [cxt 0] Bytes parsed: 0
[15:47:17.872] [bmv2] [D] [thread 2589] [7.0] [cxt 0] Parser 'parser': end
[15:47:17.872] [bmv2] [D] [thread 2589] [7.0] [cxt 0] Pipeline 'ingress': start
[15:47:17.872] [bmv2] [T] [thread 2589] [7.0] [cxt 0] Applying table 'MyIngress.ipv4_lpm'
[15:47:17.872] [bmv2] [D] [thread 2589] [7.0] [cxt 0] Looking up key:
* hdr.ipv4.dstAddr    : 00000000

[15:47:17.872] [bmv2] [D] [thread 2589] [7.0] [cxt 0] Table 'MyIngress.ipv4_lpm': miss
[15:47:17.872] [bmv2] [D] [thread 2589] [7.0] [cxt 0] Action entry is NoAction - 
[15:47:17.872] [bmv2] [T] [thread 2589] [7.0] [cxt 0] Action NoAction
[15:47:17.872] [bmv2] [D] [thread 2589] [7.0] [cxt 0] Pipeline 'ingress': end
[15:47:17.872] [bmv2] [D] [thread 2589] [7.0] [cxt 0] Egress port is 0
[15:47:17.872] [bmv2] [D] [thread 2590] [7.0] [cxt 0] Pipeline 'egress': start
[15:47:17.872] [bmv2] [D] [thread 2590] [7.0] [cxt 0] Pipeline 'egress': end
[15:47:17.872] [bmv2] [D] [thread 2590] [7.0] [cxt 0] Deparser 'deparser': start
[15:47:17.872] [bmv2] [T] [thread 2590] [7.0] [cxt 0] Skipping checksum 'cksum' update because condition not met
[15:47:17.872] [bmv2] [D] [thread 2590] [7.0] [cxt 0] Deparser 'deparser': end
[15:47:17.872] [bmv2] [D] [thread 2594] [7.0] [cxt 0] Transmitting packet of size 90 out of port 0
[15:47:17.882] [bmv2] [D] [thread 2589] [8.0] [cxt 0] Processing packet received on port 2
[15:47:17.882] [bmv2] [D] [thread 2589] [8.0] [cxt 0] Parser 'parser': start
[15:47:17.882] [bmv2] [D] [thread 2589] [8.0] [cxt 0] Parser 'parser' entering state 'start'
[15:47:17.882] [bmv2] [D] [thread 2589] [8.0] [cxt 0] Parser state 'start' has no switch, going to default next state
[15:47:17.882] [bmv2] [T] [thread 2589] [8.0] [cxt 0] Bytes parsed: 0
[15:47:17.882] [bmv2] [D] [thread 2589] [8.0] [cxt 0] Parser 'parser': end
[15:47:17.882] [bmv2] [D] [thread 2589] [8.0] [cxt 0] Pipeline 'ingress': start
[15:47:17.882] [bmv2] [T] [thread 2589] [8.0] [cxt 0] Applying table 'MyIngress.ipv4_lpm'
[15:47:17.882] [bmv2] [D] [thread 2589] [8.0] [cxt 0] Looking up key:
* hdr.ipv4.dstAddr    : 00000000

[15:47:17.882] [bmv2] [D] [thread 2589] [8.0] [cxt 0] Table 'MyIngress.ipv4_lpm': miss
[15:47:17.882] [bmv2] [D] [thread 2589] [8.0] [cxt 0] Action entry is NoAction - 
[15:47:17.882] [bmv2] [T] [thread 2589] [8.0] [cxt 0] Action NoAction
[15:47:17.882] [bmv2] [D] [thread 2589] [8.0] [cxt 0] Pipeline 'ingress': end
[15:47:17.882] [bmv2] [D] [thread 2589] [8.0] [cxt 0] Egress port is 0
[15:47:17.882] [bmv2] [D] [thread 2590] [8.0] [cxt 0] Pipeline 'egress': start
[15:47:17.882] [bmv2] [D] [thread 2590] [8.0] [cxt 0] Pipeline 'egress': end
[15:47:17.882] [bmv2] [D] [thread 2590] [8.0] [cxt 0] Deparser 'deparser': start
[15:47:17.882] [bmv2] [T] [thread 2590] [8.0] [cxt 0] Skipping checksum 'cksum' update because condition not met
[15:47:17.882] [bmv2] [D] [thread 2590] [8.0] [cxt 0] Deparser 'deparser': end
[15:47:17.882] [bmv2] [D] [thread 2594] [8.0] [cxt 0] Transmitting packet of size 223 out of port 0
[15:47:17.968] [bmv2] [D] [thread 2589] [9.0] [cxt 0] Processing packet received on port 1
[15:47:17.968] [bmv2] [D] [thread 2589] [9.0] [cxt 0] Parser 'parser': start
[15:47:17.968] [bmv2] [D] [thread 2589] [9.0] [cxt 0] Parser 'parser' entering state 'start'
[15:47:17.968] [bmv2] [D] [thread 2589] [9.0] [cxt 0] Parser state 'start' has no switch, going to default next state
[15:47:17.968] [bmv2] [T] [thread 2589] [9.0] [cxt 0] Bytes parsed: 0
[15:47:17.968] [bmv2] [D] [thread 2589] [9.0] [cxt 0] Parser 'parser': end
[15:47:17.968] [bmv2] [D] [thread 2589] [9.0] [cxt 0] Pipeline 'ingress': start
[15:47:17.968] [bmv2] [T] [thread 2589] [9.0] [cxt 0] Applying table 'MyIngress.ipv4_lpm'
[15:47:17.968] [bmv2] [D] [thread 2589] [9.0] [cxt 0] Looking up key:
* hdr.ipv4.dstAddr    : 00000000

[15:47:17.968] [bmv2] [D] [thread 2589] [9.0] [cxt 0] Table 'MyIngress.ipv4_lpm': miss
[15:47:17.968] [bmv2] [D] [thread 2589] [9.0] [cxt 0] Action entry is NoAction - 
[15:47:17.968] [bmv2] [T] [thread 2589] [9.0] [cxt 0] Action NoAction
[15:47:17.968] [bmv2] [D] [thread 2589] [9.0] [cxt 0] Pipeline 'ingress': end
[15:47:17.968] [bmv2] [D] [thread 2589] [9.0] [cxt 0] Egress port is 0
[15:47:17.968] [bmv2] [D] [thread 2590] [9.0] [cxt 0] Pipeline 'egress': start
[15:47:17.968] [bmv2] [D] [thread 2590] [9.0] [cxt 0] Pipeline 'egress': end
[15:47:17.968] [bmv2] [D] [thread 2590] [9.0] [cxt 0] Deparser 'deparser': start
[15:47:17.968] [bmv2] [T] [thread 2590] [9.0] [cxt 0] Skipping checksum 'cksum' update because condition not met
[15:47:17.968] [bmv2] [D] [thread 2590] [9.0] [cxt 0] Deparser 'deparser': end
[15:47:17.968] [bmv2] [D] [thread 2594] [9.0] [cxt 0] Transmitting packet of size 110 out of port 0
[15:47:18.005] [bmv2] [D] [thread 2589] [10.0] [cxt 0] Processing packet received on port 1
[15:47:18.005] [bmv2] [D] [thread 2589] [10.0] [cxt 0] Parser 'parser': start
[15:47:18.005] [bmv2] [D] [thread 2589] [10.0] [cxt 0] Parser 'parser' entering state 'start'
[15:47:18.005] [bmv2] [D] [thread 2589] [10.0] [cxt 0] Parser state 'start' has no switch, going to default next state
[15:47:18.005] [bmv2] [T] [thread 2589] [10.0] [cxt 0] Bytes parsed: 0
[15:47:18.005] [bmv2] [D] [thread 2589] [10.0] [cxt 0] Parser 'parser': end
[15:47:18.005] [bmv2] [D] [thread 2589] [10.0] [cxt 0] Pipeline 'ingress': start
[15:47:18.005] [bmv2] [T] [thread 2589] [10.0] [cxt 0] Applying table 'MyIngress.ipv4_lpm'
[15:47:18.005] [bmv2] [D] [thread 2589] [10.0] [cxt 0] Looking up key:
* hdr.ipv4.dstAddr    : 00000000

[15:47:18.005] [bmv2] [D] [thread 2589] [10.0] [cxt 0] Table 'MyIngress.ipv4_lpm': miss
[15:47:18.005] [bmv2] [D] [thread 2589] [10.0] [cxt 0] Action entry is NoAction - 
[15:47:18.005] [bmv2] [T] [thread 2589] [10.0] [cxt 0] Action NoAction
[15:47:18.005] [bmv2] [D] [thread 2589] [10.0] [cxt 0] Pipeline 'ingress': end
[15:47:18.005] [bmv2] [D] [thread 2589] [10.0] [cxt 0] Egress port is 0
[15:47:18.005] [bmv2] [D] [thread 2590] [10.0] [cxt 0] Pipeline 'egress': start
[15:47:18.005] [bmv2] [D] [thread 2590] [10.0] [cxt 0] Pipeline 'egress': end
[15:47:18.005] [bmv2] [D] [thread 2590] [10.0] [cxt 0] Deparser 'deparser': start
[15:47:18.005] [bmv2] [T] [thread 2590] [10.0] [cxt 0] Skipping checksum 'cksum' update because condition not met
[15:47:18.005] [bmv2] [D] [thread 2590] [10.0] [cxt 0] Deparser 'deparser': end
[15:47:18.005] [bmv2] [D] [thread 2594] [10.0] [cxt 0] Transmitting packet of size 223 out of port 0
[15:47:18.041] [bmv2] [D] [thread 2589] [11.0] [cxt 0] Processing packet received on port 2
[15:47:18.041] [bmv2] [D] [thread 2589] [11.0] [cxt 0] Parser 'parser': start
[15:47:18.041] [bmv2] [D] [thread 2589] [11.0] [cxt 0] Parser 'parser' entering state 'start'
[15:47:18.041] [bmv2] [D] [thread 2589] [11.0] [cxt 0] Parser state 'start' has no switch, going to default next state
[15:47:18.041] [bmv2] [T] [thread 2589] [11.0] [cxt 0] Bytes parsed: 0
[15:47:18.041] [bmv2] [D] [thread 2589] [11.0] [cxt 0] Parser 'parser': end
[15:47:18.041] [bmv2] [D] [thread 2589] [11.0] [cxt 0] Pipeline 'ingress': start
[15:47:18.041] [bmv2] [T] [thread 2589] [11.0] [cxt 0] Applying table 'MyIngress.ipv4_lpm'
[15:47:18.041] [bmv2] [D] [thread 2589] [11.0] [cxt 0] Looking up key:
* hdr.ipv4.dstAddr    : 00000000

[15:47:18.041] [bmv2] [D] [thread 2589] [11.0] [cxt 0] Table 'MyIngress.ipv4_lpm': miss
[15:47:18.041] [bmv2] [D] [thread 2589] [11.0] [cxt 0] Action entry is NoAction - 
[15:47:18.041] [bmv2] [T] [thread 2589] [11.0] [cxt 0] Action NoAction
[15:47:18.041] [bmv2] [D] [thread 2589] [11.0] [cxt 0] Pipeline 'ingress': end
[15:47:18.041] [bmv2] [D] [thread 2589] [11.0] [cxt 0] Egress port is 0
[15:47:18.041] [bmv2] [D] [thread 2590] [11.0] [cxt 0] Pipeline 'egress': start
[15:47:18.041] [bmv2] [D] [thread 2590] [11.0] [cxt 0] Pipeline 'egress': end
[15:47:18.041] [bmv2] [D] [thread 2590] [11.0] [cxt 0] Deparser 'deparser': start
[15:47:18.041] [bmv2] [T] [thread 2590] [11.0] [cxt 0] Skipping checksum 'cksum' update because condition not met
[15:47:18.041] [bmv2] [D] [thread 2590] [11.0] [cxt 0] Deparser 'deparser': end
[15:47:18.041] [bmv2] [D] [thread 2594] [11.0] [cxt 0] Transmitting packet of size 223 out of port 0
[15:47:18.067] [bmv2] [D] [thread 2589] [12.0] [cxt 0] Processing packet received on port 1
[15:47:18.067] [bmv2] [D] [thread 2589] [12.0] [cxt 0] Parser 'parser': start
[15:47:18.067] [bmv2] [D] [thread 2589] [12.0] [cxt 0] Parser 'parser' entering state 'start'
[15:47:18.067] [bmv2] [D] [thread 2589] [12.0] [cxt 0] Parser state 'start' has no switch, going to default next state
[15:47:18.067] [bmv2] [T] [thread 2589] [12.0] [cxt 0] Bytes parsed: 0
[15:47:18.067] [bmv2] [D] [thread 2589] [12.0] [cxt 0] Parser 'parser': end
[15:47:18.067] [bmv2] [D] [thread 2589] [12.0] [cxt 0] Pipeline 'ingress': start
[15:47:18.067] [bmv2] [T] [thread 2589] [12.0] [cxt 0] Applying table 'MyIngress.ipv4_lpm'
[15:47:18.067] [bmv2] [D] [thread 2589] [12.0] [cxt 0] Looking up key:
* hdr.ipv4.dstAddr    : 00000000

[15:47:18.067] [bmv2] [D] [thread 2589] [12.0] [cxt 0] Table 'MyIngress.ipv4_lpm': miss
[15:47:18.067] [bmv2] [D] [thread 2589] [12.0] [cxt 0] Action entry is NoAction - 
[15:47:18.067] [bmv2] [T] [thread 2589] [12.0] [cxt 0] Action NoAction
[15:47:18.067] [bmv2] [D] [thread 2589] [12.0] [cxt 0] Pipeline 'ingress': end
[15:47:18.068] [bmv2] [D] [thread 2589] [12.0] [cxt 0] Egress port is 0
[15:47:18.068] [bmv2] [D] [thread 2590] [12.0] [cxt 0] Pipeline 'egress': start
[15:47:18.068] [bmv2] [D] [thread 2590] [12.0] [cxt 0] Pipeline 'egress': end
[15:47:18.068] [bmv2] [D] [thread 2590] [12.0] [cxt 0] Deparser 'deparser': start
[15:47:18.068] [bmv2] [T] [thread 2590] [12.0] [cxt 0] Skipping checksum 'cksum' update because condition not met
[15:47:18.068] [bmv2] [D] [thread 2590] [12.0] [cxt 0] Deparser 'deparser': end
[15:47:18.068] [bmv2] [D] [thread 2594] [12.0] [cxt 0] Transmitting packet of size 223 out of port 0
[15:47:18.132] [bmv2] [D] [thread 2589] [13.0] [cxt 0] Processing packet received on port 2
[15:47:18.132] [bmv2] [D] [thread 2589] [13.0] [cxt 0] Parser 'parser': start
[15:47:18.132] [bmv2] [D] [thread 2589] [13.0] [cxt 0] Parser 'parser' entering state 'start'
[15:47:18.132] [bmv2] [D] [thread 2589] [13.0] [cxt 0] Parser state 'start' has no switch, going to default next state
[15:47:18.132] [bmv2] [T] [thread 2589] [13.0] [cxt 0] Bytes parsed: 0
[15:47:18.132] [bmv2] [D] [thread 2589] [13.0] [cxt 0] Parser 'parser': end
[15:47:18.132] [bmv2] [D] [thread 2589] [13.0] [cxt 0] Pipeline 'ingress': start
[15:47:18.132] [bmv2] [T] [thread 2589] [13.0] [cxt 0] Applying table 'MyIngress.ipv4_lpm'
[15:47:18.132] [bmv2] [D] [thread 2589] [13.0] [cxt 0] Looking up key:
* hdr.ipv4.dstAddr    : 00000000

[15:47:18.132] [bmv2] [D] [thread 2589] [13.0] [cxt 0] Table 'MyIngress.ipv4_lpm': miss
[15:47:18.132] [bmv2] [D] [thread 2589] [13.0] [cxt 0] Action entry is NoAction - 
[15:47:18.132] [bmv2] [T] [thread 2589] [13.0] [cxt 0] Action NoAction
[15:47:18.132] [bmv2] [D] [thread 2589] [13.0] [cxt 0] Pipeline 'ingress': end
[15:47:18.132] [bmv2] [D] [thread 2589] [13.0] [cxt 0] Egress port is 0
[15:47:18.132] [bmv2] [D] [thread 2590] [13.0] [cxt 0] Pipeline 'egress': start
[15:47:18.132] [bmv2] [D] [thread 2590] [13.0] [cxt 0] Pipeline 'egress': end
[15:47:18.132] [bmv2] [D] [thread 2590] [13.0] [cxt 0] Deparser 'deparser': start
[15:47:18.132] [bmv2] [T] [thread 2590] [13.0] [cxt 0] Skipping checksum 'cksum' update because condition not met
[15:47:18.132] [bmv2] [D] [thread 2590] [13.0] [cxt 0] Deparser 'deparser': end
[15:47:18.132] [bmv2] [D] [thread 2594] [13.0] [cxt 0] Transmitting packet of size 223 out of port 0
[15:47:18.191] [bmv2] [D] [thread 2589] [14.0] [cxt 0] Processing packet received on port 2
[15:47:18.191] [bmv2] [D] [thread 2589] [14.0] [cxt 0] Parser 'parser': start
[15:47:18.191] [bmv2] [D] [thread 2589] [14.0] [cxt 0] Parser 'parser' entering state 'start'
[15:47:18.191] [bmv2] [D] [thread 2589] [14.0] [cxt 0] Parser state 'start' has no switch, going to default next state
[15:47:18.191] [bmv2] [T] [thread 2589] [14.0] [cxt 0] Bytes parsed: 0
[15:47:18.191] [bmv2] [D] [thread 2589] [14.0] [cxt 0] Parser 'parser': end
[15:47:18.191] [bmv2] [D] [thread 2589] [14.0] [cxt 0] Pipeline 'ingress': start
[15:47:18.191] [bmv2] [T] [thread 2589] [14.0] [cxt 0] Applying table 'MyIngress.ipv4_lpm'
[15:47:18.191] [bmv2] [D] [thread 2589] [14.0] [cxt 0] Looking up key:
* hdr.ipv4.dstAddr    : 00000000

[15:47:18.191] [bmv2] [D] [thread 2589] [14.0] [cxt 0] Table 'MyIngress.ipv4_lpm': miss
[15:47:18.191] [bmv2] [D] [thread 2589] [14.0] [cxt 0] Action entry is NoAction - 
[15:47:18.191] [bmv2] [T] [thread 2589] [14.0] [cxt 0] Action NoAction
[15:47:18.191] [bmv2] [D] [thread 2589] [14.0] [cxt 0] Pipeline 'ingress': end
[15:47:18.191] [bmv2] [D] [thread 2589] [14.0] [cxt 0] Egress port is 0
[15:47:18.191] [bmv2] [D] [thread 2590] [14.0] [cxt 0] Pipeline 'egress': start
[15:47:18.191] [bmv2] [D] [thread 2590] [14.0] [cxt 0] Pipeline 'egress': end
[15:47:18.191] [bmv2] [D] [thread 2590] [14.0] [cxt 0] Deparser 'deparser': start
[15:47:18.191] [bmv2] [T] [thread 2590] [14.0] [cxt 0] Skipping checksum 'cksum' update because condition not met
[15:47:18.191] [bmv2] [D] [thread 2590] [14.0] [cxt 0] Deparser 'deparser': end
[15:47:18.191] [bmv2] [D] [thread 2594] [14.0] [cxt 0] Transmitting packet of size 110 out of port 0
[15:47:18.204] [bmv2] [D] [thread 2589] [15.0] [cxt 0] Processing packet received on port 1
[15:47:18.204] [bmv2] [D] [thread 2589] [15.0] [cxt 0] Parser 'parser': start
[15:47:18.204] [bmv2] [D] [thread 2589] [15.0] [cxt 0] Parser 'parser' entering state 'start'
[15:47:18.204] [bmv2] [D] [thread 2589] [15.0] [cxt 0] Parser state 'start' has no switch, going to default next state
[15:47:18.204] [bmv2] [T] [thread 2589] [15.0] [cxt 0] Bytes parsed: 0
[15:47:18.204] [bmv2] [D] [thread 2589] [15.0] [cxt 0] Parser 'parser': end
[15:47:18.204] [bmv2] [D] [thread 2589] [15.0] [cxt 0] Pipeline 'ingress': start
[15:47:18.205] [bmv2] [T] [thread 2589] [15.0] [cxt 0] Applying table 'MyIngress.ipv4_lpm'
[15:47:18.205] [bmv2] [D] [thread 2589] [15.0] [cxt 0] Looking up key:
* hdr.ipv4.dstAddr    : 00000000

[15:47:18.205] [bmv2] [D] [thread 2589] [15.0] [cxt 0] Table 'MyIngress.ipv4_lpm': miss
[15:47:18.205] [bmv2] [D] [thread 2589] [15.0] [cxt 0] Action entry is NoAction - 
[15:47:18.205] [bmv2] [T] [thread 2589] [15.0] [cxt 0] Action NoAction
[15:47:18.205] [bmv2] [D] [thread 2589] [15.0] [cxt 0] Pipeline 'ingress': end
[15:47:18.205] [bmv2] [D] [thread 2589] [15.0] [cxt 0] Egress port is 0
[15:47:18.205] [bmv2] [D] [thread 2590] [15.0] [cxt 0] Pipeline 'egress': start
[15:47:18.205] [bmv2] [D] [thread 2590] [15.0] [cxt 0] Pipeline 'egress': end
[15:47:18.205] [bmv2] [D] [thread 2590] [15.0] [cxt 0] Deparser 'deparser': start
[15:47:18.205] [bmv2] [T] [thread 2590] [15.0] [cxt 0] Skipping checksum 'cksum' update because condition not met
[15:47:18.205] [bmv2] [D] [thread 2590] [15.0] [cxt 0] Deparser 'deparser': end
[15:47:18.205] [bmv2] [D] [thread 2594] [15.0] [cxt 0] Transmitting packet of size 211 out of port 0
[15:47:18.268] [bmv2] [D] [thread 2589] [16.0] [cxt 0] Processing packet received on port 1
[15:47:18.268] [bmv2] [D] [thread 2589] [16.0] [cxt 0] Parser 'parser': start
[15:47:18.268] [bmv2] [D] [thread 2589] [16.0] [cxt 0] Parser 'parser' entering state 'start'
[15:47:18.268] [bmv2] [D] [thread 2589] [16.0] [cxt 0] Parser state 'start' has no switch, going to default next state
[15:47:18.268] [bmv2] [T] [thread 2589] [16.0] [cxt 0] Bytes parsed: 0
[15:47:18.268] [bmv2] [D] [thread 2589] [16.0] [cxt 0] Parser 'parser': end
[15:47:18.268] [bmv2] [D] [thread 2589] [16.0] [cxt 0] Pipeline 'ingress': start
[15:47:18.268] [bmv2] [T] [thread 2589] [16.0] [cxt 0] Applying table 'MyIngress.ipv4_lpm'
[15:47:18.268] [bmv2] [D] [thread 2589] [16.0] [cxt 0] Looking up key:
* hdr.ipv4.dstAddr    : 00000000

[15:47:18.268] [bmv2] [D] [thread 2589] [16.0] [cxt 0] Table 'MyIngress.ipv4_lpm': miss
[15:47:18.268] [bmv2] [D] [thread 2589] [16.0] [cxt 0] Action entry is NoAction - 
[15:47:18.268] [bmv2] [T] [thread 2589] [16.0] [cxt 0] Action NoAction
[15:47:18.268] [bmv2] [D] [thread 2589] [16.0] [cxt 0] Pipeline 'ingress': end
[15:47:18.268] [bmv2] [D] [thread 2589] [16.0] [cxt 0] Egress port is 0
[15:47:18.268] [bmv2] [D] [thread 2590] [16.0] [cxt 0] Pipeline 'egress': start
[15:47:18.268] [bmv2] [D] [thread 2590] [16.0] [cxt 0] Pipeline 'egress': end
[15:47:18.268] [bmv2] [D] [thread 2590] [16.0] [cxt 0] Deparser 'deparser': start
[15:47:18.268] [bmv2] [T] [thread 2590] [16.0] [cxt 0] Skipping checksum 'cksum' update because condition not met
[15:47:18.268] [bmv2] [D] [thread 2590] [16.0] [cxt 0] Deparser 'deparser': end
[15:47:18.268] [bmv2] [D] [thread 2594] [16.0] [cxt 0] Transmitting packet of size 211 out of port 0
[15:47:18.293] [bmv2] [D] [thread 2589] [17.0] [cxt 0] Processing packet received on port 2
[15:47:18.293] [bmv2] [D] [thread 2589] [17.0] [cxt 0] Parser 'parser': start
[15:47:18.293] [bmv2] [D] [thread 2589] [17.0] [cxt 0] Parser 'parser' entering state 'start'
[15:47:18.293] [bmv2] [D] [thread 2589] [17.0] [cxt 0] Parser state 'start' has no switch, going to default next state
[15:47:18.293] [bmv2] [T] [thread 2589] [17.0] [cxt 0] Bytes parsed: 0
[15:47:18.293] [bmv2] [D] [thread 2589] [17.0] [cxt 0] Parser 'parser': end
[15:47:18.293] [bmv2] [D] [thread 2589] [17.0] [cxt 0] Pipeline 'ingress': start
[15:47:18.293] [bmv2] [T] [thread 2589] [17.0] [cxt 0] Applying table 'MyIngress.ipv4_lpm'
[15:47:18.293] [bmv2] [D] [thread 2589] [17.0] [cxt 0] Looking up key:
* hdr.ipv4.dstAddr    : 00000000

[15:47:18.293] [bmv2] [D] [thread 2589] [17.0] [cxt 0] Table 'MyIngress.ipv4_lpm': miss
[15:47:18.293] [bmv2] [D] [thread 2589] [17.0] [cxt 0] Action entry is NoAction - 
[15:47:18.293] [bmv2] [T] [thread 2589] [17.0] [cxt 0] Action NoAction
[15:47:18.293] [bmv2] [D] [thread 2589] [17.0] [cxt 0] Pipeline 'ingress': end
[15:47:18.293] [bmv2] [D] [thread 2589] [17.0] [cxt 0] Egress port is 0
[15:47:18.293] [bmv2] [D] [thread 2590] [17.0] [cxt 0] Pipeline 'egress': start
[15:47:18.293] [bmv2] [D] [thread 2590] [17.0] [cxt 0] Pipeline 'egress': end
[15:47:18.293] [bmv2] [D] [thread 2590] [17.0] [cxt 0] Deparser 'deparser': start
[15:47:18.293] [bmv2] [T] [thread 2590] [17.0] [cxt 0] Skipping checksum 'cksum' update because condition not met
[15:47:18.293] [bmv2] [D] [thread 2590] [17.0] [cxt 0] Deparser 'deparser': end
[15:47:18.293] [bmv2] [D] [thread 2594] [17.0] [cxt 0] Transmitting packet of size 223 out of port 0
[15:47:18.332] [bmv2] [D] [thread 2589] [18.0] [cxt 0] Processing packet received on port 2
[15:47:18.332] [bmv2] [D] [thread 2589] [18.0] [cxt 0] Parser 'parser': start
[15:47:18.332] [bmv2] [D] [thread 2589] [18.0] [cxt 0] Parser 'parser' entering state 'start'
[15:47:18.332] [bmv2] [D] [thread 2589] [18.0] [cxt 0] Parser state 'start' has no switch, going to default next state
[15:47:18.332] [bmv2] [T] [thread 2589] [18.0] [cxt 0] Bytes parsed: 0
[15:47:18.332] [bmv2] [D] [thread 2589] [18.0] [cxt 0] Parser 'parser': end
[15:47:18.332] [bmv2] [D] [thread 2589] [18.0] [cxt 0] Pipeline 'ingress': start
[15:47:18.332] [bmv2] [T] [thread 2589] [18.0] [cxt 0] Applying table 'MyIngress.ipv4_lpm'
[15:47:18.332] [bmv2] [D] [thread 2589] [18.0] [cxt 0] Looking up key:
* hdr.ipv4.dstAddr    : 00000000

[15:47:18.332] [bmv2] [D] [thread 2589] [18.0] [cxt 0] Table 'MyIngress.ipv4_lpm': miss
[15:47:18.332] [bmv2] [D] [thread 2589] [18.0] [cxt 0] Action entry is NoAction - 
[15:47:18.332] [bmv2] [T] [thread 2589] [18.0] [cxt 0] Action NoAction
[15:47:18.332] [bmv2] [D] [thread 2589] [18.0] [cxt 0] Pipeline 'ingress': end
[15:47:18.332] [bmv2] [D] [thread 2589] [18.0] [cxt 0] Egress port is 0
[15:47:18.332] [bmv2] [D] [thread 2590] [18.0] [cxt 0] Pipeline 'egress': start
[15:47:18.332] [bmv2] [D] [thread 2590] [18.0] [cxt 0] Pipeline 'egress': end
[15:47:18.332] [bmv2] [D] [thread 2590] [18.0] [cxt 0] Deparser 'deparser': start
[15:47:18.332] [bmv2] [T] [thread 2590] [18.0] [cxt 0] Skipping checksum 'cksum' update because condition not met
[15:47:18.332] [bmv2] [D] [thread 2590] [18.0] [cxt 0] Deparser 'deparser': end
[15:47:18.332] [bmv2] [D] [thread 2594] [18.0] [cxt 0] Transmitting packet of size 211 out of port 0
[15:47:18.368] [bmv2] [D] [thread 2589] [19.0] [cxt 0] Processing packet received on port 1
[15:47:18.368] [bmv2] [D] [thread 2589] [19.0] [cxt 0] Parser 'parser': start
[15:47:18.368] [bmv2] [D] [thread 2589] [19.0] [cxt 0] Parser 'parser' entering state 'start'
[15:47:18.368] [bmv2] [D] [thread 2589] [19.0] [cxt 0] Parser state 'start' has no switch, going to default next state
[15:47:18.368] [bmv2] [T] [thread 2589] [19.0] [cxt 0] Bytes parsed: 0
[15:47:18.368] [bmv2] [D] [thread 2589] [19.0] [cxt 0] Parser 'parser': end
[15:47:18.368] [bmv2] [D] [thread 2589] [19.0] [cxt 0] Pipeline 'ingress': start
[15:47:18.368] [bmv2] [T] [thread 2589] [19.0] [cxt 0] Applying table 'MyIngress.ipv4_lpm'
[15:47:18.368] [bmv2] [D] [thread 2589] [19.0] [cxt 0] Looking up key:
* hdr.ipv4.dstAddr    : 00000000

[15:47:18.368] [bmv2] [D] [thread 2589] [19.0] [cxt 0] Table 'MyIngress.ipv4_lpm': miss
[15:47:18.368] [bmv2] [D] [thread 2589] [19.0] [cxt 0] Action entry is NoAction - 
[15:47:18.368] [bmv2] [T] [thread 2589] [19.0] [cxt 0] Action NoAction
[15:47:18.368] [bmv2] [D] [thread 2589] [19.0] [cxt 0] Pipeline 'ingress': end
[15:47:18.368] [bmv2] [D] [thread 2589] [19.0] [cxt 0] Egress port is 0
[15:47:18.368] [bmv2] [D] [thread 2590] [19.0] [cxt 0] Pipeline 'egress': start
[15:47:18.368] [bmv2] [D] [thread 2590] [19.0] [cxt 0] Pipeline 'egress': end
[15:47:18.368] [bmv2] [D] [thread 2590] [19.0] [cxt 0] Deparser 'deparser': start
[15:47:18.368] [bmv2] [T] [thread 2590] [19.0] [cxt 0] Skipping checksum 'cksum' update because condition not met
[15:47:18.368] [bmv2] [D] [thread 2590] [19.0] [cxt 0] Deparser 'deparser': end
[15:47:18.368] [bmv2] [D] [thread 2594] [19.0] [cxt 0] Transmitting packet of size 203 out of port 0
[15:47:18.491] [bmv2] [D] [thread 2589] [20.0] [cxt 0] Processing packet received on port 2
[15:47:18.491] [bmv2] [D] [thread 2589] [20.0] [cxt 0] Parser 'parser': start
[15:47:18.491] [bmv2] [D] [thread 2589] [20.0] [cxt 0] Parser 'parser' entering state 'start'
[15:47:18.491] [bmv2] [D] [thread 2589] [20.0] [cxt 0] Parser state 'start' has no switch, going to default next state
[15:47:18.491] [bmv2] [T] [thread 2589] [20.0] [cxt 0] Bytes parsed: 0
[15:47:18.491] [bmv2] [D] [thread 2589] [20.0] [cxt 0] Parser 'parser': end
[15:47:18.491] [bmv2] [D] [thread 2589] [20.0] [cxt 0] Pipeline 'ingress': start
[15:47:18.491] [bmv2] [T] [thread 2589] [20.0] [cxt 0] Applying table 'MyIngress.ipv4_lpm'
[15:47:18.491] [bmv2] [D] [thread 2589] [20.0] [cxt 0] Looking up key:
* hdr.ipv4.dstAddr    : 00000000

[15:47:18.491] [bmv2] [D] [thread 2589] [20.0] [cxt 0] Table 'MyIngress.ipv4_lpm': miss
[15:47:18.491] [bmv2] [D] [thread 2589] [20.0] [cxt 0] Action entry is NoAction - 
[15:47:18.491] [bmv2] [T] [thread 2589] [20.0] [cxt 0] Action NoAction
[15:47:18.491] [bmv2] [D] [thread 2589] [20.0] [cxt 0] Pipeline 'ingress': end
[15:47:18.491] [bmv2] [D] [thread 2589] [20.0] [cxt 0] Egress port is 0
[15:47:18.491] [bmv2] [D] [thread 2590] [20.0] [cxt 0] Pipeline 'egress': start
[15:47:18.491] [bmv2] [D] [thread 2590] [20.0] [cxt 0] Pipeline 'egress': end
[15:47:18.491] [bmv2] [D] [thread 2590] [20.0] [cxt 0] Deparser 'deparser': start
[15:47:18.491] [bmv2] [T] [thread 2590] [20.0] [cxt 0] Skipping checksum 'cksum' update because condition not met
[15:47:18.491] [bmv2] [D] [thread 2590] [20.0] [cxt 0] Deparser 'deparser': end
[15:47:18.491] [bmv2] [D] [thread 2594] [20.0] [cxt 0] Transmitting packet of size 211 out of port 0
[15:47:18.498] [bmv2] [D] [thread 2589] [21.0] [cxt 0] Processing packet received on port 2
[15:47:18.498] [bmv2] [D] [thread 2589] [21.0] [cxt 0] Parser 'parser': start
[15:47:18.498] [bmv2] [D] [thread 2589] [21.0] [cxt 0] Parser 'parser' entering state 'start'
[15:47:18.498] [bmv2] [D] [thread 2589] [21.0] [cxt 0] Parser state 'start' has no switch, going to default next state
[15:47:18.498] [bmv2] [T] [thread 2589] [21.0] [cxt 0] Bytes parsed: 0
[15:47:18.498] [bmv2] [D] [thread 2589] [21.0] [cxt 0] Parser 'parser': end
[15:47:18.498] [bmv2] [D] [thread 2589] [21.0] [cxt 0] Pipeline 'ingress': start
[15:47:18.498] [bmv2] [T] [thread 2589] [21.0] [cxt 0] Applying table 'MyIngress.ipv4_lpm'
[15:47:18.498] [bmv2] [D] [thread 2589] [21.0] [cxt 0] Looking up key:
* hdr.ipv4.dstAddr    : 00000000

[15:47:18.498] [bmv2] [D] [thread 2589] [21.0] [cxt 0] Table 'MyIngress.ipv4_lpm': miss
[15:47:18.498] [bmv2] [D] [thread 2589] [21.0] [cxt 0] Action entry is NoAction - 
[15:47:18.498] [bmv2] [T] [thread 2589] [21.0] [cxt 0] Action NoAction
[15:47:18.498] [bmv2] [D] [thread 2589] [21.0] [cxt 0] Pipeline 'ingress': end
[15:47:18.498] [bmv2] [D] [thread 2589] [21.0] [cxt 0] Egress port is 0
[15:47:18.498] [bmv2] [D] [thread 2590] [21.0] [cxt 0] Pipeline 'egress': start
[15:47:18.498] [bmv2] [D] [thread 2590] [21.0] [cxt 0] Pipeline 'egress': end
[15:47:18.498] [bmv2] [D] [thread 2590] [21.0] [cxt 0] Deparser 'deparser': start
[15:47:18.498] [bmv2] [T] [thread 2590] [21.0] [cxt 0] Skipping checksum 'cksum' update because condition not met
[15:47:18.498] [bmv2] [D] [thread 2590] [21.0] [cxt 0] Deparser 'deparser': end
[15:47:18.498] [bmv2] [D] [thread 2594] [21.0] [cxt 0] Transmitting packet of size 203 out of port 0
[15:47:19.280] [bmv2] [W] [thread 2639] [P4Runtime] p4::tmp::P4DeviceConfig is deprecated
[15:47:19.282] [bmv2] [D] [thread 2639] Set default default entry for table 'MyIngress.ipv4_lpm': NoAction - 
[15:47:19.283] [bmv2] [D] [thread 2639] simple_switch target has been notified of a config swap
[15:47:19.284] [bmv2] [D] [thread 2640] Set default entry for table 'MyIngress.ipv4_lpm': MyIngress.drop - 
[15:47:19.285] [bmv2] [D] [thread 2639] Entry 0 added to table 'MyIngress.ipv4_lpm'
[15:47:19.285] [bmv2] [D] [thread 2639] Dumping entry 0
Match key:
* hdr.ipv4.dstAddr    : LPM       0a000101/32
Action entry: MyIngress.ipv4_forward - 80000000100,2,

[15:47:19.286] [bmv2] [D] [thread 2640] Entry 1 added to table 'MyIngress.ipv4_lpm'
[15:47:19.286] [bmv2] [D] [thread 2640] Dumping entry 1
Match key:
* hdr.ipv4.dstAddr    : LPM       0a000202/32
Action entry: MyIngress.ipv4_forward - 80000000100,2,

[15:47:19.286] [bmv2] [D] [thread 2639] Entry 2 added to table 'MyIngress.ipv4_lpm'
[15:47:19.286] [bmv2] [D] [thread 2639] Dumping entry 2
Match key:
* hdr.ipv4.dstAddr    : LPM       0a000303/32
Action entry: MyIngress.ipv4_forward - 80000000200,1,

[15:47:19.287] [bmv2] [D] [thread 2640] Entry 3 added to table 'MyIngress.ipv4_lpm'
[15:47:19.287] [bmv2] [D] [thread 2640] Dumping entry 3
Match key:
* hdr.ipv4.dstAddr    : LPM       0a000404/32
Action entry: MyIngress.ipv4_forward - 80000000200,1,

[15:47:19.389] [bmv2] [D] [thread 2589] [22.0] [cxt 0] Processing packet received on port 1
[15:47:19.389] [bmv2] [D] [thread 2589] [22.0] [cxt 0] Parser 'parser': start
[15:47:19.389] [bmv2] [D] [thread 2589] [22.0] [cxt 0] Parser 'parser' entering state 'start'
[15:47:19.389] [bmv2] [D] [thread 2589] [22.0] [cxt 0] Parser state 'start' has no switch, going to default next state
[15:47:19.389] [bmv2] [T] [thread 2589] [22.0] [cxt 0] Bytes parsed: 0
[15:47:19.389] [bmv2] [D] [thread 2589] [22.0] [cxt 0] Parser 'parser': end
[15:47:19.389] [bmv2] [D] [thread 2589] [22.0] [cxt 0] Pipeline 'ingress': start
[15:47:19.389] [bmv2] [T] [thread 2589] [22.0] [cxt 0] Applying table 'MyIngress.ipv4_lpm'
[15:47:19.389] [bmv2] [D] [thread 2589] [22.0] [cxt 0] Looking up key:
* hdr.ipv4.dstAddr    : 00000000

[15:47:19.389] [bmv2] [D] [thread 2589] [22.0] [cxt 0] Table 'MyIngress.ipv4_lpm': miss
[15:47:19.389] [bmv2] [D] [thread 2589] [22.0] [cxt 0] Action entry is MyIngress.drop - 
[15:47:19.389] [bmv2] [T] [thread 2589] [22.0] [cxt 0] Action MyIngress.drop
[15:47:19.389] [bmv2] [T] [thread 2589] [22.0] [cxt 0] basic.p4(78) Primitive mark_to_drop(standard_metadata)
[15:47:19.389] [bmv2] [D] [thread 2589] [22.0] [cxt 0] Pipeline 'ingress': end
[15:47:19.389] [bmv2] [D] [thread 2589] [22.0] [cxt 0] Egress port is 511
[15:47:19.389] [bmv2] [D] [thread 2589] [22.0] [cxt 0] Dropping packet at the end of ingress
[15:47:19.456] [bmv2] [D] [thread 2589] [23.0] [cxt 0] Processing packet received on port 1
[15:47:19.456] [bmv2] [D] [thread 2589] [23.0] [cxt 0] Parser 'parser': start
[15:47:19.456] [bmv2] [D] [thread 2589] [23.0] [cxt 0] Parser 'parser' entering state 'start'
[15:47:19.456] [bmv2] [D] [thread 2589] [23.0] [cxt 0] Parser state 'start' has no switch, going to default next state
[15:47:19.456] [bmv2] [T] [thread 2589] [23.0] [cxt 0] Bytes parsed: 0
[15:47:19.456] [bmv2] [D] [thread 2589] [23.0] [cxt 0] Parser 'parser': end
[15:47:19.456] [bmv2] [D] [thread 2589] [23.0] [cxt 0] Pipeline 'ingress': start
[15:47:19.456] [bmv2] [T] [thread 2589] [23.0] [cxt 0] Applying table 'MyIngress.ipv4_lpm'
[15:47:19.457] [bmv2] [D] [thread 2589] [23.0] [cxt 0] Looking up key:
* hdr.ipv4.dstAddr    : 00000000

[15:47:19.457] [bmv2] [D] [thread 2589] [23.0] [cxt 0] Table 'MyIngress.ipv4_lpm': miss
[15:47:19.457] [bmv2] [D] [thread 2589] [23.0] [cxt 0] Action entry is MyIngress.drop - 
[15:47:19.457] [bmv2] [T] [thread 2589] [23.0] [cxt 0] Action MyIngress.drop
[15:47:19.457] [bmv2] [T] [thread 2589] [23.0] [cxt 0] basic.p4(78) Primitive mark_to_drop(standard_metadata)
[15:47:19.457] [bmv2] [D] [thread 2589] [23.0] [cxt 0] Pipeline 'ingress': end
[15:47:19.457] [bmv2] [D] [thread 2589] [23.0] [cxt 0] Egress port is 511
[15:47:19.457] [bmv2] [D] [thread 2589] [23.0] [cxt 0] Dropping packet at the end of ingress
[15:47:19.516] [bmv2] [D] [thread 2589] [24.0] [cxt 0] Processing packet received on port 2
[15:47:19.516] [bmv2] [D] [thread 2589] [24.0] [cxt 0] Parser 'parser': start
[15:47:19.516] [bmv2] [D] [thread 2589] [24.0] [cxt 0] Parser 'parser' entering state 'start'
[15:47:19.516] [bmv2] [D] [thread 2589] [24.0] [cxt 0] Parser state 'start' has no switch, going to default next state
[15:47:19.516] [bmv2] [T] [thread 2589] [24.0] [cxt 0] Bytes parsed: 0
[15:47:19.516] [bmv2] [D] [thread 2589] [24.0] [cxt 0] Parser 'parser': end
[15:47:19.516] [bmv2] [D] [thread 2589] [24.0] [cxt 0] Pipeline 'ingress': start
[15:47:19.516] [bmv2] [T] [thread 2589] [24.0] [cxt 0] Applying table 'MyIngress.ipv4_lpm'
[15:47:19.516] [bmv2] [D] [thread 2589] [24.0] [cxt 0] Looking up key:
* hdr.ipv4.dstAddr    : 00000000

[15:47:19.516] [bmv2] [D] [thread 2589] [24.0] [cxt 0] Table 'MyIngress.ipv4_lpm': miss
[15:47:19.516] [bmv2] [D] [thread 2589] [24.0] [cxt 0] Action entry is MyIngress.drop - 
[15:47:19.516] [bmv2] [T] [thread 2589] [24.0] [cxt 0] Action MyIngress.drop
[15:47:19.516] [bmv2] [T] [thread 2589] [24.0] [cxt 0] basic.p4(78) Primitive mark_to_drop(standard_metadata)
[15:47:19.516] [bmv2] [D] [thread 2589] [24.0] [cxt 0] Pipeline 'ingress': end
[15:47:19.516] [bmv2] [D] [thread 2589] [24.0] [cxt 0] Egress port is 511
[15:47:19.516] [bmv2] [D] [thread 2589] [24.0] [cxt 0] Dropping packet at the end of ingress
[15:47:19.676] [bmv2] [D] [thread 2589] [25.0] [cxt 0] Processing packet received on port 2
[15:47:19.676] [bmv2] [D] [thread 2589] [25.0] [cxt 0] Parser 'parser': start
[15:47:19.676] [bmv2] [D] [thread 2589] [25.0] [cxt 0] Parser 'parser' entering state 'start'
[15:47:19.676] [bmv2] [D] [thread 2589] [25.0] [cxt 0] Parser state 'start' has no switch, going to default next state
[15:47:19.676] [bmv2] [T] [thread 2589] [25.0] [cxt 0] Bytes parsed: 0
[15:47:19.676] [bmv2] [D] [thread 2589] [25.0] [cxt 0] Parser 'parser': end
[15:47:19.676] [bmv2] [D] [thread 2589] [25.0] [cxt 0] Pipeline 'ingress': start
[15:47:19.676] [bmv2] [T] [thread 2589] [25.0] [cxt 0] Applying table 'MyIngress.ipv4_lpm'
[15:47:19.676] [bmv2] [D] [thread 2589] [25.0] [cxt 0] Looking up key:
* hdr.ipv4.dstAddr    : 00000000

[15:47:19.676] [bmv2] [D] [thread 2589] [25.0] [cxt 0] Table 'MyIngress.ipv4_lpm': miss
[15:47:19.676] [bmv2] [D] [thread 2589] [25.0] [cxt 0] Action entry is MyIngress.drop - 
[15:47:19.676] [bmv2] [T] [thread 2589] [25.0] [cxt 0] Action MyIngress.drop
[15:47:19.676] [bmv2] [T] [thread 2589] [25.0] [cxt 0] basic.p4(78) Primitive mark_to_drop(standard_metadata)
[15:47:19.676] [bmv2] [D] [thread 2589] [25.0] [cxt 0] Pipeline 'ingress': end
[15:47:19.676] [bmv2] [D] [thread 2589] [25.0] [cxt 0] Egress port is 511
[15:47:19.676] [bmv2] [D] [thread 2589] [25.0] [cxt 0] Dropping packet at the end of ingress
[15:47:20.372] [bmv2] [D] [thread 2589] [26.0] [cxt 0] Processing packet received on port 1
[15:47:20.372] [bmv2] [D] [thread 2589] [26.0] [cxt 0] Parser 'parser': start
[15:47:20.372] [bmv2] [D] [thread 2589] [26.0] [cxt 0] Parser 'parser' entering state 'start'
[15:47:20.372] [bmv2] [D] [thread 2589] [26.0] [cxt 0] Parser state 'start' has no switch, going to default next state
[15:47:20.372] [bmv2] [T] [thread 2589] [26.0] [cxt 0] Bytes parsed: 0
[15:47:20.372] [bmv2] [D] [thread 2589] [26.0] [cxt 0] Parser 'parser': end
[15:47:20.372] [bmv2] [D] [thread 2589] [26.0] [cxt 0] Pipeline 'ingress': start
[15:47:20.372] [bmv2] [T] [thread 2589] [26.0] [cxt 0] Applying table 'MyIngress.ipv4_lpm'
[15:47:20.372] [bmv2] [D] [thread 2589] [26.0] [cxt 0] Looking up key:
* hdr.ipv4.dstAddr    : 00000000

[15:47:20.372] [bmv2] [D] [thread 2589] [26.0] [cxt 0] Table 'MyIngress.ipv4_lpm': miss
[15:47:20.372] [bmv2] [D] [thread 2589] [26.0] [cxt 0] Action entry is MyIngress.drop - 
[15:47:20.372] [bmv2] [T] [thread 2589] [26.0] [cxt 0] Action MyIngress.drop
[15:47:20.372] [bmv2] [T] [thread 2589] [26.0] [cxt 0] basic.p4(78) Primitive mark_to_drop(standard_metadata)
[15:47:20.372] [bmv2] [D] [thread 2589] [26.0] [cxt 0] Pipeline 'ingress': end
[15:47:20.372] [bmv2] [D] [thread 2589] [26.0] [cxt 0] Egress port is 511
[15:47:20.372] [bmv2] [D] [thread 2589] [26.0] [cxt 0] Dropping packet at the end of ingress
[15:47:20.499] [bmv2] [D] [thread 2589] [27.0] [cxt 0] Processing packet received on port 2
[15:47:20.499] [bmv2] [D] [thread 2589] [27.0] [cxt 0] Parser 'parser': start
[15:47:20.499] [bmv2] [D] [thread 2589] [27.0] [cxt 0] Parser 'parser' entering state 'start'
[15:47:20.499] [bmv2] [D] [thread 2589] [27.0] [cxt 0] Parser state 'start' has no switch, going to default next state
[15:47:20.499] [bmv2] [T] [thread 2589] [27.0] [cxt 0] Bytes parsed: 0
[15:47:20.499] [bmv2] [D] [thread 2589] [27.0] [cxt 0] Parser 'parser': end
[15:47:20.499] [bmv2] [D] [thread 2589] [27.0] [cxt 0] Pipeline 'ingress': start
[15:47:20.499] [bmv2] [T] [thread 2589] [27.0] [cxt 0] Applying table 'MyIngress.ipv4_lpm'
[15:47:20.499] [bmv2] [D] [thread 2589] [27.0] [cxt 0] Looking up key:
* hdr.ipv4.dstAddr    : 00000000

[15:47:20.499] [bmv2] [D] [thread 2589] [27.0] [cxt 0] Table 'MyIngress.ipv4_lpm': miss
[15:47:20.499] [bmv2] [D] [thread 2589] [27.0] [cxt 0] Action entry is MyIngress.drop - 
[15:47:20.499] [bmv2] [T] [thread 2589] [27.0] [cxt 0] Action MyIngress.drop
[15:47:20.499] [bmv2] [T] [thread 2589] [27.0] [cxt 0] basic.p4(78) Primitive mark_to_drop(standard_metadata)
[15:47:20.499] [bmv2] [D] [thread 2589] [27.0] [cxt 0] Pipeline 'ingress': end
[15:47:20.499] [bmv2] [D] [thread 2589] [27.0] [cxt 0] Egress port is 511
[15:47:20.499] [bmv2] [D] [thread 2589] [27.0] [cxt 0] Dropping packet at the end of ingress
[15:47:21.166] [bmv2] [D] [thread 2589] [28.0] [cxt 0] Processing packet received on port 2
[15:47:21.166] [bmv2] [D] [thread 2589] [28.0] [cxt 0] Parser 'parser': start
[15:47:21.166] [bmv2] [D] [thread 2589] [28.0] [cxt 0] Parser 'parser' entering state 'start'
[15:47:21.166] [bmv2] [D] [thread 2589] [28.0] [cxt 0] Parser state 'start' has no switch, going to default next state
[15:47:21.166] [bmv2] [T] [thread 2589] [28.0] [cxt 0] Bytes parsed: 0
[15:47:21.166] [bmv2] [D] [thread 2589] [28.0] [cxt 0] Parser 'parser': end
[15:47:21.166] [bmv2] [D] [thread 2589] [28.0] [cxt 0] Pipeline 'ingress': start
[15:47:21.166] [bmv2] [T] [thread 2589] [28.0] [cxt 0] Applying table 'MyIngress.ipv4_lpm'
[15:47:21.166] [bmv2] [D] [thread 2589] [28.0] [cxt 0] Looking up key:
* hdr.ipv4.dstAddr    : 00000000

[15:47:21.167] [bmv2] [D] [thread 2589] [28.0] [cxt 0] Table 'MyIngress.ipv4_lpm': miss
[15:47:21.167] [bmv2] [D] [thread 2589] [28.0] [cxt 0] Action entry is MyIngress.drop - 
[15:47:21.167] [bmv2] [T] [thread 2589] [28.0] [cxt 0] Action MyIngress.drop
[15:47:21.167] [bmv2] [T] [thread 2589] [28.0] [cxt 0] basic.p4(78) Primitive mark_to_drop(standard_metadata)
[15:47:21.167] [bmv2] [D] [thread 2589] [28.0] [cxt 0] Pipeline 'ingress': end
[15:47:21.167] [bmv2] [D] [thread 2589] [28.0] [cxt 0] Egress port is 511
[15:47:21.167] [bmv2] [D] [thread 2589] [28.0] [cxt 0] Dropping packet at the end of ingress
[15:47:21.422] [bmv2] [D] [thread 2589] [29.0] [cxt 0] Processing packet received on port 2
[15:47:21.422] [bmv2] [D] [thread 2589] [29.0] [cxt 0] Parser 'parser': start
[15:47:21.422] [bmv2] [D] [thread 2589] [29.0] [cxt 0] Parser 'parser' entering state 'start'
[15:47:21.422] [bmv2] [D] [thread 2589] [29.0] [cxt 0] Parser state 'start' has no switch, going to default next state
[15:47:21.422] [bmv2] [T] [thread 2589] [29.0] [cxt 0] Bytes parsed: 0
[15:47:21.422] [bmv2] [D] [thread 2589] [29.0] [cxt 0] Parser 'parser': end
[15:47:21.422] [bmv2] [D] [thread 2589] [29.0] [cxt 0] Pipeline 'ingress': start
[15:47:21.422] [bmv2] [T] [thread 2589] [29.0] [cxt 0] Applying table 'MyIngress.ipv4_lpm'
[15:47:21.422] [bmv2] [D] [thread 2589] [29.0] [cxt 0] Looking up key:
* hdr.ipv4.dstAddr    : 00000000

[15:47:21.422] [bmv2] [D] [thread 2589] [29.0] [cxt 0] Table 'MyIngress.ipv4_lpm': miss
[15:47:21.422] [bmv2] [D] [thread 2589] [29.0] [cxt 0] Action entry is MyIngress.drop - 
[15:47:21.422] [bmv2] [T] [thread 2589] [29.0] [cxt 0] Action MyIngress.drop
[15:47:21.422] [bmv2] [T] [thread 2589] [29.0] [cxt 0] basic.p4(78) Primitive mark_to_drop(standard_metadata)
[15:47:21.422] [bmv2] [D] [thread 2589] [29.0] [cxt 0] Pipeline 'ingress': end
[15:47:21.422] [bmv2] [D] [thread 2589] [29.0] [cxt 0] Egress port is 511
[15:47:21.423] [bmv2] [D] [thread 2589] [29.0] [cxt 0] Dropping packet at the end of ingress
[15:47:21.573] [bmv2] [D] [thread 2589] [30.0] [cxt 0] Processing packet received on port 1
[15:47:21.573] [bmv2] [D] [thread 2589] [30.0] [cxt 0] Parser 'parser': start
[15:47:21.573] [bmv2] [D] [thread 2589] [30.0] [cxt 0] Parser 'parser' entering state 'start'
[15:47:21.573] [bmv2] [D] [thread 2589] [30.0] [cxt 0] Parser state 'start' has no switch, going to default next state
[15:47:21.573] [bmv2] [T] [thread 2589] [30.0] [cxt 0] Bytes parsed: 0
[15:47:21.573] [bmv2] [D] [thread 2589] [30.0] [cxt 0] Parser 'parser': end
[15:47:21.573] [bmv2] [D] [thread 2589] [30.0] [cxt 0] Pipeline 'ingress': start
[15:47:21.573] [bmv2] [T] [thread 2589] [30.0] [cxt 0] Applying table 'MyIngress.ipv4_lpm'
[15:47:21.573] [bmv2] [D] [thread 2589] [30.0] [cxt 0] Looking up key:
* hdr.ipv4.dstAddr    : 00000000

[15:47:21.573] [bmv2] [D] [thread 2589] [30.0] [cxt 0] Table 'MyIngress.ipv4_lpm': miss
[15:47:21.573] [bmv2] [D] [thread 2589] [30.0] [cxt 0] Action entry is MyIngress.drop - 
[15:47:21.573] [bmv2] [T] [thread 2589] [30.0] [cxt 0] Action MyIngress.drop
[15:47:21.573] [bmv2] [T] [thread 2589] [30.0] [cxt 0] basic.p4(78) Primitive mark_to_drop(standard_metadata)
[15:47:21.573] [bmv2] [D] [thread 2589] [30.0] [cxt 0] Pipeline 'ingress': end
[15:47:21.573] [bmv2] [D] [thread 2589] [30.0] [cxt 0] Egress port is 511
[15:47:21.573] [bmv2] [D] [thread 2589] [30.0] [cxt 0] Dropping packet at the end of ingress
[15:47:21.640] [bmv2] [D] [thread 2589] [31.0] [cxt 0] Processing packet received on port 1
[15:47:21.640] [bmv2] [D] [thread 2589] [31.0] [cxt 0] Parser 'parser': start
[15:47:21.640] [bmv2] [D] [thread 2589] [31.0] [cxt 0] Parser 'parser' entering state 'start'
[15:47:21.640] [bmv2] [D] [thread 2589] [31.0] [cxt 0] Parser state 'start' has no switch, going to default next state
[15:47:21.640] [bmv2] [T] [thread 2589] [31.0] [cxt 0] Bytes parsed: 0
[15:47:21.640] [bmv2] [D] [thread 2589] [31.0] [cxt 0] Parser 'parser': end
[15:47:21.640] [bmv2] [D] [thread 2589] [31.0] [cxt 0] Pipeline 'ingress': start
[15:47:21.640] [bmv2] [T] [thread 2589] [31.0] [cxt 0] Applying table 'MyIngress.ipv4_lpm'
[15:47:21.640] [bmv2] [D] [thread 2589] [31.0] [cxt 0] Looking up key:
* hdr.ipv4.dstAddr    : 00000000

[15:47:21.640] [bmv2] [D] [thread 2589] [31.0] [cxt 0] Table 'MyIngress.ipv4_lpm': miss
[15:47:21.640] [bmv2] [D] [thread 2589] [31.0] [cxt 0] Action entry is MyIngress.drop - 
[15:47:21.640] [bmv2] [T] [thread 2589] [31.0] [cxt 0] Action MyIngress.drop
[15:47:21.640] [bmv2] [T] [thread 2589] [31.0] [cxt 0] basic.p4(78) Primitive mark_to_drop(standard_metadata)
[15:47:21.640] [bmv2] [D] [thread 2589] [31.0] [cxt 0] Pipeline 'ingress': end
[15:47:21.640] [bmv2] [D] [thread 2589] [31.0] [cxt 0] Egress port is 511
[15:47:21.640] [bmv2] [D] [thread 2589] [31.0] [cxt 0] Dropping packet at the end of ingress
[15:47:21.679] [bmv2] [D] [thread 2589] [32.0] [cxt 0] Processing packet received on port 1
[15:47:21.679] [bmv2] [D] [thread 2589] [32.0] [cxt 0] Parser 'parser': start
[15:47:21.679] [bmv2] [D] [thread 2589] [32.0] [cxt 0] Parser 'parser' entering state 'start'
[15:47:21.679] [bmv2] [D] [thread 2589] [32.0] [cxt 0] Parser state 'start' has no switch, going to default next state
[15:47:21.679] [bmv2] [T] [thread 2589] [32.0] [cxt 0] Bytes parsed: 0
[15:47:21.679] [bmv2] [D] [thread 2589] [32.0] [cxt 0] Parser 'parser': end
[15:47:21.679] [bmv2] [D] [thread 2589] [32.0] [cxt 0] Pipeline 'ingress': start
[15:47:21.679] [bmv2] [T] [thread 2589] [32.0] [cxt 0] Applying table 'MyIngress.ipv4_lpm'
[15:47:21.679] [bmv2] [D] [thread 2589] [32.0] [cxt 0] Looking up key:
* hdr.ipv4.dstAddr    : 00000000

[15:47:21.679] [bmv2] [D] [thread 2589] [32.0] [cxt 0] Table 'MyIngress.ipv4_lpm': miss
[15:47:21.679] [bmv2] [D] [thread 2589] [32.0] [cxt 0] Action entry is MyIngress.drop - 
[15:47:21.679] [bmv2] [T] [thread 2589] [32.0] [cxt 0] Action MyIngress.drop
[15:47:21.679] [bmv2] [T] [thread 2589] [32.0] [cxt 0] basic.p4(78) Primitive mark_to_drop(standard_metadata)
[15:47:21.679] [bmv2] [D] [thread 2589] [32.0] [cxt 0] Pipeline 'ingress': end
[15:47:21.679] [bmv2] [D] [thread 2589] [32.0] [cxt 0] Egress port is 511
[15:47:21.679] [bmv2] [D] [thread 2589] [32.0] [cxt 0] Dropping packet at the end of ingress
[15:47:21.679] [bmv2] [D] [thread 2589] [33.0] [cxt 0] Processing packet received on port 1
[15:47:21.679] [bmv2] [D] [thread 2589] [33.0] [cxt 0] Parser 'parser': start
[15:47:21.679] [bmv2] [D] [thread 2589] [33.0] [cxt 0] Parser 'parser' entering state 'start'
[15:47:21.679] [bmv2] [D] [thread 2589] [33.0] [cxt 0] Parser state 'start' has no switch, going to default next state
[15:47:21.679] [bmv2] [T] [thread 2589] [33.0] [cxt 0] Bytes parsed: 0
[15:47:21.679] [bmv2] [D] [thread 2589] [33.0] [cxt 0] Parser 'parser': end
[15:47:21.679] [bmv2] [D] [thread 2589] [33.0] [cxt 0] Pipeline 'ingress': start
[15:47:21.679] [bmv2] [T] [thread 2589] [33.0] [cxt 0] Applying table 'MyIngress.ipv4_lpm'
[15:47:21.679] [bmv2] [D] [thread 2589] [33.0] [cxt 0] Looking up key:
* hdr.ipv4.dstAddr    : 00000000

[15:47:21.679] [bmv2] [D] [thread 2589] [33.0] [cxt 0] Table 'MyIngress.ipv4_lpm': miss
[15:47:21.679] [bmv2] [D] [thread 2589] [33.0] [cxt 0] Action entry is MyIngress.drop - 
[15:47:21.679] [bmv2] [T] [thread 2589] [33.0] [cxt 0] Action MyIngress.drop
[15:47:21.679] [bmv2] [T] [thread 2589] [33.0] [cxt 0] basic.p4(78) Primitive mark_to_drop(standard_metadata)
[15:47:21.679] [bmv2] [D] [thread 2589] [33.0] [cxt 0] Pipeline 'ingress': end
[15:47:21.679] [bmv2] [D] [thread 2589] [33.0] [cxt 0] Egress port is 511
[15:47:21.679] [bmv2] [D] [thread 2589] [33.0] [cxt 0] Dropping packet at the end of ingress
[15:47:21.701] [bmv2] [D] [thread 2589] [34.0] [cxt 0] Processing packet received on port 2
[15:47:21.701] [bmv2] [D] [thread 2589] [34.0] [cxt 0] Parser 'parser': start
[15:47:21.701] [bmv2] [D] [thread 2589] [34.0] [cxt 0] Parser 'parser' entering state 'start'
[15:47:21.701] [bmv2] [D] [thread 2589] [34.0] [cxt 0] Parser state 'start' has no switch, going to default next state
[15:47:21.701] [bmv2] [T] [thread 2589] [34.0] [cxt 0] Bytes parsed: 0
[15:47:21.701] [bmv2] [D] [thread 2589] [34.0] [cxt 0] Parser 'parser': end
[15:47:21.701] [bmv2] [D] [thread 2589] [34.0] [cxt 0] Pipeline 'ingress': start
[15:47:21.701] [bmv2] [T] [thread 2589] [34.0] [cxt 0] Applying table 'MyIngress.ipv4_lpm'
[15:47:21.701] [bmv2] [D] [thread 2589] [34.0] [cxt 0] Looking up key:
* hdr.ipv4.dstAddr    : 00000000

[15:47:21.701] [bmv2] [D] [thread 2589] [34.0] [cxt 0] Table 'MyIngress.ipv4_lpm': miss
[15:47:21.702] [bmv2] [D] [thread 2589] [34.0] [cxt 0] Action entry is MyIngress.drop - 
[15:47:21.702] [bmv2] [T] [thread 2589] [34.0] [cxt 0] Action MyIngress.drop
[15:47:21.702] [bmv2] [T] [thread 2589] [34.0] [cxt 0] basic.p4(78) Primitive mark_to_drop(standard_metadata)
[15:47:21.702] [bmv2] [D] [thread 2589] [34.0] [cxt 0] Pipeline 'ingress': end
[15:47:21.702] [bmv2] [D] [thread 2589] [34.0] [cxt 0] Egress port is 511
[15:47:21.702] [bmv2] [D] [thread 2589] [34.0] [cxt 0] Dropping packet at the end of ingress
[15:47:21.860] [bmv2] [D] [thread 2589] [35.0] [cxt 0] Processing packet received on port 2
[15:47:21.860] [bmv2] [D] [thread 2589] [35.0] [cxt 0] Parser 'parser': start
[15:47:21.860] [bmv2] [D] [thread 2589] [35.0] [cxt 0] Parser 'parser' entering state 'start'
[15:47:21.860] [bmv2] [D] [thread 2589] [35.0] [cxt 0] Parser state 'start' has no switch, going to default next state
[15:47:21.860] [bmv2] [T] [thread 2589] [35.0] [cxt 0] Bytes parsed: 0
[15:47:21.860] [bmv2] [D] [thread 2589] [35.0] [cxt 0] Parser 'parser': end
[15:47:21.860] [bmv2] [D] [thread 2589] [35.0] [cxt 0] Pipeline 'ingress': start
[15:47:21.860] [bmv2] [T] [thread 2589] [35.0] [cxt 0] Applying table 'MyIngress.ipv4_lpm'
[15:47:21.860] [bmv2] [D] [thread 2589] [35.0] [cxt 0] Looking up key:
* hdr.ipv4.dstAddr    : 00000000

[15:47:21.860] [bmv2] [D] [thread 2589] [35.0] [cxt 0] Table 'MyIngress.ipv4_lpm': miss
[15:47:21.860] [bmv2] [D] [thread 2589] [35.0] [cxt 0] Action entry is MyIngress.drop - 
[15:47:21.860] [bmv2] [T] [thread 2589] [35.0] [cxt 0] Action MyIngress.drop
[15:47:21.860] [bmv2] [T] [thread 2589] [35.0] [cxt 0] basic.p4(78) Primitive mark_to_drop(standard_metadata)
[15:47:21.860] [bmv2] [D] [thread 2589] [35.0] [cxt 0] Pipeline 'ingress': end
[15:47:21.860] [bmv2] [D] [thread 2589] [35.0] [cxt 0] Egress port is 511
[15:47:21.860] [bmv2] [D] [thread 2589] [35.0] [cxt 0] Dropping packet at the end of ingress
[15:47:24.370] [bmv2] [D] [thread 2589] [36.0] [cxt 0] Processing packet received on port 1
[15:47:24.370] [bmv2] [D] [thread 2589] [36.0] [cxt 0] Parser 'parser': start
[15:47:24.370] [bmv2] [D] [thread 2589] [36.0] [cxt 0] Parser 'parser' entering state 'start'
[15:47:24.370] [bmv2] [D] [thread 2589] [36.0] [cxt 0] Parser state 'start' has no switch, going to default next state
[15:47:24.370] [bmv2] [T] [thread 2589] [36.0] [cxt 0] Bytes parsed: 0
[15:47:24.370] [bmv2] [D] [thread 2589] [36.0] [cxt 0] Parser 'parser': end
[15:47:24.370] [bmv2] [D] [thread 2589] [36.0] [cxt 0] Pipeline 'ingress': start
[15:47:24.370] [bmv2] [T] [thread 2589] [36.0] [cxt 0] Applying table 'MyIngress.ipv4_lpm'
[15:47:24.370] [bmv2] [D] [thread 2589] [36.0] [cxt 0] Looking up key:
* hdr.ipv4.dstAddr    : 00000000

[15:47:24.370] [bmv2] [D] [thread 2589] [36.0] [cxt 0] Table 'MyIngress.ipv4_lpm': miss
[15:47:24.370] [bmv2] [D] [thread 2589] [36.0] [cxt 0] Action entry is MyIngress.drop - 
[15:47:24.370] [bmv2] [T] [thread 2589] [36.0] [cxt 0] Action MyIngress.drop
[15:47:24.370] [bmv2] [T] [thread 2589] [36.0] [cxt 0] basic.p4(78) Primitive mark_to_drop(standard_metadata)
[15:47:24.370] [bmv2] [D] [thread 2589] [36.0] [cxt 0] Pipeline 'ingress': end
[15:47:24.370] [bmv2] [D] [thread 2589] [36.0] [cxt 0] Egress port is 511
[15:47:24.370] [bmv2] [D] [thread 2589] [36.0] [cxt 0] Dropping packet at the end of ingress
[15:47:24.500] [bmv2] [D] [thread 2589] [37.0] [cxt 0] Processing packet received on port 2
[15:47:24.500] [bmv2] [D] [thread 2589] [37.0] [cxt 0] Parser 'parser': start
[15:47:24.500] [bmv2] [D] [thread 2589] [37.0] [cxt 0] Parser 'parser' entering state 'start'
[15:47:24.500] [bmv2] [D] [thread 2589] [37.0] [cxt 0] Parser state 'start' has no switch, going to default next state
[15:47:24.500] [bmv2] [T] [thread 2589] [37.0] [cxt 0] Bytes parsed: 0
[15:47:24.500] [bmv2] [D] [thread 2589] [37.0] [cxt 0] Parser 'parser': end
[15:47:24.500] [bmv2] [D] [thread 2589] [37.0] [cxt 0] Pipeline 'ingress': start
[15:47:24.500] [bmv2] [T] [thread 2589] [37.0] [cxt 0] Applying table 'MyIngress.ipv4_lpm'
[15:47:24.500] [bmv2] [D] [thread 2589] [37.0] [cxt 0] Looking up key:
* hdr.ipv4.dstAddr    : 00000000

[15:47:24.500] [bmv2] [D] [thread 2589] [37.0] [cxt 0] Table 'MyIngress.ipv4_lpm': miss
[15:47:24.500] [bmv2] [D] [thread 2589] [37.0] [cxt 0] Action entry is MyIngress.drop - 
[15:47:24.500] [bmv2] [T] [thread 2589] [37.0] [cxt 0] Action MyIngress.drop
[15:47:24.500] [bmv2] [T] [thread 2589] [37.0] [cxt 0] basic.p4(78) Primitive mark_to_drop(standard_metadata)
[15:47:24.500] [bmv2] [D] [thread 2589] [37.0] [cxt 0] Pipeline 'ingress': end
[15:47:24.500] [bmv2] [D] [thread 2589] [37.0] [cxt 0] Egress port is 511
[15:47:24.500] [bmv2] [D] [thread 2589] [37.0] [cxt 0] Dropping packet at the end of ingress
[15:47:28.847] [bmv2] [D] [thread 2589] [38.0] [cxt 0] Processing packet received on port 2
[15:47:28.847] [bmv2] [D] [thread 2589] [38.0] [cxt 0] Parser 'parser': start
[15:47:28.847] [bmv2] [D] [thread 2589] [38.0] [cxt 0] Parser 'parser' entering state 'start'
[15:47:28.847] [bmv2] [D] [thread 2589] [38.0] [cxt 0] Parser state 'start' has no switch, going to default next state
[15:47:28.847] [bmv2] [T] [thread 2589] [38.0] [cxt 0] Bytes parsed: 0
[15:47:28.847] [bmv2] [D] [thread 2589] [38.0] [cxt 0] Parser 'parser': end
[15:47:28.847] [bmv2] [D] [thread 2589] [38.0] [cxt 0] Pipeline 'ingress': start
[15:47:28.847] [bmv2] [T] [thread 2589] [38.0] [cxt 0] Applying table 'MyIngress.ipv4_lpm'
[15:47:28.847] [bmv2] [D] [thread 2589] [38.0] [cxt 0] Looking up key:
* hdr.ipv4.dstAddr    : 00000000

[15:47:28.847] [bmv2] [D] [thread 2589] [38.0] [cxt 0] Table 'MyIngress.ipv4_lpm': miss
[15:47:28.847] [bmv2] [D] [thread 2589] [38.0] [cxt 0] Action entry is MyIngress.drop - 
[15:47:28.847] [bmv2] [T] [thread 2589] [38.0] [cxt 0] Action MyIngress.drop
[15:47:28.847] [bmv2] [T] [thread 2589] [38.0] [cxt 0] basic.p4(78) Primitive mark_to_drop(standard_metadata)
[15:47:28.847] [bmv2] [D] [thread 2589] [38.0] [cxt 0] Pipeline 'ingress': end
[15:47:28.847] [bmv2] [D] [thread 2589] [38.0] [cxt 0] Egress port is 511
[15:47:28.847] [bmv2] [D] [thread 2589] [38.0] [cxt 0] Dropping packet at the end of ingress
[15:47:29.102] [bmv2] [D] [thread 2589] [39.0] [cxt 0] Processing packet received on port 2
[15:47:29.102] [bmv2] [D] [thread 2589] [39.0] [cxt 0] Parser 'parser': start
[15:47:29.102] [bmv2] [D] [thread 2589] [39.0] [cxt 0] Parser 'parser' entering state 'start'
[15:47:29.102] [bmv2] [D] [thread 2589] [39.0] [cxt 0] Parser state 'start' has no switch, going to default next state
[15:47:29.102] [bmv2] [T] [thread 2589] [39.0] [cxt 0] Bytes parsed: 0
[15:47:29.102] [bmv2] [D] [thread 2589] [39.0] [cxt 0] Parser 'parser': end
[15:47:29.102] [bmv2] [D] [thread 2589] [39.0] [cxt 0] Pipeline 'ingress': start
[15:47:29.102] [bmv2] [T] [thread 2589] [39.0] [cxt 0] Applying table 'MyIngress.ipv4_lpm'
[15:47:29.103] [bmv2] [D] [thread 2589] [39.0] [cxt 0] Looking up key:
* hdr.ipv4.dstAddr    : 00000000

[15:47:29.103] [bmv2] [D] [thread 2589] [39.0] [cxt 0] Table 'MyIngress.ipv4_lpm': miss
[15:47:29.103] [bmv2] [D] [thread 2589] [39.0] [cxt 0] Action entry is MyIngress.drop - 
[15:47:29.103] [bmv2] [T] [thread 2589] [39.0] [cxt 0] Action MyIngress.drop
[15:47:29.103] [bmv2] [T] [thread 2589] [39.0] [cxt 0] basic.p4(78) Primitive mark_to_drop(standard_metadata)
[15:47:29.103] [bmv2] [D] [thread 2589] [39.0] [cxt 0] Pipeline 'ingress': end
[15:47:29.103] [bmv2] [D] [thread 2589] [39.0] [cxt 0] Egress port is 511
[15:47:29.103] [bmv2] [D] [thread 2589] [39.0] [cxt 0] Dropping packet at the end of ingress
[15:47:29.615] [bmv2] [D] [thread 2589] [40.0] [cxt 0] Processing packet received on port 1
[15:47:29.615] [bmv2] [D] [thread 2589] [40.0] [cxt 0] Parser 'parser': start
[15:47:29.615] [bmv2] [D] [thread 2589] [40.0] [cxt 0] Parser 'parser' entering state 'start'
[15:47:29.615] [bmv2] [D] [thread 2589] [40.0] [cxt 0] Parser state 'start' has no switch, going to default next state
[15:47:29.615] [bmv2] [T] [thread 2589] [40.0] [cxt 0] Bytes parsed: 0
[15:47:29.615] [bmv2] [D] [thread 2589] [40.0] [cxt 0] Parser 'parser': end
[15:47:29.615] [bmv2] [D] [thread 2589] [40.0] [cxt 0] Pipeline 'ingress': start
[15:47:29.615] [bmv2] [T] [thread 2589] [40.0] [cxt 0] Applying table 'MyIngress.ipv4_lpm'
[15:47:29.615] [bmv2] [D] [thread 2589] [40.0] [cxt 0] Looking up key:
* hdr.ipv4.dstAddr    : 00000000

[15:47:29.615] [bmv2] [D] [thread 2589] [40.0] [cxt 0] Table 'MyIngress.ipv4_lpm': miss
[15:47:29.615] [bmv2] [D] [thread 2589] [40.0] [cxt 0] Action entry is MyIngress.drop - 
[15:47:29.615] [bmv2] [T] [thread 2589] [40.0] [cxt 0] Action MyIngress.drop
[15:47:29.615] [bmv2] [T] [thread 2589] [40.0] [cxt 0] basic.p4(78) Primitive mark_to_drop(standard_metadata)
[15:47:29.615] [bmv2] [D] [thread 2589] [40.0] [cxt 0] Pipeline 'ingress': end
[15:47:29.615] [bmv2] [D] [thread 2589] [40.0] [cxt 0] Egress port is 511
[15:47:29.615] [bmv2] [D] [thread 2589] [40.0] [cxt 0] Dropping packet at the end of ingress
[15:47:30.639] [bmv2] [D] [thread 2589] [41.0] [cxt 0] Processing packet received on port 1
[15:47:30.639] [bmv2] [D] [thread 2589] [41.0] [cxt 0] Parser 'parser': start
[15:47:30.639] [bmv2] [D] [thread 2589] [41.0] [cxt 0] Parser 'parser' entering state 'start'
[15:47:30.639] [bmv2] [D] [thread 2589] [41.0] [cxt 0] Parser state 'start' has no switch, going to default next state
[15:47:30.639] [bmv2] [T] [thread 2589] [41.0] [cxt 0] Bytes parsed: 0
[15:47:30.639] [bmv2] [D] [thread 2589] [41.0] [cxt 0] Parser 'parser': end
[15:47:30.639] [bmv2] [D] [thread 2589] [41.0] [cxt 0] Pipeline 'ingress': start
[15:47:30.639] [bmv2] [T] [thread 2589] [41.0] [cxt 0] Applying table 'MyIngress.ipv4_lpm'
[15:47:30.639] [bmv2] [D] [thread 2589] [41.0] [cxt 0] Looking up key:
* hdr.ipv4.dstAddr    : 00000000

[15:47:30.639] [bmv2] [D] [thread 2589] [41.0] [cxt 0] Table 'MyIngress.ipv4_lpm': miss
[15:47:30.639] [bmv2] [D] [thread 2589] [41.0] [cxt 0] Action entry is MyIngress.drop - 
[15:47:30.639] [bmv2] [T] [thread 2589] [41.0] [cxt 0] Action MyIngress.drop
[15:47:30.639] [bmv2] [T] [thread 2589] [41.0] [cxt 0] basic.p4(78) Primitive mark_to_drop(standard_metadata)
[15:47:30.639] [bmv2] [D] [thread 2589] [41.0] [cxt 0] Pipeline 'ingress': end
[15:47:30.639] [bmv2] [D] [thread 2589] [41.0] [cxt 0] Egress port is 511
[15:47:30.639] [bmv2] [D] [thread 2589] [41.0] [cxt 0] Dropping packet at the end of ingress
[15:47:32.371] [bmv2] [D] [thread 2589] [42.0] [cxt 0] Processing packet received on port 1
[15:47:32.371] [bmv2] [D] [thread 2589] [42.0] [cxt 0] Parser 'parser': start
[15:47:32.371] [bmv2] [D] [thread 2589] [42.0] [cxt 0] Parser 'parser' entering state 'start'
[15:47:32.371] [bmv2] [D] [thread 2589] [42.0] [cxt 0] Parser state 'start' has no switch, going to default next state
[15:47:32.371] [bmv2] [T] [thread 2589] [42.0] [cxt 0] Bytes parsed: 0
[15:47:32.371] [bmv2] [D] [thread 2589] [42.0] [cxt 0] Parser 'parser': end
[15:47:32.371] [bmv2] [D] [thread 2589] [42.0] [cxt 0] Pipeline 'ingress': start
[15:47:32.371] [bmv2] [T] [thread 2589] [42.0] [cxt 0] Applying table 'MyIngress.ipv4_lpm'
[15:47:32.371] [bmv2] [D] [thread 2589] [42.0] [cxt 0] Looking up key:
* hdr.ipv4.dstAddr    : 00000000

[15:47:32.371] [bmv2] [D] [thread 2589] [42.0] [cxt 0] Table 'MyIngress.ipv4_lpm': miss
[15:47:32.371] [bmv2] [D] [thread 2589] [42.0] [cxt 0] Action entry is MyIngress.drop - 
[15:47:32.371] [bmv2] [T] [thread 2589] [42.0] [cxt 0] Action MyIngress.drop
[15:47:32.371] [bmv2] [T] [thread 2589] [42.0] [cxt 0] basic.p4(78) Primitive mark_to_drop(standard_metadata)
[15:47:32.371] [bmv2] [D] [thread 2589] [42.0] [cxt 0] Pipeline 'ingress': end
[15:47:32.371] [bmv2] [D] [thread 2589] [42.0] [cxt 0] Egress port is 511
[15:47:32.371] [bmv2] [D] [thread 2589] [42.0] [cxt 0] Dropping packet at the end of ingress
open: No such file or directory
